[1.637s] Invoking command in '/home/winter24/gcamp_ros2_ws/build/ball_tracker': PYTHONPATH=/home/winter24/gcamp_ros2_ws/build/ball_tracker/prefix_override:/home/winter24/gcamp_ros2_ws/install/ball_tracker/lib/python3.8/site-packages:${PYTHONPATH} /usr/bin/python3 setup.py develop --editable --build-directory /home/winter24/gcamp_ros2_ws/build/ball_tracker/build --no-deps install_data
[1.789s] running develop
[1.875s] running egg_info
[1.875s] writing ball_tracker.egg-info/PKG-INFO
[1.875s] writing dependency_links to ball_tracker.egg-info/dependency_links.txt
[1.875s] writing entry points to ball_tracker.egg-info/entry_points.txt
[1.875s] writing requirements to ball_tracker.egg-info/requires.txt
[1.875s] writing top-level names to ball_tracker.egg-info/top_level.txt
[1.899s] reading manifest file 'ball_tracker.egg-info/SOURCES.txt'
[1.900s] writing manifest file 'ball_tracker.egg-info/SOURCES.txt'
[1.925s] running build_ext
[1.925s] Creating /home/winter24/gcamp_ros2_ws/install/ball_tracker/lib/python3.8/site-packages/site.py
[1.926s] Creating /home/winter24/gcamp_ros2_ws/install/ball_tracker/lib/python3.8/site-packages/ball-tracker.egg-link (link to .)
[1.927s] Installing detect_ball script to /home/winter24/gcamp_ros2_ws/install/ball_tracker/lib/ball_tracker
[1.927s] Installing detect_ball_3d script to /home/winter24/gcamp_ros2_ws/install/ball_tracker/lib/ball_tracker
[1.927s] Installing follow_ball script to /home/winter24/gcamp_ros2_ws/install/ball_tracker/lib/ball_tracker
[1.927s] 
[1.927s] Installed /home/winter24/gcamp_ros2_ws/build/ball_tracker
[1.927s] running install_data
[2.161s] Invoked command in '/home/winter24/gcamp_ros2_ws/build/ball_tracker' returned '0': PYTHONPATH=/home/winter24/gcamp_ros2_ws/build/ball_tracker/prefix_override:/home/winter24/gcamp_ros2_ws/install/ball_tracker/lib/python3.8/site-packages:${PYTHONPATH} /usr/bin/python3 setup.py develop --editable --build-directory /home/winter24/gcamp_ros2_ws/build/ball_tracker/build --no-deps install_data
