-- The C compiler identification is GNU 11.4.0
-- The CXX compiler identification is GNU 9.4.0
-- Detecting C compiler ABI info
-- Detecting C compiler ABI info - done
-- Check for working C compiler: /usr/bin/cc - skipped
-- Detecting C compile features
-- Detecting C compile features - done
-- Detecting CXX compiler ABI info
-- Detecting CXX compiler ABI info - done
-- Check for working CXX compiler: /usr/bin/c++ - skipped
-- Detecting CXX compile features
-- Detecting CXX compile features - done
-- Found ament_cmake: 0.9.12 (/opt/ros/foxy/share/ament_cmake/cmake)
-- Found PythonInterp: /usr/bin/python3 (found suitable version "3.8.10", minimum required is "3") 
-- Using PYTHON_EXECUTABLE: /usr/bin/python3
-- Found rclcpp: 2.4.3 (/opt/ros/foxy/share/rclcpp/cmake)
-- Using all available rosidl_typesupport_c: rosidl_typesupport_fastrtps_c;rosidl_typesupport_introspection_c
-- Found rosidl_adapter: 1.3.1 (/opt/ros/foxy/share/rosidl_adapter/cmake)
-- Found OpenSSL: /usr/lib/x86_64-linux-gnu/libcrypto.so (found version "1.1.1f")  
-- Found FastRTPS: /opt/ros/foxy/include  
-- Using all available rosidl_typesupport_cpp: rosidl_typesupport_fastrtps_cpp;rosidl_typesupport_introspection_cpp
-- Found rmw_implementation_cmake: 1.0.4 (/opt/ros/foxy/share/rmw_implementation_cmake/cmake)
-- Using RMW implementation 'rmw_fastrtps_cpp' as default
-- Performing Test CMAKE_HAVE_LIBC_PTHREAD
-- Performing Test CMAKE_HAVE_LIBC_PTHREAD - Failed
-- Looking for pthread_create in pthreads
-- Looking for pthread_create in pthreads - not found
-- Looking for pthread_create in pthread
-- Looking for pthread_create in pthread - found
-- Found Threads: TRUE  
-- Found geometry_msgs: 2.0.5 (/opt/ros/foxy/share/geometry_msgs/cmake)
-- Found tf2_ros: 0.13.14 (/opt/ros/foxy/share/tf2_ros/cmake)
-- Configuring done (1.6s)
-- Generating done (0.0s)
-- Build files have been written to: /home/winter24/gcamp_ros2_ws/build/robot_pose_publisher_ros2
[ 50%] [32mBuilding CXX object CMakeFiles/robot_pose_publisher.dir/src/robot_pose_publisher.cpp.o[0m
[100%] [32m[1mLinking CXX executable robot_pose_publisher[0m
[100%] Built target robot_pose_publisher
-- Install configuration: ""
-- Installing: /home/winter24/gcamp_ros2_ws/install/robot_pose_publisher_ros2/lib/robot_pose_publisher_ros2/robot_pose_publisher
-- Set runtime path of "/home/winter24/gcamp_ros2_ws/install/robot_pose_publisher_ros2/lib/robot_pose_publisher_ros2/robot_pose_publisher" to ""
-- Installing: /home/winter24/gcamp_ros2_ws/install/robot_pose_publisher_ros2/share/robot_pose_publisher_ros2/launch
-- Installing: /home/winter24/gcamp_ros2_ws/install/robot_pose_publisher_ros2/share/robot_pose_publisher_ros2/launch/robot_pose_publisher_launch.py
-- Installing: /home/winter24/gcamp_ros2_ws/install/robot_pose_publisher_ros2/share/robot_pose_publisher_ros2/launch/__pycache__
-- Installing: /home/winter24/gcamp_ros2_ws/install/robot_pose_publisher_ros2/share/robot_pose_publisher_ros2/launch/__pycache__/robot_pose_publisher_launch.cpython-38.pyc
-- Installing: /home/winter24/gcamp_ros2_ws/install/robot_pose_publisher_ros2/share/ament_index/resource_index/package_run_dependencies/robot_pose_publisher_ros2
-- Installing: /home/winter24/gcamp_ros2_ws/install/robot_pose_publisher_ros2/share/ament_index/resource_index/parent_prefix_path/robot_pose_publisher_ros2
-- Installing: /home/winter24/gcamp_ros2_ws/install/robot_pose_publisher_ros2/share/robot_pose_publisher_ros2/environment/ament_prefix_path.sh
-- Installing: /home/winter24/gcamp_ros2_ws/install/robot_pose_publisher_ros2/share/robot_pose_publisher_ros2/environment/ament_prefix_path.dsv
-- Installing: /home/winter24/gcamp_ros2_ws/install/robot_pose_publisher_ros2/share/robot_pose_publisher_ros2/environment/path.sh
-- Installing: /home/winter24/gcamp_ros2_ws/install/robot_pose_publisher_ros2/share/robot_pose_publisher_ros2/environment/path.dsv
-- Installing: /home/winter24/gcamp_ros2_ws/install/robot_pose_publisher_ros2/share/robot_pose_publisher_ros2/local_setup.bash
-- Installing: /home/winter24/gcamp_ros2_ws/install/robot_pose_publisher_ros2/share/robot_pose_publisher_ros2/local_setup.sh
-- Installing: /home/winter24/gcamp_ros2_ws/install/robot_pose_publisher_ros2/share/robot_pose_publisher_ros2/local_setup.zsh
-- Installing: /home/winter24/gcamp_ros2_ws/install/robot_pose_publisher_ros2/share/robot_pose_publisher_ros2/local_setup.dsv
-- Installing: /home/winter24/gcamp_ros2_ws/install/robot_pose_publisher_ros2/share/robot_pose_publisher_ros2/package.dsv
-- Installing: /home/winter24/gcamp_ros2_ws/install/robot_pose_publisher_ros2/share/ament_index/resource_index/packages/robot_pose_publisher_ros2
-- Installing: /home/winter24/gcamp_ros2_ws/install/robot_pose_publisher_ros2/share/robot_pose_publisher_ros2/cmake/robot_pose_publisher_ros2Config.cmake
-- Installing: /home/winter24/gcamp_ros2_ws/install/robot_pose_publisher_ros2/share/robot_pose_publisher_ros2/cmake/robot_pose_publisher_ros2Config-version.cmake
-- Installing: /home/winter24/gcamp_ros2_ws/install/robot_pose_publisher_ros2/share/robot_pose_publisher_ros2/package.xml
