[0.728s] Invoking command in '/home/winter24/gcamp_ros2_ws/build/robot_pose_publisher_ros2': CMAKE_PREFIX_PATH=${CMAKE_PREFIX_PATH}:/home/winter24/gcamp_ros2_ws/install/yolov8_ros:/home/winter24/gcamp_ros2_ws/install/tf2_web_republisher_py:/opt/ros/foxy /home/winter24/.local/bin/cmake /home/winter24/gcamp_ros2_ws/robot_pose_publisher_ros2 -DAMENT_CMAKE_SYMLINK_INSTALL=1 -DCMAKE_INSTALL_PREFIX=/home/winter24/gcamp_ros2_ws/install/robot_pose_publisher_ros2
[0.984s] -- Found ament_cmake: 0.9.12 (/opt/ros/foxy/share/ament_cmake/cmake)
[0.984s] -- Using PYTHON_EXECUTABLE: /usr/bin/python3
[0.984s] -- Override CMake install command with custom implementation using symlinks instead of copying resources
[0.984s] -- Found rclcpp: 2.4.3 (/opt/ros/foxy/share/rclcpp/cmake)
[0.984s] -- Using all available rosidl_typesupport_c: rosidl_typesupport_fastrtps_c;rosidl_typesupport_introspection_c
[0.984s] -- Found rosidl_adapter: 1.3.1 (/opt/ros/foxy/share/rosidl_adapter/cmake)
[0.984s] [33mCMake Warning (dev) at /opt/ros/foxy/share/ament_cmake_core/cmake/core/python.cmake:22 (find_package):
[0.985s]   Policy CMP0148 is not set: The FindPythonInterp and FindPythonLibs modules
[0.986s]   are removed.  Run "cmake --help-policy CMP0148" for policy details.  Use
[0.986s]   the cmake_policy command to set the policy and suppress this warning.
[0.986s] 
[0.986s] Call Stack (most recent call first):
[0.986s]   /opt/ros/foxy/share/ament_cmake_core/cmake/core/all.cmake:53 (include)
[0.986s]   /opt/ros/foxy/share/ament_cmake_core/cmake/ament_cmake_core-extras.cmake:17 (include)
[0.986s]   /opt/ros/foxy/share/ament_cmake_core/cmake/ament_cmake_coreConfig.cmake:41 (include)
[0.986s]   /opt/ros/foxy/share/ament_cmake/cmake/ament_cmake_export_dependencies-extras.cmake:15 (find_package)
[0.986s]   /opt/ros/foxy/share/ament_cmake/cmake/ament_cmakeConfig.cmake:41 (include)
[0.986s]   CMakeLists.txt:13 (find_package)
[0.986s] This warning is for project developers.  Use -Wno-dev to suppress it.
[0.986s] [0m
[1.095s] -- Using all available rosidl_typesupport_cpp: rosidl_typesupport_fastrtps_cpp;rosidl_typesupport_introspection_cpp
[1.170s] -- Found rmw_implementation_cmake: 1.0.4 (/opt/ros/foxy/share/rmw_implementation_cmake/cmake)
[1.173s] -- Using RMW implementation 'rmw_fastrtps_cpp' as default
[1.382s] -- Found geometry_msgs: 2.0.5 (/opt/ros/foxy/share/geometry_msgs/cmake)
[1.430s] -- Found tf2_ros: 0.13.14 (/opt/ros/foxy/share/tf2_ros/cmake)
[1.895s] -- Configuring done (1.1s)
[1.908s] -- Generating done (0.0s)
[1.909s] -- Build files have been written to: /home/winter24/gcamp_ros2_ws/build/robot_pose_publisher_ros2
[2.146s] Invoked command in '/home/winter24/gcamp_ros2_ws/build/robot_pose_publisher_ros2' returned '0': CMAKE_PREFIX_PATH=${CMAKE_PREFIX_PATH}:/home/winter24/gcamp_ros2_ws/install/yolov8_ros:/home/winter24/gcamp_ros2_ws/install/tf2_web_republisher_py:/opt/ros/foxy /home/winter24/.local/bin/cmake /home/winter24/gcamp_ros2_ws/robot_pose_publisher_ros2 -DAMENT_CMAKE_SYMLINK_INSTALL=1 -DCMAKE_INSTALL_PREFIX=/home/winter24/gcamp_ros2_ws/install/robot_pose_publisher_ros2
[2.148s] Invoking command in '/home/winter24/gcamp_ros2_ws/build/robot_pose_publisher_ros2': CMAKE_PREFIX_PATH=${CMAKE_PREFIX_PATH}:/home/winter24/gcamp_ros2_ws/install/yolov8_ros:/home/winter24/gcamp_ros2_ws/install/tf2_web_republisher_py:/opt/ros/foxy /home/winter24/.local/bin/cmake --build /home/winter24/gcamp_ros2_ws/build/robot_pose_publisher_ros2 -- -j16 -l16
[2.265s] [ 50%] [32m[1mLinking CXX executable robot_pose_publisher[0m
[2.352s] [100%] Built target robot_pose_publisher
[2.507s] Invoked command in '/home/winter24/gcamp_ros2_ws/build/robot_pose_publisher_ros2' returned '0': CMAKE_PREFIX_PATH=${CMAKE_PREFIX_PATH}:/home/winter24/gcamp_ros2_ws/install/yolov8_ros:/home/winter24/gcamp_ros2_ws/install/tf2_web_republisher_py:/opt/ros/foxy /home/winter24/.local/bin/cmake --build /home/winter24/gcamp_ros2_ws/build/robot_pose_publisher_ros2 -- -j16 -l16
[2.856s] Invoking command in '/home/winter24/gcamp_ros2_ws/build/robot_pose_publisher_ros2': CMAKE_PREFIX_PATH=${CMAKE_PREFIX_PATH}:/home/winter24/gcamp_ros2_ws/install/yolov8_ros:/home/winter24/gcamp_ros2_ws/install/tf2_web_republisher_py:/opt/ros/foxy /home/winter24/.local/bin/cmake --install /home/winter24/gcamp_ros2_ws/build/robot_pose_publisher_ros2
[2.916s] -- Install configuration: ""
[2.919s] -- Execute custom install script
[2.923s] -- Symlinking: /home/winter24/gcamp_ros2_ws/install/robot_pose_publisher_ros2/lib/robot_pose_publisher_ros2/robot_pose_publisher
[2.924s] -- Symlinking: /home/winter24/gcamp_ros2_ws/install/robot_pose_publisher_ros2/share/robot_pose_publisher_ros2/launch/__pycache__/robot_pose_publisher_launch.cpython-38.pyc
[2.930s] -- Symlinking: /home/winter24/gcamp_ros2_ws/install/robot_pose_publisher_ros2/share/robot_pose_publisher_ros2/launch/robot_pose_publisher_launch.py
[2.933s] -- Symlinking: /home/winter24/gcamp_ros2_ws/install/robot_pose_publisher_ros2/share/ament_index/resource_index/package_run_dependencies/robot_pose_publisher_ros2
[2.947s] -- Symlinking: /home/winter24/gcamp_ros2_ws/install/robot_pose_publisher_ros2/share/ament_index/resource_index/parent_prefix_path/robot_pose_publisher_ros2
[2.950s] -- Symlinking: /home/winter24/gcamp_ros2_ws/install/robot_pose_publisher_ros2/share/robot_pose_publisher_ros2/environment/ament_prefix_path.sh
[2.954s] -- Symlinking: /home/winter24/gcamp_ros2_ws/install/robot_pose_publisher_ros2/share/robot_pose_publisher_ros2/environment/ament_prefix_path.dsv
[2.958s] -- Symlinking: /home/winter24/gcamp_ros2_ws/install/robot_pose_publisher_ros2/share/robot_pose_publisher_ros2/environment/path.sh
[2.961s] -- Symlinking: /home/winter24/gcamp_ros2_ws/install/robot_pose_publisher_ros2/share/robot_pose_publisher_ros2/environment/path.dsv
[2.965s] -- Symlinking: /home/winter24/gcamp_ros2_ws/install/robot_pose_publisher_ros2/share/robot_pose_publisher_ros2/local_setup.bash
[2.971s] -- Symlinking: /home/winter24/gcamp_ros2_ws/install/robot_pose_publisher_ros2/share/robot_pose_publisher_ros2/local_setup.sh
[2.975s] -- Symlinking: /home/winter24/gcamp_ros2_ws/install/robot_pose_publisher_ros2/share/robot_pose_publisher_ros2/local_setup.zsh
[2.978s] -- Symlinking: /home/winter24/gcamp_ros2_ws/install/robot_pose_publisher_ros2/share/robot_pose_publisher_ros2/local_setup.dsv
[2.981s] -- Symlinking: /home/winter24/gcamp_ros2_ws/install/robot_pose_publisher_ros2/share/robot_pose_publisher_ros2/package.dsv
[2.984s] -- Symlinking: /home/winter24/gcamp_ros2_ws/install/robot_pose_publisher_ros2/share/ament_index/resource_index/packages/robot_pose_publisher_ros2
[2.988s] -- Symlinking: /home/winter24/gcamp_ros2_ws/install/robot_pose_publisher_ros2/share/robot_pose_publisher_ros2/cmake/robot_pose_publisher_ros2Config.cmake
[2.991s] -- Symlinking: /home/winter24/gcamp_ros2_ws/install/robot_pose_publisher_ros2/share/robot_pose_publisher_ros2/cmake/robot_pose_publisher_ros2Config-version.cmake
[2.994s] -- Symlinking: /home/winter24/gcamp_ros2_ws/install/robot_pose_publisher_ros2/share/robot_pose_publisher_ros2/package.xml
[3.083s] Invoked command in '/home/winter24/gcamp_ros2_ws/build/robot_pose_publisher_ros2' returned '0': CMAKE_PREFIX_PATH=${CMAKE_PREFIX_PATH}:/home/winter24/gcamp_ros2_ws/install/yolov8_ros:/home/winter24/gcamp_ros2_ws/install/tf2_web_republisher_py:/opt/ros/foxy /home/winter24/.local/bin/cmake --install /home/winter24/gcamp_ros2_ws/build/robot_pose_publisher_ros2
