-- Found ament_cmake: 0.9.11 (/opt/ros/foxy/share/ament_cmake/cmake)
-- Using PYTHON_EXECUTABLE: /usr/bin/python3
-- Override CMake install command with custom implementation using symlinks instead of copying resources
-- Found ament_lint_auto: 0.9.8 (/opt/ros/foxy/share/ament_lint_auto/cmake)
-- Added test 'copyright' to check source files copyright and LICENSE
-- Added test 'flake8' to check Python code syntax and style conventions
-- Added test 'lint_cmake' to check CMake code style
-- Added test 'pep257' to check Python code against some of the style conventions in PEP 257
-- Added test 'xmllint' to check XML markup files
-- Configuring done
-- Generating done
-- Build files have been written to: /home/winter24/gcamp_ros2_ws/build/gcamp_gazebo
-- Install configuration: ""
-- Execute custom install script
-- Symlinking: /home/winter24/gcamp_ros2_ws/install/gcamp_gazebo/share/gcamp_gazebo/config/ball_tracker_params_robot.yaml
-- Symlinking: /home/winter24/gcamp_ros2_ws/install/gcamp_gazebo/share/gcamp_gazebo/config/ball_tracker_params_sim.yaml
-- Symlinking: /home/winter24/gcamp_ros2_ws/install/gcamp_gazebo/share/gcamp_gazebo/config/drive_bot.rviz
-- Symlinking: /home/winter24/gcamp_ros2_ws/install/gcamp_gazebo/share/gcamp_gazebo/config/empty.yaml
-- Symlinking: /home/winter24/gcamp_ros2_ws/install/gcamp_gazebo/share/gcamp_gazebo/config/gaz_ros2_ctl_use_sim.yaml
-- Symlinking: /home/winter24/gcamp_ros2_ws/install/gcamp_gazebo/share/gcamp_gazebo/config/gazebo_params.yaml
-- Symlinking: /home/winter24/gcamp_ros2_ws/install/gcamp_gazebo/share/gcamp_gazebo/config/joystick.yaml
-- Symlinking: /home/winter24/gcamp_ros2_ws/install/gcamp_gazebo/share/gcamp_gazebo/config/main.rviz
-- Symlinking: /home/winter24/gcamp_ros2_ws/install/gcamp_gazebo/share/gcamp_gazebo/config/map.rviz
-- Symlinking: /home/winter24/gcamp_ros2_ws/install/gcamp_gazebo/share/gcamp_gazebo/config/mapper_params_online_async.yaml
-- Symlinking: /home/winter24/gcamp_ros2_ws/install/gcamp_gazebo/share/gcamp_gazebo/config/my_controllers.yaml
-- Symlinking: /home/winter24/gcamp_ros2_ws/install/gcamp_gazebo/share/gcamp_gazebo/config/nav2_params.yaml
-- Symlinking: /home/winter24/gcamp_ros2_ws/install/gcamp_gazebo/share/gcamp_gazebo/config/twist_mux.yaml
-- Symlinking: /home/winter24/gcamp_ros2_ws/install/gcamp_gazebo/share/gcamp_gazebo/config/view_bot.rviz
-- Symlinking: /home/winter24/gcamp_ros2_ws/install/gcamp_gazebo/share/gcamp_gazebo/description/camera.xacro
-- Symlinking: /home/winter24/gcamp_ros2_ws/install/gcamp_gazebo/share/gcamp_gazebo/description/depth_camera.xacro
-- Symlinking: /home/winter24/gcamp_ros2_ws/install/gcamp_gazebo/share/gcamp_gazebo/description/face.xacro
-- Symlinking: /home/winter24/gcamp_ros2_ws/install/gcamp_gazebo/share/gcamp_gazebo/description/gazebo_control.xacro
-- Symlinking: /home/winter24/gcamp_ros2_ws/install/gcamp_gazebo/share/gcamp_gazebo/description/inertial_macros.xacro
-- Symlinking: /home/winter24/gcamp_ros2_ws/install/gcamp_gazebo/share/gcamp_gazebo/description/lidar.xacro
-- Symlinking: /home/winter24/gcamp_ros2_ws/install/gcamp_gazebo/share/gcamp_gazebo/description/robot.urdf.xacro
-- Symlinking: /home/winter24/gcamp_ros2_ws/install/gcamp_gazebo/share/gcamp_gazebo/description/robot_core.xacro
-- Symlinking: /home/winter24/gcamp_ros2_ws/install/gcamp_gazebo/share/gcamp_gazebo/description/ros2_control.xacro
-- Symlinking: /home/winter24/gcamp_ros2_ws/install/gcamp_gazebo/share/gcamp_gazebo/launch/ball_tracker.launch.py
-- Symlinking: /home/winter24/gcamp_ros2_ws/install/gcamp_gazebo/share/gcamp_gazebo/launch/camera.launch.py
-- Symlinking: /home/winter24/gcamp_ros2_ws/install/gcamp_gazebo/share/gcamp_gazebo/launch/joystick.launch.py
-- Symlinking: /home/winter24/gcamp_ros2_ws/install/gcamp_gazebo/share/gcamp_gazebo/launch/launch_robot.launch.py
-- Symlinking: /home/winter24/gcamp_ros2_ws/install/gcamp_gazebo/share/gcamp_gazebo/launch/launch_sim.launch.py
-- Symlinking: /home/winter24/gcamp_ros2_ws/install/gcamp_gazebo/share/gcamp_gazebo/launch/localization_launch.py
-- Symlinking: /home/winter24/gcamp_ros2_ws/install/gcamp_gazebo/share/gcamp_gazebo/launch/navigation_launch.py
-- Symlinking: /home/winter24/gcamp_ros2_ws/install/gcamp_gazebo/share/gcamp_gazebo/launch/online_async_launch.py
-- Symlinking: /home/winter24/gcamp_ros2_ws/install/gcamp_gazebo/share/gcamp_gazebo/launch/rplidar.launch.py
-- Symlinking: /home/winter24/gcamp_ros2_ws/install/gcamp_gazebo/share/gcamp_gazebo/launch/rsp.launch.py
-- Symlinking: /home/winter24/gcamp_ros2_ws/install/gcamp_gazebo/share/gcamp_gazebo/worlds/empty.world
-- Symlinking: /home/winter24/gcamp_ros2_ws/install/gcamp_gazebo/share/gcamp_gazebo/worlds/gcamp_world.world
-- Symlinking: /home/winter24/gcamp_ros2_ws/install/gcamp_gazebo/share/gcamp_gazebo/worlds/obstacles.world
-- Symlinking: /home/winter24/gcamp_ros2_ws/install/gcamp_gazebo/share/ament_index/resource_index/package_run_dependencies/gcamp_gazebo
-- Symlinking: /home/winter24/gcamp_ros2_ws/install/gcamp_gazebo/share/ament_index/resource_index/parent_prefix_path/gcamp_gazebo
-- Symlinking: /home/winter24/gcamp_ros2_ws/install/gcamp_gazebo/share/gcamp_gazebo/environment/ament_prefix_path.sh
-- Symlinking: /home/winter24/gcamp_ros2_ws/install/gcamp_gazebo/share/gcamp_gazebo/environment/ament_prefix_path.dsv
-- Symlinking: /home/winter24/gcamp_ros2_ws/install/gcamp_gazebo/share/gcamp_gazebo/environment/path.sh
-- Symlinking: /home/winter24/gcamp_ros2_ws/install/gcamp_gazebo/share/gcamp_gazebo/environment/path.dsv
-- Symlinking: /home/winter24/gcamp_ros2_ws/install/gcamp_gazebo/share/gcamp_gazebo/local_setup.bash
-- Symlinking: /home/winter24/gcamp_ros2_ws/install/gcamp_gazebo/share/gcamp_gazebo/local_setup.sh
-- Symlinking: /home/winter24/gcamp_ros2_ws/install/gcamp_gazebo/share/gcamp_gazebo/local_setup.zsh
-- Symlinking: /home/winter24/gcamp_ros2_ws/install/gcamp_gazebo/share/gcamp_gazebo/local_setup.dsv
-- Symlinking: /home/winter24/gcamp_ros2_ws/install/gcamp_gazebo/share/gcamp_gazebo/package.dsv
-- Symlinking: /home/winter24/gcamp_ros2_ws/install/gcamp_gazebo/share/ament_index/resource_index/packages/gcamp_gazebo
-- Symlinking: /home/winter24/gcamp_ros2_ws/install/gcamp_gazebo/share/gcamp_gazebo/cmake/gcamp_gazeboConfig.cmake
-- Symlinking: /home/winter24/gcamp_ros2_ws/install/gcamp_gazebo/share/gcamp_gazebo/cmake/gcamp_gazeboConfig-version.cmake
-- Symlinking: /home/winter24/gcamp_ros2_ws/install/gcamp_gazebo/share/gcamp_gazebo/package.xml
