[0.014s] Invoking command in '/home/winter24/gcamp_ros2_ws/build/gcamp_gazebo': CMAKE_PREFIX_PATH=${CMAKE_PREFIX_PATH}:/opt/ros/foxy /usr/bin/cmake /home/winter24/gcamp_ros2_ws/src -DAMENT_CMAKE_SYMLINK_INSTALL=1 -DCMAKE_INSTALL_PREFIX=/home/winter24/gcamp_ros2_ws/install/gcamp_gazebo
[0.034s] -- Found ament_cmake: 0.9.11 (/opt/ros/foxy/share/ament_cmake/cmake)
[0.049s] -- Using PYTHON_EXECUTABLE: /usr/bin/python3
[0.137s] -- Override CMake install command with custom implementation using symlinks instead of copying resources
[0.144s] -- Found ament_lint_auto: 0.9.8 (/opt/ros/foxy/share/ament_lint_auto/cmake)
[0.185s] -- Added test 'copyright' to check source files copyright and LICENSE
[0.186s] -- Added test 'flake8' to check Python code syntax and style conventions
[0.186s] -- Added test 'lint_cmake' to check CMake code style
[0.187s] -- Added test 'pep257' to check Python code against some of the style conventions in PEP 257
[0.188s] -- Added test 'xmllint' to check XML markup files
[0.189s] -- Configuring done
[0.191s] -- Generating done
[0.191s] -- Build files have been written to: /home/winter24/gcamp_ros2_ws/build/gcamp_gazebo
[0.194s] Invoked command in '/home/winter24/gcamp_ros2_ws/build/gcamp_gazebo' returned '0': CMAKE_PREFIX_PATH=${CMAKE_PREFIX_PATH}:/opt/ros/foxy /usr/bin/cmake /home/winter24/gcamp_ros2_ws/src -DAMENT_CMAKE_SYMLINK_INSTALL=1 -DCMAKE_INSTALL_PREFIX=/home/winter24/gcamp_ros2_ws/install/gcamp_gazebo
[0.195s] Invoking command in '/home/winter24/gcamp_ros2_ws/build/gcamp_gazebo': CMAKE_PREFIX_PATH=${CMAKE_PREFIX_PATH}:/opt/ros/foxy /usr/bin/cmake --build /home/winter24/gcamp_ros2_ws/build/gcamp_gazebo -- -j16 -l16
[0.218s] Invoked command in '/home/winter24/gcamp_ros2_ws/build/gcamp_gazebo' returned '0': CMAKE_PREFIX_PATH=${CMAKE_PREFIX_PATH}:/opt/ros/foxy /usr/bin/cmake --build /home/winter24/gcamp_ros2_ws/build/gcamp_gazebo -- -j16 -l16
[0.235s] Invoking command in '/home/winter24/gcamp_ros2_ws/build/gcamp_gazebo': CMAKE_PREFIX_PATH=${CMAKE_PREFIX_PATH}:/opt/ros/foxy /usr/bin/cmake --install /home/winter24/gcamp_ros2_ws/build/gcamp_gazebo
[0.239s] -- Install configuration: ""
[0.239s] -- Execute custom install script
[0.239s] -- Symlinking: /home/winter24/gcamp_ros2_ws/install/gcamp_gazebo/share/gcamp_gazebo/config/ball_tracker_params_robot.yaml
[0.244s] -- Symlinking: /home/winter24/gcamp_ros2_ws/install/gcamp_gazebo/share/gcamp_gazebo/config/ball_tracker_params_sim.yaml
[0.249s] -- Symlinking: /home/winter24/gcamp_ros2_ws/install/gcamp_gazebo/share/gcamp_gazebo/config/drive_bot.rviz
[0.253s] -- Symlinking: /home/winter24/gcamp_ros2_ws/install/gcamp_gazebo/share/gcamp_gazebo/config/empty.yaml
[0.259s] -- Symlinking: /home/winter24/gcamp_ros2_ws/install/gcamp_gazebo/share/gcamp_gazebo/config/gaz_ros2_ctl_use_sim.yaml
[0.264s] -- Symlinking: /home/winter24/gcamp_ros2_ws/install/gcamp_gazebo/share/gcamp_gazebo/config/gazebo_params.yaml
[0.270s] -- Symlinking: /home/winter24/gcamp_ros2_ws/install/gcamp_gazebo/share/gcamp_gazebo/config/joystick.yaml
[0.274s] -- Symlinking: /home/winter24/gcamp_ros2_ws/install/gcamp_gazebo/share/gcamp_gazebo/config/main.rviz
[0.279s] -- Symlinking: /home/winter24/gcamp_ros2_ws/install/gcamp_gazebo/share/gcamp_gazebo/config/map.rviz
[0.284s] -- Symlinking: /home/winter24/gcamp_ros2_ws/install/gcamp_gazebo/share/gcamp_gazebo/config/mapper_params_online_async.yaml
[0.289s] -- Symlinking: /home/winter24/gcamp_ros2_ws/install/gcamp_gazebo/share/gcamp_gazebo/config/my_controllers.yaml
[0.293s] -- Symlinking: /home/winter24/gcamp_ros2_ws/install/gcamp_gazebo/share/gcamp_gazebo/config/nav2_params.yaml
[0.298s] -- Symlinking: /home/winter24/gcamp_ros2_ws/install/gcamp_gazebo/share/gcamp_gazebo/config/twist_mux.yaml
[0.303s] -- Symlinking: /home/winter24/gcamp_ros2_ws/install/gcamp_gazebo/share/gcamp_gazebo/config/view_bot.rviz
[0.308s] -- Symlinking: /home/winter24/gcamp_ros2_ws/install/gcamp_gazebo/share/gcamp_gazebo/description/camera.xacro
[0.313s] -- Symlinking: /home/winter24/gcamp_ros2_ws/install/gcamp_gazebo/share/gcamp_gazebo/description/depth_camera.xacro
[0.318s] -- Symlinking: /home/winter24/gcamp_ros2_ws/install/gcamp_gazebo/share/gcamp_gazebo/description/face.xacro
[0.322s] -- Symlinking: /home/winter24/gcamp_ros2_ws/install/gcamp_gazebo/share/gcamp_gazebo/description/gazebo_control.xacro
[0.327s] -- Symlinking: /home/winter24/gcamp_ros2_ws/install/gcamp_gazebo/share/gcamp_gazebo/description/inertial_macros.xacro
[0.332s] -- Symlinking: /home/winter24/gcamp_ros2_ws/install/gcamp_gazebo/share/gcamp_gazebo/description/lidar.xacro
[0.336s] -- Symlinking: /home/winter24/gcamp_ros2_ws/install/gcamp_gazebo/share/gcamp_gazebo/description/robot.urdf.xacro
[0.341s] -- Symlinking: /home/winter24/gcamp_ros2_ws/install/gcamp_gazebo/share/gcamp_gazebo/description/robot_core.xacro
[0.345s] -- Symlinking: /home/winter24/gcamp_ros2_ws/install/gcamp_gazebo/share/gcamp_gazebo/description/ros2_control.xacro
[0.350s] -- Symlinking: /home/winter24/gcamp_ros2_ws/install/gcamp_gazebo/share/gcamp_gazebo/launch/ball_tracker.launch.py
[0.354s] -- Symlinking: /home/winter24/gcamp_ros2_ws/install/gcamp_gazebo/share/gcamp_gazebo/launch/camera.launch.py
[0.359s] -- Symlinking: /home/winter24/gcamp_ros2_ws/install/gcamp_gazebo/share/gcamp_gazebo/launch/joystick.launch.py
[0.363s] -- Symlinking: /home/winter24/gcamp_ros2_ws/install/gcamp_gazebo/share/gcamp_gazebo/launch/launch_robot.launch.py
[0.368s] -- Symlinking: /home/winter24/gcamp_ros2_ws/install/gcamp_gazebo/share/gcamp_gazebo/launch/launch_sim.launch.py
[0.373s] -- Symlinking: /home/winter24/gcamp_ros2_ws/install/gcamp_gazebo/share/gcamp_gazebo/launch/localization_launch.py
[0.377s] -- Symlinking: /home/winter24/gcamp_ros2_ws/install/gcamp_gazebo/share/gcamp_gazebo/launch/navigation_launch.py
[0.381s] -- Symlinking: /home/winter24/gcamp_ros2_ws/install/gcamp_gazebo/share/gcamp_gazebo/launch/online_async_launch.py
[0.386s] -- Symlinking: /home/winter24/gcamp_ros2_ws/install/gcamp_gazebo/share/gcamp_gazebo/launch/rplidar.launch.py
[0.390s] -- Symlinking: /home/winter24/gcamp_ros2_ws/install/gcamp_gazebo/share/gcamp_gazebo/launch/rsp.launch.py
[0.395s] -- Symlinking: /home/winter24/gcamp_ros2_ws/install/gcamp_gazebo/share/gcamp_gazebo/worlds/empty.world
[0.399s] -- Symlinking: /home/winter24/gcamp_ros2_ws/install/gcamp_gazebo/share/gcamp_gazebo/worlds/gcamp_world.world
[0.404s] -- Symlinking: /home/winter24/gcamp_ros2_ws/install/gcamp_gazebo/share/gcamp_gazebo/worlds/obstacles.world
[0.408s] -- Symlinking: /home/winter24/gcamp_ros2_ws/install/gcamp_gazebo/share/ament_index/resource_index/package_run_dependencies/gcamp_gazebo
[0.413s] -- Symlinking: /home/winter24/gcamp_ros2_ws/install/gcamp_gazebo/share/ament_index/resource_index/parent_prefix_path/gcamp_gazebo
[0.418s] -- Symlinking: /home/winter24/gcamp_ros2_ws/install/gcamp_gazebo/share/gcamp_gazebo/environment/ament_prefix_path.sh
[0.423s] -- Symlinking: /home/winter24/gcamp_ros2_ws/install/gcamp_gazebo/share/gcamp_gazebo/environment/ament_prefix_path.dsv
[0.427s] -- Symlinking: /home/winter24/gcamp_ros2_ws/install/gcamp_gazebo/share/gcamp_gazebo/environment/path.sh
[0.432s] -- Symlinking: /home/winter24/gcamp_ros2_ws/install/gcamp_gazebo/share/gcamp_gazebo/environment/path.dsv
[0.436s] -- Symlinking: /home/winter24/gcamp_ros2_ws/install/gcamp_gazebo/share/gcamp_gazebo/local_setup.bash
[0.440s] -- Symlinking: /home/winter24/gcamp_ros2_ws/install/gcamp_gazebo/share/gcamp_gazebo/local_setup.sh
[0.444s] -- Symlinking: /home/winter24/gcamp_ros2_ws/install/gcamp_gazebo/share/gcamp_gazebo/local_setup.zsh
[0.449s] -- Symlinking: /home/winter24/gcamp_ros2_ws/install/gcamp_gazebo/share/gcamp_gazebo/local_setup.dsv
[0.453s] -- Symlinking: /home/winter24/gcamp_ros2_ws/install/gcamp_gazebo/share/gcamp_gazebo/package.dsv
[0.458s] -- Symlinking: /home/winter24/gcamp_ros2_ws/install/gcamp_gazebo/share/ament_index/resource_index/packages/gcamp_gazebo
[0.463s] -- Symlinking: /home/winter24/gcamp_ros2_ws/install/gcamp_gazebo/share/gcamp_gazebo/cmake/gcamp_gazeboConfig.cmake
[0.467s] -- Symlinking: /home/winter24/gcamp_ros2_ws/install/gcamp_gazebo/share/gcamp_gazebo/cmake/gcamp_gazeboConfig-version.cmake
[0.472s] -- Symlinking: /home/winter24/gcamp_ros2_ws/install/gcamp_gazebo/share/gcamp_gazebo/package.xml
[0.478s] Invoked command in '/home/winter24/gcamp_ros2_ws/build/gcamp_gazebo' returned '0': CMAKE_PREFIX_PATH=${CMAKE_PREFIX_PATH}:/opt/ros/foxy /usr/bin/cmake --install /home/winter24/gcamp_ros2_ws/build/gcamp_gazebo
