[0.737s] Invoking command in '/home/winter24/gcamp_ros2_ws/build/yolov8_msgs': CMAKE_PREFIX_PATH=${CMAKE_PREFIX_PATH}:/home/winter24/gcamp_ros2_ws/install/yolov8_ros:/home/winter24/gcamp_ros2_ws/install/tf2_web_republisher_py:/opt/ros/foxy /home/winter24/.local/bin/cmake /home/winter24/gcamp_ros2_ws/yolov8_ros/yolov8_msgs -DCMAKE_INSTALL_PREFIX=/home/winter24/gcamp_ros2_ws/install/yolov8_msgs
[0.778s] -- Found ament_cmake: 0.9.12 (/opt/ros/foxy/share/ament_cmake/cmake)
[0.778s] [33mCMake Warning (dev) at /opt/ros/foxy/share/ament_cmake_core/cmake/core/python.cmake:22 (find_package):
[0.779s]   Policy CMP0148 is not set: The FindPythonInterp and FindPythonLibs modules
[0.779s]   are removed.  Run "cmake --help-policy CMP0148" for policy details.  Use
[0.779s]   the cmake_policy command to set the policy and suppress this warning.
[0.779s] 
[0.779s] Call Stack (most recent call first):
[0.779s]   /opt/ros/foxy/share/ament_cmake_core/cmake/core/all.cmake:53 (include)
[0.779s]   /opt/ros/foxy/share/ament_cmake_core/cmake/ament_cmake_core-extras.cmake:17 (include)
[0.779s]   /opt/ros/foxy/share/ament_cmake_core/cmake/ament_cmake_coreConfig.cmake:41 (include)
[0.780s]   /opt/ros/foxy/share/ament_cmake/cmake/ament_cmake_export_dependencies-extras.cmake:15 (find_package)
[0.780s]   /opt/ros/foxy/share/ament_cmake/cmake/ament_cmakeConfig.cmake:41 (include)
[0.780s]   CMakeLists.txt:5 (find_package)
[0.780s] This warning is for project developers.  Use -Wno-dev to suppress it.
[0.780s] [0m
[0.794s] -- Found PythonInterp: /usr/bin/python3 (found suitable version "3.8.10", minimum required is "3") 
[0.794s] -- Using PYTHON_EXECUTABLE: /usr/bin/python3
[0.930s] -- Override CMake install command with custom implementation using symlinks instead of copying resources
[0.940s] -- Found rosidl_default_generators: 1.0.1 (/opt/ros/foxy/share/rosidl_default_generators/cmake)
[0.944s] -- Using all available rosidl_typesupport_c: rosidl_typesupport_fastrtps_c;rosidl_typesupport_introspection_c
[0.949s] -- Found rosidl_adapter: 1.3.1 (/opt/ros/foxy/share/rosidl_adapter/cmake)
[1.123s] -- Using all available rosidl_typesupport_cpp: rosidl_typesupport_fastrtps_cpp;rosidl_typesupport_introspection_cpp
[1.140s] -- Found std_msgs: 2.0.5 (/opt/ros/foxy/share/std_msgs/cmake)
[1.168s] -- Found geometry_msgs: 2.0.5 (/opt/ros/foxy/share/geometry_msgs/cmake)
[1.195s] [33mCMake Warning (dev) at /opt/ros/foxy/share/rosidl_adapter/cmake/rosidl_adapt_interfaces.cmake:40 (find_package):
[1.196s]   Policy CMP0148 is not set: The FindPythonInterp and FindPythonLibs modules
[1.196s]   are removed.  Run "cmake --help-policy CMP0148" for policy details.  Use
[1.196s]   the cmake_policy command to set the policy and suppress this warning.
[1.196s] 
[1.196s] Call Stack (most recent call first):
[1.196s]   /opt/ros/foxy/share/rosidl_cmake/cmake/rosidl_generate_interfaces.cmake:130 (rosidl_adapt_interfaces)
[1.196s]   CMakeLists.txt:10 (rosidl_generate_interfaces)
[1.196s] This warning is for project developers.  Use -Wno-dev to suppress it.
[1.196s] [0m
[1.218s] -- Found PythonInterp: /usr/bin/python3 (found version "3.8.10") 
[1.400s] -- Found ament_cmake_ros: 0.9.2 (/opt/ros/foxy/share/ament_cmake_ros/cmake)
[1.578s] -- Using all available rosidl_typesupport_c: rosidl_typesupport_fastrtps_c;rosidl_typesupport_introspection_c
[1.659s] -- Using all available rosidl_typesupport_cpp: rosidl_typesupport_fastrtps_cpp;rosidl_typesupport_introspection_cpp
[1.664s] [33mCMake Warning (dev) at /opt/ros/foxy/share/rosidl_generator_py/cmake/rosidl_generator_py_generate_interfaces.cmake:20 (find_package):
[1.665s]   Policy CMP0148 is not set: The FindPythonInterp and FindPythonLibs modules
[1.665s]   are removed.  Run "cmake --help-policy CMP0148" for policy details.  Use
[1.665s]   the cmake_policy command to set the policy and suppress this warning.
[1.666s] 
[1.666s] Call Stack (most recent call first):
[1.666s]   /opt/ros/foxy/share/ament_cmake_core/cmake/core/ament_execute_extensions.cmake:48 (include)
[1.666s]   /opt/ros/foxy/share/rosidl_cmake/cmake/rosidl_generate_interfaces.cmake:286 (ament_execute_extensions)
[1.666s]   CMakeLists.txt:10 (rosidl_generate_interfaces)
[1.666s] This warning is for project developers.  Use -Wno-dev to suppress it.
[1.666s] [0m
[1.685s] -- Found PythonInterp: /usr/bin/python3 (found suitable version "3.8.10", minimum required is "3.5") 
[1.685s] -- Found python_cmake_module: 0.8.1 (/opt/ros/foxy/share/python_cmake_module/cmake)
[1.685s] [33mCMake Warning (dev) at /opt/ros/foxy/share/python_cmake_module/cmake/Modules/FindPythonExtra.cmake:45 (find_package):
[1.685s]   Policy CMP0148 is not set: The FindPythonInterp and FindPythonLibs modules
[1.685s]   are removed.  Run "cmake --help-policy CMP0148" for policy details.  Use
[1.686s]   the cmake_policy command to set the policy and suppress this warning.
[1.686s] 
[1.686s] Call Stack (most recent call first):
[1.686s]   /opt/ros/foxy/share/rosidl_generator_py/cmake/rosidl_generator_py_generate_interfaces.cmake:23 (find_package)
[1.686s]   /opt/ros/foxy/share/ament_cmake_core/cmake/core/ament_execute_extensions.cmake:48 (include)
[1.686s]   /opt/ros/foxy/share/rosidl_cmake/cmake/rosidl_generate_interfaces.cmake:286 (ament_execute_extensions)
[1.686s]   CMakeLists.txt:10 (rosidl_generate_interfaces)
[1.686s] This warning is for project developers.  Use -Wno-dev to suppress it.
[1.686s] [0m
[1.703s] [33mCMake Warning (dev) at /opt/ros/foxy/share/python_cmake_module/cmake/Modules/FindPythonExtra.cmake:133 (find_package):
[1.703s]   Policy CMP0148 is not set: The FindPythonInterp and FindPythonLibs modules
[1.703s]   are removed.  Run "cmake --help-policy CMP0148" for policy details.  Use
[1.704s]   the cmake_policy command to set the policy and suppress this warning.
[1.704s] 
[1.704s] Call Stack (most recent call first):
[1.704s]   /opt/ros/foxy/share/rosidl_generator_py/cmake/rosidl_generator_py_generate_interfaces.cmake:23 (find_package)
[1.704s]   /opt/ros/foxy/share/ament_cmake_core/cmake/core/ament_execute_extensions.cmake:48 (include)
[1.704s]   /opt/ros/foxy/share/rosidl_cmake/cmake/rosidl_generate_interfaces.cmake:286 (ament_execute_extensions)
[1.704s]   CMakeLists.txt:10 (rosidl_generate_interfaces)
[1.704s] This warning is for project developers.  Use -Wno-dev to suppress it.
[1.704s] [0m
[1.705s] -- Using PYTHON_EXECUTABLE: /usr/bin/python3
[1.705s] -- Using PYTHON_INCLUDE_DIRS: /usr/include/python3.8
[1.705s] -- Using PYTHON_LIBRARIES: /usr/lib/x86_64-linux-gnu/libpython3.8.so
[1.750s] -- Configuring done (1.0s)
[1.793s] -- Generating done (0.0s)
[1.794s] -- Build files have been written to: /home/winter24/gcamp_ros2_ws/build/yolov8_msgs
[1.886s] Invoked command in '/home/winter24/gcamp_ros2_ws/build/yolov8_msgs' returned '0': CMAKE_PREFIX_PATH=${CMAKE_PREFIX_PATH}:/home/winter24/gcamp_ros2_ws/install/yolov8_ros:/home/winter24/gcamp_ros2_ws/install/tf2_web_republisher_py:/opt/ros/foxy /home/winter24/.local/bin/cmake /home/winter24/gcamp_ros2_ws/yolov8_ros/yolov8_msgs -DCMAKE_INSTALL_PREFIX=/home/winter24/gcamp_ros2_ws/install/yolov8_msgs
[1.889s] Invoking command in '/home/winter24/gcamp_ros2_ws/build/yolov8_msgs': CMAKE_PREFIX_PATH=${CMAKE_PREFIX_PATH}:/home/winter24/gcamp_ros2_ws/install/yolov8_ros:/home/winter24/gcamp_ros2_ws/install/tf2_web_republisher_py:/opt/ros/foxy /home/winter24/.local/bin/cmake --build /home/winter24/gcamp_ros2_ws/build/yolov8_msgs -- -j16 -l16
[2.205s] [  0%] Built target yolov8_msgs__cpp
[2.206s] [ 12%] Built target yolov8_msgs__rosidl_generator_c
[2.206s] [ 24%] Built target yolov8_msgs__rosidl_typesupport_introspection_cpp
[2.206s] [ 48%] Built target yolov8_msgs__rosidl_typesupport_c
[2.208s] [ 48%] Built target yolov8_msgs__rosidl_typesupport_cpp
[2.208s] [ 59%] Built target yolov8_msgs__rosidl_typesupport_fastrtps_cpp
[2.208s] [ 71%] Built target yolov8_msgs__rosidl_typesupport_introspection_c
[2.208s] [ 83%] Built target yolov8_msgs__rosidl_typesupport_fastrtps_c
[2.209s] [ 83%] Built target yolov8_msgs
[2.209s] [ 84%] Built target yolov8_msgs__py
[2.209s] [ 95%] Built target yolov8_msgs__python
[2.209s] [ 97%] Built target yolov8_msgs__rosidl_typesupport_fastrtps_c__pyext
[2.209s] [ 98%] Built target yolov8_msgs__rosidl_typesupport_c__pyext
[2.209s] [100%] Built target yolov8_msgs__rosidl_typesupport_introspection_c__pyext
[2.209s] Invoked command in '/home/winter24/gcamp_ros2_ws/build/yolov8_msgs' returned '0': CMAKE_PREFIX_PATH=${CMAKE_PREFIX_PATH}:/home/winter24/gcamp_ros2_ws/install/yolov8_ros:/home/winter24/gcamp_ros2_ws/install/tf2_web_republisher_py:/opt/ros/foxy /home/winter24/.local/bin/cmake --build /home/winter24/gcamp_ros2_ws/build/yolov8_msgs -- -j16 -l16
[2.650s] Invoking command in '/home/winter24/gcamp_ros2_ws/build/yolov8_msgs': CMAKE_PREFIX_PATH=${CMAKE_PREFIX_PATH}:/home/winter24/gcamp_ros2_ws/install/yolov8_ros:/home/winter24/gcamp_ros2_ws/install/tf2_web_republisher_py:/opt/ros/foxy /home/winter24/.local/bin/cmake --install /home/winter24/gcamp_ros2_ws/build/yolov8_msgs
[2.669s] -- Install configuration: ""
[2.669s] -- Execute custom install script
[2.669s] -- Up-to-date symlink: /home/winter24/gcamp_ros2_ws/install/yolov8_msgs/share/ament_index/resource_index/rosidl_interfaces/yolov8_msgs
[2.670s] -- Up-to-date symlink: /home/winter24/gcamp_ros2_ws/install/yolov8_msgs/include/yolov8_msgs/msg/bounding_box2_d.h
[2.670s] -- Up-to-date symlink: /home/winter24/gcamp_ros2_ws/install/yolov8_msgs/include/yolov8_msgs/msg/bounding_box3_d.h
[2.670s] -- Up-to-date symlink: /home/winter24/gcamp_ros2_ws/install/yolov8_msgs/include/yolov8_msgs/msg/detail/bounding_box2_d__functions.h
[2.670s] -- Up-to-date symlink: /home/winter24/gcamp_ros2_ws/install/yolov8_msgs/include/yolov8_msgs/msg/detail/bounding_box2_d__struct.h
[2.670s] -- Up-to-date symlink: /home/winter24/gcamp_ros2_ws/install/yolov8_msgs/include/yolov8_msgs/msg/detail/bounding_box2_d__type_support.h
[2.670s] -- Up-to-date symlink: /home/winter24/gcamp_ros2_ws/install/yolov8_msgs/include/yolov8_msgs/msg/detail/bounding_box3_d__functions.h
[2.670s] -- Up-to-date symlink: /home/winter24/gcamp_ros2_ws/install/yolov8_msgs/include/yolov8_msgs/msg/detail/bounding_box3_d__struct.h
[2.670s] -- Up-to-date symlink: /home/winter24/gcamp_ros2_ws/install/yolov8_msgs/include/yolov8_msgs/msg/detail/bounding_box3_d__type_support.h
[2.670s] -- Up-to-date symlink: /home/winter24/gcamp_ros2_ws/install/yolov8_msgs/include/yolov8_msgs/msg/detail/detection__functions.h
[2.671s] -- Up-to-date symlink: /home/winter24/gcamp_ros2_ws/install/yolov8_msgs/include/yolov8_msgs/msg/detail/detection__struct.h
[2.671s] -- Up-to-date symlink: /home/winter24/gcamp_ros2_ws/install/yolov8_msgs/include/yolov8_msgs/msg/detail/detection__type_support.h
[2.671s] -- Up-to-date symlink: /home/winter24/gcamp_ros2_ws/install/yolov8_msgs/include/yolov8_msgs/msg/detail/detection_array__functions.h
[2.671s] -- Up-to-date symlink: /home/winter24/gcamp_ros2_ws/install/yolov8_msgs/include/yolov8_msgs/msg/detail/detection_array__struct.h
[2.671s] -- Up-to-date symlink: /home/winter24/gcamp_ros2_ws/install/yolov8_msgs/include/yolov8_msgs/msg/detail/detection_array__type_support.h
[2.671s] -- Up-to-date symlink: /home/winter24/gcamp_ros2_ws/install/yolov8_msgs/include/yolov8_msgs/msg/detail/key_point2_d__functions.h
[2.671s] -- Up-to-date symlink: /home/winter24/gcamp_ros2_ws/install/yolov8_msgs/include/yolov8_msgs/msg/detail/key_point2_d__struct.h
[2.671s] -- Up-to-date symlink: /home/winter24/gcamp_ros2_ws/install/yolov8_msgs/include/yolov8_msgs/msg/detail/key_point2_d__type_support.h
[2.671s] -- Up-to-date symlink: /home/winter24/gcamp_ros2_ws/install/yolov8_msgs/include/yolov8_msgs/msg/detail/key_point2_d_array__functions.h
[2.671s] -- Up-to-date symlink: /home/winter24/gcamp_ros2_ws/install/yolov8_msgs/include/yolov8_msgs/msg/detail/key_point2_d_array__struct.h
[2.671s] -- Up-to-date symlink: /home/winter24/gcamp_ros2_ws/install/yolov8_msgs/include/yolov8_msgs/msg/detail/key_point2_d_array__type_support.h
[2.672s] -- Up-to-date symlink: /home/winter24/gcamp_ros2_ws/install/yolov8_msgs/include/yolov8_msgs/msg/detail/key_point3_d__functions.h
[2.672s] -- Up-to-date symlink: /home/winter24/gcamp_ros2_ws/install/yolov8_msgs/include/yolov8_msgs/msg/detail/key_point3_d__struct.h
[2.672s] -- Up-to-date symlink: /home/winter24/gcamp_ros2_ws/install/yolov8_msgs/include/yolov8_msgs/msg/detail/key_point3_d__type_support.h
[2.672s] -- Up-to-date symlink: /home/winter24/gcamp_ros2_ws/install/yolov8_msgs/include/yolov8_msgs/msg/detail/key_point3_d_array__functions.h
[2.672s] -- Up-to-date symlink: /home/winter24/gcamp_ros2_ws/install/yolov8_msgs/include/yolov8_msgs/msg/detail/key_point3_d_array__struct.h
[2.672s] -- Up-to-date symlink: /home/winter24/gcamp_ros2_ws/install/yolov8_msgs/include/yolov8_msgs/msg/detail/key_point3_d_array__type_support.h
[2.672s] -- Up-to-date symlink: /home/winter24/gcamp_ros2_ws/install/yolov8_msgs/include/yolov8_msgs/msg/detail/mask__functions.h
[2.672s] -- Up-to-date symlink: /home/winter24/gcamp_ros2_ws/install/yolov8_msgs/include/yolov8_msgs/msg/detail/mask__struct.h
[2.672s] -- Up-to-date symlink: /home/winter24/gcamp_ros2_ws/install/yolov8_msgs/include/yolov8_msgs/msg/detail/mask__type_support.h
[2.672s] -- Up-to-date symlink: /home/winter24/gcamp_ros2_ws/install/yolov8_msgs/include/yolov8_msgs/msg/detail/point2_d__functions.h
[2.672s] -- Up-to-date symlink: /home/winter24/gcamp_ros2_ws/install/yolov8_msgs/include/yolov8_msgs/msg/detail/point2_d__struct.h
[2.673s] -- Up-to-date symlink: /home/winter24/gcamp_ros2_ws/install/yolov8_msgs/include/yolov8_msgs/msg/detail/point2_d__type_support.h
[2.673s] -- Up-to-date symlink: /home/winter24/gcamp_ros2_ws/install/yolov8_msgs/include/yolov8_msgs/msg/detail/pose2_d__functions.h
[2.673s] -- Up-to-date symlink: /home/winter24/gcamp_ros2_ws/install/yolov8_msgs/include/yolov8_msgs/msg/detail/pose2_d__struct.h
[2.673s] -- Up-to-date symlink: /home/winter24/gcamp_ros2_ws/install/yolov8_msgs/include/yolov8_msgs/msg/detail/pose2_d__type_support.h
[2.673s] -- Up-to-date symlink: /home/winter24/gcamp_ros2_ws/install/yolov8_msgs/include/yolov8_msgs/msg/detail/vector2__functions.h
[2.673s] -- Up-to-date symlink: /home/winter24/gcamp_ros2_ws/install/yolov8_msgs/include/yolov8_msgs/msg/detail/vector2__struct.h
[2.673s] -- Up-to-date symlink: /home/winter24/gcamp_ros2_ws/install/yolov8_msgs/include/yolov8_msgs/msg/detail/vector2__type_support.h
[2.673s] -- Up-to-date symlink: /home/winter24/gcamp_ros2_ws/install/yolov8_msgs/include/yolov8_msgs/msg/detection.h
[2.673s] -- Up-to-date symlink: /home/winter24/gcamp_ros2_ws/install/yolov8_msgs/include/yolov8_msgs/msg/detection_array.h
[2.673s] -- Up-to-date symlink: /home/winter24/gcamp_ros2_ws/install/yolov8_msgs/include/yolov8_msgs/msg/key_point2_d.h
[2.673s] -- Up-to-date symlink: /home/winter24/gcamp_ros2_ws/install/yolov8_msgs/include/yolov8_msgs/msg/key_point2_d_array.h
[2.673s] -- Up-to-date symlink: /home/winter24/gcamp_ros2_ws/install/yolov8_msgs/include/yolov8_msgs/msg/key_point3_d.h
[2.673s] -- Up-to-date symlink: /home/winter24/gcamp_ros2_ws/install/yolov8_msgs/include/yolov8_msgs/msg/key_point3_d_array.h
[2.674s] -- Up-to-date symlink: /home/winter24/gcamp_ros2_ws/install/yolov8_msgs/include/yolov8_msgs/msg/mask.h
[2.674s] -- Up-to-date symlink: /home/winter24/gcamp_ros2_ws/install/yolov8_msgs/include/yolov8_msgs/msg/point2_d.h
[2.674s] -- Up-to-date symlink: /home/winter24/gcamp_ros2_ws/install/yolov8_msgs/include/yolov8_msgs/msg/pose2_d.h
[2.674s] -- Up-to-date symlink: /home/winter24/gcamp_ros2_ws/install/yolov8_msgs/include/yolov8_msgs/msg/rosidl_generator_c__visibility_control.h
[2.674s] -- Up-to-date symlink: /home/winter24/gcamp_ros2_ws/install/yolov8_msgs/include/yolov8_msgs/msg/vector2.h
[2.674s] -- Up-to-date symlink: /home/winter24/gcamp_ros2_ws/install/yolov8_msgs/share/yolov8_msgs/environment/library_path.sh
[2.674s] -- Up-to-date symlink: /home/winter24/gcamp_ros2_ws/install/yolov8_msgs/share/yolov8_msgs/environment/library_path.dsv
[2.674s] -- Up-to-date symlink: /home/winter24/gcamp_ros2_ws/install/yolov8_msgs/include/yolov8_msgs/msg/detail/bounding_box2_d__rosidl_typesupport_fastrtps_c.h
[2.674s] -- Up-to-date symlink: /home/winter24/gcamp_ros2_ws/install/yolov8_msgs/include/yolov8_msgs/msg/detail/bounding_box3_d__rosidl_typesupport_fastrtps_c.h
[2.674s] -- Up-to-date symlink: /home/winter24/gcamp_ros2_ws/install/yolov8_msgs/include/yolov8_msgs/msg/detail/detection__rosidl_typesupport_fastrtps_c.h
[2.674s] -- Up-to-date symlink: /home/winter24/gcamp_ros2_ws/install/yolov8_msgs/include/yolov8_msgs/msg/detail/detection_array__rosidl_typesupport_fastrtps_c.h
[2.674s] -- Up-to-date symlink: /home/winter24/gcamp_ros2_ws/install/yolov8_msgs/include/yolov8_msgs/msg/detail/key_point2_d__rosidl_typesupport_fastrtps_c.h
[2.674s] -- Up-to-date symlink: /home/winter24/gcamp_ros2_ws/install/yolov8_msgs/include/yolov8_msgs/msg/detail/key_point2_d_array__rosidl_typesupport_fastrtps_c.h
[2.674s] -- Up-to-date symlink: /home/winter24/gcamp_ros2_ws/install/yolov8_msgs/include/yolov8_msgs/msg/detail/key_point3_d__rosidl_typesupport_fastrtps_c.h
[2.675s] -- Up-to-date symlink: /home/winter24/gcamp_ros2_ws/install/yolov8_msgs/include/yolov8_msgs/msg/detail/key_point3_d_array__rosidl_typesupport_fastrtps_c.h
[2.675s] -- Up-to-date symlink: /home/winter24/gcamp_ros2_ws/install/yolov8_msgs/include/yolov8_msgs/msg/detail/mask__rosidl_typesupport_fastrtps_c.h
[2.675s] -- Up-to-date symlink: /home/winter24/gcamp_ros2_ws/install/yolov8_msgs/include/yolov8_msgs/msg/detail/point2_d__rosidl_typesupport_fastrtps_c.h
[2.675s] -- Up-to-date symlink: /home/winter24/gcamp_ros2_ws/install/yolov8_msgs/include/yolov8_msgs/msg/detail/pose2_d__rosidl_typesupport_fastrtps_c.h
[2.675s] -- Up-to-date symlink: /home/winter24/gcamp_ros2_ws/install/yolov8_msgs/include/yolov8_msgs/msg/detail/vector2__rosidl_typesupport_fastrtps_c.h
[2.675s] -- Up-to-date symlink: /home/winter24/gcamp_ros2_ws/install/yolov8_msgs/include/yolov8_msgs/msg/rosidl_typesupport_fastrtps_c__visibility_control.h
[2.675s] -- Up-to-date symlink: /home/winter24/gcamp_ros2_ws/install/yolov8_msgs/lib/libyolov8_msgs__rosidl_typesupport_fastrtps_c.so
[2.675s] -- Up-to-date symlink: /home/winter24/gcamp_ros2_ws/install/yolov8_msgs/include/yolov8_msgs/msg/detail/bounding_box2_d__rosidl_typesupport_fastrtps_cpp.hpp
[2.675s] -- Up-to-date symlink: /home/winter24/gcamp_ros2_ws/install/yolov8_msgs/include/yolov8_msgs/msg/detail/bounding_box3_d__rosidl_typesupport_fastrtps_cpp.hpp
[2.675s] -- Up-to-date symlink: /home/winter24/gcamp_ros2_ws/install/yolov8_msgs/include/yolov8_msgs/msg/detail/detection__rosidl_typesupport_fastrtps_cpp.hpp
[2.675s] -- Up-to-date symlink: /home/winter24/gcamp_ros2_ws/install/yolov8_msgs/include/yolov8_msgs/msg/detail/detection_array__rosidl_typesupport_fastrtps_cpp.hpp
[2.675s] -- Up-to-date symlink: /home/winter24/gcamp_ros2_ws/install/yolov8_msgs/include/yolov8_msgs/msg/detail/key_point2_d__rosidl_typesupport_fastrtps_cpp.hpp
[2.676s] -- Up-to-date symlink: /home/winter24/gcamp_ros2_ws/install/yolov8_msgs/include/yolov8_msgs/msg/detail/key_point2_d_array__rosidl_typesupport_fastrtps_cpp.hpp
[2.676s] -- Up-to-date symlink: /home/winter24/gcamp_ros2_ws/install/yolov8_msgs/include/yolov8_msgs/msg/detail/key_point3_d__rosidl_typesupport_fastrtps_cpp.hpp
[2.676s] -- Up-to-date symlink: /home/winter24/gcamp_ros2_ws/install/yolov8_msgs/include/yolov8_msgs/msg/detail/key_point3_d_array__rosidl_typesupport_fastrtps_cpp.hpp
[2.676s] -- Up-to-date symlink: /home/winter24/gcamp_ros2_ws/install/yolov8_msgs/include/yolov8_msgs/msg/detail/mask__rosidl_typesupport_fastrtps_cpp.hpp
[2.676s] -- Up-to-date symlink: /home/winter24/gcamp_ros2_ws/install/yolov8_msgs/include/yolov8_msgs/msg/detail/point2_d__rosidl_typesupport_fastrtps_cpp.hpp
[2.676s] -- Up-to-date symlink: /home/winter24/gcamp_ros2_ws/install/yolov8_msgs/include/yolov8_msgs/msg/detail/pose2_d__rosidl_typesupport_fastrtps_cpp.hpp
[2.676s] -- Up-to-date symlink: /home/winter24/gcamp_ros2_ws/install/yolov8_msgs/include/yolov8_msgs/msg/detail/vector2__rosidl_typesupport_fastrtps_cpp.hpp
[2.676s] -- Up-to-date symlink: /home/winter24/gcamp_ros2_ws/install/yolov8_msgs/include/yolov8_msgs/msg/rosidl_typesupport_fastrtps_cpp__visibility_control.h
[2.676s] -- Up-to-date symlink: /home/winter24/gcamp_ros2_ws/install/yolov8_msgs/lib/libyolov8_msgs__rosidl_typesupport_fastrtps_cpp.so
[2.676s] -- Up-to-date symlink: /home/winter24/gcamp_ros2_ws/install/yolov8_msgs/include/yolov8_msgs/msg/detail/bounding_box2_d__rosidl_typesupport_introspection_c.h
[2.676s] -- Up-to-date symlink: /home/winter24/gcamp_ros2_ws/install/yolov8_msgs/include/yolov8_msgs/msg/detail/bounding_box3_d__rosidl_typesupport_introspection_c.h
[2.676s] -- Up-to-date symlink: /home/winter24/gcamp_ros2_ws/install/yolov8_msgs/include/yolov8_msgs/msg/detail/detection__rosidl_typesupport_introspection_c.h
[2.676s] -- Up-to-date symlink: /home/winter24/gcamp_ros2_ws/install/yolov8_msgs/include/yolov8_msgs/msg/detail/detection_array__rosidl_typesupport_introspection_c.h
[2.676s] -- Up-to-date symlink: /home/winter24/gcamp_ros2_ws/install/yolov8_msgs/include/yolov8_msgs/msg/detail/key_point2_d__rosidl_typesupport_introspection_c.h
[2.677s] -- Up-to-date symlink: /home/winter24/gcamp_ros2_ws/install/yolov8_msgs/include/yolov8_msgs/msg/detail/key_point2_d_array__rosidl_typesupport_introspection_c.h
[2.677s] -- Up-to-date symlink: /home/winter24/gcamp_ros2_ws/install/yolov8_msgs/include/yolov8_msgs/msg/detail/key_point3_d__rosidl_typesupport_introspection_c.h
[2.677s] -- Up-to-date symlink: /home/winter24/gcamp_ros2_ws/install/yolov8_msgs/include/yolov8_msgs/msg/detail/key_point3_d_array__rosidl_typesupport_introspection_c.h
[2.677s] -- Up-to-date symlink: /home/winter24/gcamp_ros2_ws/install/yolov8_msgs/include/yolov8_msgs/msg/detail/mask__rosidl_typesupport_introspection_c.h
[2.677s] -- Up-to-date symlink: /home/winter24/gcamp_ros2_ws/install/yolov8_msgs/include/yolov8_msgs/msg/detail/point2_d__rosidl_typesupport_introspection_c.h
[2.677s] -- Up-to-date symlink: /home/winter24/gcamp_ros2_ws/install/yolov8_msgs/include/yolov8_msgs/msg/detail/pose2_d__rosidl_typesupport_introspection_c.h
[2.677s] -- Up-to-date symlink: /home/winter24/gcamp_ros2_ws/install/yolov8_msgs/include/yolov8_msgs/msg/detail/vector2__rosidl_typesupport_introspection_c.h
[2.677s] -- Up-to-date symlink: /home/winter24/gcamp_ros2_ws/install/yolov8_msgs/include/yolov8_msgs/msg/rosidl_typesupport_introspection_c__visibility_control.h
[2.677s] -- Up-to-date symlink: /home/winter24/gcamp_ros2_ws/install/yolov8_msgs/include/yolov8_msgs/msg/bounding_box2_d.hpp
[2.677s] -- Up-to-date symlink: /home/winter24/gcamp_ros2_ws/install/yolov8_msgs/include/yolov8_msgs/msg/bounding_box3_d.hpp
[2.677s] -- Up-to-date symlink: /home/winter24/gcamp_ros2_ws/install/yolov8_msgs/include/yolov8_msgs/msg/detail/bounding_box2_d__builder.hpp
[2.677s] -- Up-to-date symlink: /home/winter24/gcamp_ros2_ws/install/yolov8_msgs/include/yolov8_msgs/msg/detail/bounding_box2_d__struct.hpp
[2.677s] -- Up-to-date symlink: /home/winter24/gcamp_ros2_ws/install/yolov8_msgs/include/yolov8_msgs/msg/detail/bounding_box2_d__traits.hpp
[2.678s] -- Up-to-date symlink: /home/winter24/gcamp_ros2_ws/install/yolov8_msgs/include/yolov8_msgs/msg/detail/bounding_box2_d__type_support.hpp
[2.678s] -- Up-to-date symlink: /home/winter24/gcamp_ros2_ws/install/yolov8_msgs/include/yolov8_msgs/msg/detail/bounding_box3_d__builder.hpp
[2.678s] -- Up-to-date symlink: /home/winter24/gcamp_ros2_ws/install/yolov8_msgs/include/yolov8_msgs/msg/detail/bounding_box3_d__struct.hpp
[2.678s] -- Up-to-date symlink: /home/winter24/gcamp_ros2_ws/install/yolov8_msgs/include/yolov8_msgs/msg/detail/bounding_box3_d__traits.hpp
[2.678s] -- Up-to-date symlink: /home/winter24/gcamp_ros2_ws/install/yolov8_msgs/include/yolov8_msgs/msg/detail/bounding_box3_d__type_support.hpp
[2.678s] -- Up-to-date symlink: /home/winter24/gcamp_ros2_ws/install/yolov8_msgs/include/yolov8_msgs/msg/detail/detection__builder.hpp
[2.678s] -- Up-to-date symlink: /home/winter24/gcamp_ros2_ws/install/yolov8_msgs/include/yolov8_msgs/msg/detail/detection__struct.hpp
[2.678s] -- Up-to-date symlink: /home/winter24/gcamp_ros2_ws/install/yolov8_msgs/include/yolov8_msgs/msg/detail/detection__traits.hpp
[2.678s] -- Up-to-date symlink: /home/winter24/gcamp_ros2_ws/install/yolov8_msgs/include/yolov8_msgs/msg/detail/detection__type_support.hpp
[2.678s] -- Up-to-date symlink: /home/winter24/gcamp_ros2_ws/install/yolov8_msgs/include/yolov8_msgs/msg/detail/detection_array__builder.hpp
[2.678s] -- Up-to-date symlink: /home/winter24/gcamp_ros2_ws/install/yolov8_msgs/include/yolov8_msgs/msg/detail/detection_array__struct.hpp
[2.678s] -- Up-to-date symlink: /home/winter24/gcamp_ros2_ws/install/yolov8_msgs/include/yolov8_msgs/msg/detail/detection_array__traits.hpp
[2.678s] -- Up-to-date symlink: /home/winter24/gcamp_ros2_ws/install/yolov8_msgs/include/yolov8_msgs/msg/detail/detection_array__type_support.hpp
[2.679s] -- Up-to-date symlink: /home/winter24/gcamp_ros2_ws/install/yolov8_msgs/include/yolov8_msgs/msg/detail/key_point2_d__builder.hpp
[2.679s] -- Up-to-date symlink: /home/winter24/gcamp_ros2_ws/install/yolov8_msgs/include/yolov8_msgs/msg/detail/key_point2_d__struct.hpp
[2.679s] -- Up-to-date symlink: /home/winter24/gcamp_ros2_ws/install/yolov8_msgs/include/yolov8_msgs/msg/detail/key_point2_d__traits.hpp
[2.679s] -- Up-to-date symlink: /home/winter24/gcamp_ros2_ws/install/yolov8_msgs/include/yolov8_msgs/msg/detail/key_point2_d__type_support.hpp
[2.679s] -- Up-to-date symlink: /home/winter24/gcamp_ros2_ws/install/yolov8_msgs/include/yolov8_msgs/msg/detail/key_point2_d_array__builder.hpp
[2.679s] -- Up-to-date symlink: /home/winter24/gcamp_ros2_ws/install/yolov8_msgs/include/yolov8_msgs/msg/detail/key_point2_d_array__struct.hpp
[2.679s] -- Up-to-date symlink: /home/winter24/gcamp_ros2_ws/install/yolov8_msgs/include/yolov8_msgs/msg/detail/key_point2_d_array__traits.hpp
[2.679s] -- Up-to-date symlink: /home/winter24/gcamp_ros2_ws/install/yolov8_msgs/include/yolov8_msgs/msg/detail/key_point2_d_array__type_support.hpp
[2.679s] -- Up-to-date symlink: /home/winter24/gcamp_ros2_ws/install/yolov8_msgs/include/yolov8_msgs/msg/detail/key_point3_d__builder.hpp
[2.679s] -- Up-to-date symlink: /home/winter24/gcamp_ros2_ws/install/yolov8_msgs/include/yolov8_msgs/msg/detail/key_point3_d__struct.hpp
[2.679s] -- Up-to-date symlink: /home/winter24/gcamp_ros2_ws/install/yolov8_msgs/include/yolov8_msgs/msg/detail/key_point3_d__traits.hpp
[2.679s] -- Up-to-date symlink: /home/winter24/gcamp_ros2_ws/install/yolov8_msgs/include/yolov8_msgs/msg/detail/key_point3_d__type_support.hpp
[2.679s] -- Up-to-date symlink: /home/winter24/gcamp_ros2_ws/install/yolov8_msgs/include/yolov8_msgs/msg/detail/key_point3_d_array__builder.hpp
[2.680s] -- Up-to-date symlink: /home/winter24/gcamp_ros2_ws/install/yolov8_msgs/include/yolov8_msgs/msg/detail/key_point3_d_array__struct.hpp
[2.680s] -- Up-to-date symlink: /home/winter24/gcamp_ros2_ws/install/yolov8_msgs/include/yolov8_msgs/msg/detail/key_point3_d_array__traits.hpp
[2.680s] -- Up-to-date symlink: /home/winter24/gcamp_ros2_ws/install/yolov8_msgs/include/yolov8_msgs/msg/detail/key_point3_d_array__type_support.hpp
[2.680s] -- Up-to-date symlink: /home/winter24/gcamp_ros2_ws/install/yolov8_msgs/include/yolov8_msgs/msg/detail/mask__builder.hpp
[2.680s] -- Up-to-date symlink: /home/winter24/gcamp_ros2_ws/install/yolov8_msgs/include/yolov8_msgs/msg/detail/mask__struct.hpp
[2.680s] -- Up-to-date symlink: /home/winter24/gcamp_ros2_ws/install/yolov8_msgs/include/yolov8_msgs/msg/detail/mask__traits.hpp
[2.680s] -- Up-to-date symlink: /home/winter24/gcamp_ros2_ws/install/yolov8_msgs/include/yolov8_msgs/msg/detail/mask__type_support.hpp
[2.680s] -- Up-to-date symlink: /home/winter24/gcamp_ros2_ws/install/yolov8_msgs/include/yolov8_msgs/msg/detail/point2_d__builder.hpp
[2.680s] -- Up-to-date symlink: /home/winter24/gcamp_ros2_ws/install/yolov8_msgs/include/yolov8_msgs/msg/detail/point2_d__struct.hpp
[2.680s] -- Up-to-date symlink: /home/winter24/gcamp_ros2_ws/install/yolov8_msgs/include/yolov8_msgs/msg/detail/point2_d__traits.hpp
[2.680s] -- Up-to-date symlink: /home/winter24/gcamp_ros2_ws/install/yolov8_msgs/include/yolov8_msgs/msg/detail/point2_d__type_support.hpp
[2.681s] -- Up-to-date symlink: /home/winter24/gcamp_ros2_ws/install/yolov8_msgs/include/yolov8_msgs/msg/detail/pose2_d__builder.hpp
[2.681s] -- Up-to-date symlink: /home/winter24/gcamp_ros2_ws/install/yolov8_msgs/include/yolov8_msgs/msg/detail/pose2_d__struct.hpp
[2.681s] -- Up-to-date symlink: /home/winter24/gcamp_ros2_ws/install/yolov8_msgs/include/yolov8_msgs/msg/detail/pose2_d__traits.hpp
[2.681s] -- Up-to-date symlink: /home/winter24/gcamp_ros2_ws/install/yolov8_msgs/include/yolov8_msgs/msg/detail/pose2_d__type_support.hpp
[2.681s] -- Up-to-date symlink: /home/winter24/gcamp_ros2_ws/install/yolov8_msgs/include/yolov8_msgs/msg/detail/vector2__builder.hpp
[2.681s] -- Up-to-date symlink: /home/winter24/gcamp_ros2_ws/install/yolov8_msgs/include/yolov8_msgs/msg/detail/vector2__struct.hpp
[2.681s] -- Up-to-date symlink: /home/winter24/gcamp_ros2_ws/install/yolov8_msgs/include/yolov8_msgs/msg/detail/vector2__traits.hpp
[2.681s] -- Up-to-date symlink: /home/winter24/gcamp_ros2_ws/install/yolov8_msgs/include/yolov8_msgs/msg/detail/vector2__type_support.hpp
[2.681s] -- Up-to-date symlink: /home/winter24/gcamp_ros2_ws/install/yolov8_msgs/include/yolov8_msgs/msg/detection.hpp
[2.681s] -- Up-to-date symlink: /home/winter24/gcamp_ros2_ws/install/yolov8_msgs/include/yolov8_msgs/msg/detection_array.hpp
[2.681s] -- Up-to-date symlink: /home/winter24/gcamp_ros2_ws/install/yolov8_msgs/include/yolov8_msgs/msg/key_point2_d.hpp
[2.681s] -- Up-to-date symlink: /home/winter24/gcamp_ros2_ws/install/yolov8_msgs/include/yolov8_msgs/msg/key_point2_d_array.hpp
[2.681s] -- Up-to-date symlink: /home/winter24/gcamp_ros2_ws/install/yolov8_msgs/include/yolov8_msgs/msg/key_point3_d.hpp
[2.681s] -- Up-to-date symlink: /home/winter24/gcamp_ros2_ws/install/yolov8_msgs/include/yolov8_msgs/msg/key_point3_d_array.hpp
[2.682s] -- Up-to-date symlink: /home/winter24/gcamp_ros2_ws/install/yolov8_msgs/include/yolov8_msgs/msg/mask.hpp
[2.682s] -- Up-to-date symlink: /home/winter24/gcamp_ros2_ws/install/yolov8_msgs/include/yolov8_msgs/msg/point2_d.hpp
[2.682s] -- Up-to-date symlink: /home/winter24/gcamp_ros2_ws/install/yolov8_msgs/include/yolov8_msgs/msg/pose2_d.hpp
[2.682s] -- Up-to-date symlink: /home/winter24/gcamp_ros2_ws/install/yolov8_msgs/include/yolov8_msgs/msg/rosidl_generator_cpp__visibility_control.hpp
[2.682s] -- Up-to-date symlink: /home/winter24/gcamp_ros2_ws/install/yolov8_msgs/include/yolov8_msgs/msg/vector2.hpp
[2.682s] -- Up-to-date symlink: /home/winter24/gcamp_ros2_ws/install/yolov8_msgs/include/yolov8_msgs/msg/detail/bounding_box2_d__rosidl_typesupport_introspection_cpp.hpp
[2.682s] -- Up-to-date symlink: /home/winter24/gcamp_ros2_ws/install/yolov8_msgs/include/yolov8_msgs/msg/detail/bounding_box3_d__rosidl_typesupport_introspection_cpp.hpp
[2.682s] -- Up-to-date symlink: /home/winter24/gcamp_ros2_ws/install/yolov8_msgs/include/yolov8_msgs/msg/detail/detection__rosidl_typesupport_introspection_cpp.hpp
[2.682s] -- Up-to-date symlink: /home/winter24/gcamp_ros2_ws/install/yolov8_msgs/include/yolov8_msgs/msg/detail/detection_array__rosidl_typesupport_introspection_cpp.hpp
[2.682s] -- Up-to-date symlink: /home/winter24/gcamp_ros2_ws/install/yolov8_msgs/include/yolov8_msgs/msg/detail/key_point2_d__rosidl_typesupport_introspection_cpp.hpp
[2.682s] -- Up-to-date symlink: /home/winter24/gcamp_ros2_ws/install/yolov8_msgs/include/yolov8_msgs/msg/detail/key_point2_d_array__rosidl_typesupport_introspection_cpp.hpp
[2.682s] -- Up-to-date symlink: /home/winter24/gcamp_ros2_ws/install/yolov8_msgs/include/yolov8_msgs/msg/detail/key_point3_d__rosidl_typesupport_introspection_cpp.hpp
[2.682s] -- Up-to-date symlink: /home/winter24/gcamp_ros2_ws/install/yolov8_msgs/include/yolov8_msgs/msg/detail/key_point3_d_array__rosidl_typesupport_introspection_cpp.hpp
[2.682s] -- Up-to-date symlink: /home/winter24/gcamp_ros2_ws/install/yolov8_msgs/include/yolov8_msgs/msg/detail/mask__rosidl_typesupport_introspection_cpp.hpp
[2.683s] -- Up-to-date symlink: /home/winter24/gcamp_ros2_ws/install/yolov8_msgs/include/yolov8_msgs/msg/detail/point2_d__rosidl_typesupport_introspection_cpp.hpp
[2.683s] -- Up-to-date symlink: /home/winter24/gcamp_ros2_ws/install/yolov8_msgs/include/yolov8_msgs/msg/detail/pose2_d__rosidl_typesupport_introspection_cpp.hpp
[2.683s] -- Up-to-date symlink: /home/winter24/gcamp_ros2_ws/install/yolov8_msgs/include/yolov8_msgs/msg/detail/vector2__rosidl_typesupport_introspection_cpp.hpp
[2.683s] -- Up-to-date symlink: /home/winter24/gcamp_ros2_ws/install/yolov8_msgs/share/yolov8_msgs/environment/pythonpath.sh
[2.683s] -- Up-to-date symlink: /home/winter24/gcamp_ros2_ws/install/yolov8_msgs/share/yolov8_msgs/environment/pythonpath.dsv
[2.683s] -- Up-to-date symlink: /home/winter24/gcamp_ros2_ws/install/yolov8_msgs/lib/python3.8/site-packages/yolov8_msgs/__init__.py
[2.683s] -- Up-to-date symlink: /home/winter24/gcamp_ros2_ws/install/yolov8_msgs/lib/python3.8/site-packages/yolov8_msgs/msg/__init__.py
[2.683s] -- Up-to-date symlink: /home/winter24/gcamp_ros2_ws/install/yolov8_msgs/lib/python3.8/site-packages/yolov8_msgs/msg/_bounding_box2_d.py
[2.683s] -- Up-to-date symlink: /home/winter24/gcamp_ros2_ws/install/yolov8_msgs/lib/python3.8/site-packages/yolov8_msgs/msg/_bounding_box3_d.py
[2.683s] -- Up-to-date symlink: /home/winter24/gcamp_ros2_ws/install/yolov8_msgs/lib/python3.8/site-packages/yolov8_msgs/msg/_detection.py
[2.683s] -- Up-to-date symlink: /home/winter24/gcamp_ros2_ws/install/yolov8_msgs/lib/python3.8/site-packages/yolov8_msgs/msg/_detection_array.py
[2.683s] -- Up-to-date symlink: /home/winter24/gcamp_ros2_ws/install/yolov8_msgs/lib/python3.8/site-packages/yolov8_msgs/msg/_key_point2_d.py
[2.684s] -- Up-to-date symlink: /home/winter24/gcamp_ros2_ws/install/yolov8_msgs/lib/python3.8/site-packages/yolov8_msgs/msg/_key_point2_d_array.py
[2.684s] -- Up-to-date symlink: /home/winter24/gcamp_ros2_ws/install/yolov8_msgs/lib/python3.8/site-packages/yolov8_msgs/msg/_key_point3_d.py
[2.684s] -- Up-to-date symlink: /home/winter24/gcamp_ros2_ws/install/yolov8_msgs/lib/python3.8/site-packages/yolov8_msgs/msg/_key_point3_d_array.py
[2.684s] -- Up-to-date symlink: /home/winter24/gcamp_ros2_ws/install/yolov8_msgs/lib/python3.8/site-packages/yolov8_msgs/msg/_mask.py
[2.684s] -- Up-to-date symlink: /home/winter24/gcamp_ros2_ws/install/yolov8_msgs/lib/python3.8/site-packages/yolov8_msgs/msg/_point2_d.py
[2.684s] -- Up-to-date symlink: /home/winter24/gcamp_ros2_ws/install/yolov8_msgs/lib/python3.8/site-packages/yolov8_msgs/msg/_pose2_d.py
[2.684s] -- Up-to-date symlink: /home/winter24/gcamp_ros2_ws/install/yolov8_msgs/lib/python3.8/site-packages/yolov8_msgs/msg/_vector2.py
[2.684s] -- Up-to-date symlink: /home/winter24/gcamp_ros2_ws/install/yolov8_msgs/lib/python3.8/site-packages/yolov8_msgs/yolov8_msgs_s__rosidl_typesupport_fastrtps_c.cpython-38-x86_64-linux-gnu.so
[2.684s] -- Up-to-date symlink: /home/winter24/gcamp_ros2_ws/install/yolov8_msgs/lib/python3.8/site-packages/yolov8_msgs/yolov8_msgs_s__rosidl_typesupport_introspection_c.cpython-38-x86_64-linux-gnu.so
[2.684s] -- Up-to-date symlink: /home/winter24/gcamp_ros2_ws/install/yolov8_msgs/lib/python3.8/site-packages/yolov8_msgs/yolov8_msgs_s__rosidl_typesupport_c.cpython-38-x86_64-linux-gnu.so
[2.684s] -- Up-to-date symlink: /home/winter24/gcamp_ros2_ws/install/yolov8_msgs/lib/libyolov8_msgs__python.so
[2.684s] -- Up-to-date symlink: /home/winter24/gcamp_ros2_ws/install/yolov8_msgs/share/yolov8_msgs/msg/Point2D.idl
[2.685s] -- Up-to-date symlink: /home/winter24/gcamp_ros2_ws/install/yolov8_msgs/share/yolov8_msgs/msg/Vector2.idl
[2.685s] -- Up-to-date symlink: /home/winter24/gcamp_ros2_ws/install/yolov8_msgs/share/yolov8_msgs/msg/Pose2D.idl
[2.685s] -- Up-to-date symlink: /home/winter24/gcamp_ros2_ws/install/yolov8_msgs/share/yolov8_msgs/msg/BoundingBox2D.idl
[2.685s] -- Up-to-date symlink: /home/winter24/gcamp_ros2_ws/install/yolov8_msgs/share/yolov8_msgs/msg/BoundingBox3D.idl
[2.685s] -- Up-to-date symlink: /home/winter24/gcamp_ros2_ws/install/yolov8_msgs/share/yolov8_msgs/msg/Mask.idl
[2.685s] -- Up-to-date symlink: /home/winter24/gcamp_ros2_ws/install/yolov8_msgs/share/yolov8_msgs/msg/KeyPoint2D.idl
[2.685s] -- Up-to-date symlink: /home/winter24/gcamp_ros2_ws/install/yolov8_msgs/share/yolov8_msgs/msg/KeyPoint2DArray.idl
[2.685s] -- Up-to-date symlink: /home/winter24/gcamp_ros2_ws/install/yolov8_msgs/share/yolov8_msgs/msg/KeyPoint3D.idl
[2.685s] -- Up-to-date symlink: /home/winter24/gcamp_ros2_ws/install/yolov8_msgs/share/yolov8_msgs/msg/KeyPoint3DArray.idl
[2.685s] -- Up-to-date symlink: /home/winter24/gcamp_ros2_ws/install/yolov8_msgs/share/yolov8_msgs/msg/Detection.idl
[2.685s] -- Up-to-date symlink: /home/winter24/gcamp_ros2_ws/install/yolov8_msgs/share/yolov8_msgs/msg/DetectionArray.idl
[2.685s] -- Up-to-date symlink: /home/winter24/gcamp_ros2_ws/install/yolov8_msgs/share/yolov8_msgs/msg/Point2D.msg
[2.685s] -- Up-to-date symlink: /home/winter24/gcamp_ros2_ws/install/yolov8_msgs/share/yolov8_msgs/msg/Vector2.msg
[2.686s] -- Up-to-date symlink: /home/winter24/gcamp_ros2_ws/install/yolov8_msgs/share/yolov8_msgs/msg/Pose2D.msg
[2.686s] -- Up-to-date symlink: /home/winter24/gcamp_ros2_ws/install/yolov8_msgs/share/yolov8_msgs/msg/BoundingBox2D.msg
[2.686s] -- Up-to-date symlink: /home/winter24/gcamp_ros2_ws/install/yolov8_msgs/share/yolov8_msgs/msg/BoundingBox3D.msg
[2.686s] -- Up-to-date symlink: /home/winter24/gcamp_ros2_ws/install/yolov8_msgs/share/yolov8_msgs/msg/Mask.msg
[2.686s] -- Up-to-date symlink: /home/winter24/gcamp_ros2_ws/install/yolov8_msgs/share/yolov8_msgs/msg/KeyPoint2D.msg
[2.686s] -- Up-to-date symlink: /home/winter24/gcamp_ros2_ws/install/yolov8_msgs/share/yolov8_msgs/msg/KeyPoint2DArray.msg
[2.686s] -- Up-to-date symlink: /home/winter24/gcamp_ros2_ws/install/yolov8_msgs/share/yolov8_msgs/msg/KeyPoint3D.msg
[2.686s] -- Up-to-date symlink: /home/winter24/gcamp_ros2_ws/install/yolov8_msgs/share/yolov8_msgs/msg/KeyPoint3DArray.msg
[2.686s] -- Up-to-date symlink: /home/winter24/gcamp_ros2_ws/install/yolov8_msgs/share/yolov8_msgs/msg/Detection.msg
[2.686s] -- Up-to-date symlink: /home/winter24/gcamp_ros2_ws/install/yolov8_msgs/share/yolov8_msgs/msg/DetectionArray.msg
[2.686s] -- Up-to-date symlink: /home/winter24/gcamp_ros2_ws/install/yolov8_msgs/share/ament_index/resource_index/package_run_dependencies/yolov8_msgs
[2.686s] -- Up-to-date symlink: /home/winter24/gcamp_ros2_ws/install/yolov8_msgs/share/ament_index/resource_index/parent_prefix_path/yolov8_msgs
[2.686s] -- Up-to-date symlink: /home/winter24/gcamp_ros2_ws/install/yolov8_msgs/share/yolov8_msgs/environment/ament_prefix_path.sh
[2.687s] -- Up-to-date symlink: /home/winter24/gcamp_ros2_ws/install/yolov8_msgs/share/yolov8_msgs/environment/ament_prefix_path.dsv
[2.687s] -- Up-to-date symlink: /home/winter24/gcamp_ros2_ws/install/yolov8_msgs/share/yolov8_msgs/environment/path.sh
[2.687s] -- Up-to-date symlink: /home/winter24/gcamp_ros2_ws/install/yolov8_msgs/share/yolov8_msgs/environment/path.dsv
[2.687s] -- Up-to-date symlink: /home/winter24/gcamp_ros2_ws/install/yolov8_msgs/share/yolov8_msgs/local_setup.bash
[2.687s] -- Up-to-date symlink: /home/winter24/gcamp_ros2_ws/install/yolov8_msgs/share/yolov8_msgs/local_setup.sh
[2.687s] -- Up-to-date symlink: /home/winter24/gcamp_ros2_ws/install/yolov8_msgs/share/yolov8_msgs/local_setup.zsh
[2.687s] -- Up-to-date symlink: /home/winter24/gcamp_ros2_ws/install/yolov8_msgs/share/yolov8_msgs/local_setup.dsv
[2.687s] -- Symlinking: /home/winter24/gcamp_ros2_ws/install/yolov8_msgs/share/yolov8_msgs/package.dsv
[2.689s] -- Up-to-date symlink: /home/winter24/gcamp_ros2_ws/install/yolov8_msgs/share/ament_index/resource_index/packages/yolov8_msgs
[2.689s] -- Up-to-date symlink: /home/winter24/gcamp_ros2_ws/install/yolov8_msgs/share/yolov8_msgs/cmake/rosidl_cmake-extras.cmake
[2.689s] -- Up-to-date symlink: /home/winter24/gcamp_ros2_ws/install/yolov8_msgs/share/yolov8_msgs/cmake/ament_cmake_export_dependencies-extras.cmake
[2.689s] -- Up-to-date symlink: /home/winter24/gcamp_ros2_ws/install/yolov8_msgs/share/yolov8_msgs/cmake/ament_cmake_export_libraries-extras.cmake
[2.689s] -- Up-to-date symlink: /home/winter24/gcamp_ros2_ws/install/yolov8_msgs/share/yolov8_msgs/cmake/ament_cmake_export_targets-extras.cmake
[2.689s] -- Up-to-date symlink: /home/winter24/gcamp_ros2_ws/install/yolov8_msgs/share/yolov8_msgs/cmake/ament_cmake_export_include_directories-extras.cmake
[2.689s] -- Up-to-date symlink: /home/winter24/gcamp_ros2_ws/install/yolov8_msgs/share/yolov8_msgs/cmake/rosidl_cmake_export_typesupport_libraries-extras.cmake
[2.689s] -- Up-to-date symlink: /home/winter24/gcamp_ros2_ws/install/yolov8_msgs/share/yolov8_msgs/cmake/rosidl_cmake_export_typesupport_targets-extras.cmake
[2.689s] -- Up-to-date symlink: /home/winter24/gcamp_ros2_ws/install/yolov8_msgs/share/yolov8_msgs/cmake/yolov8_msgsConfig.cmake
[2.689s] -- Up-to-date symlink: /home/winter24/gcamp_ros2_ws/install/yolov8_msgs/share/yolov8_msgs/cmake/yolov8_msgsConfig-version.cmake
[2.689s] -- Up-to-date symlink: /home/winter24/gcamp_ros2_ws/install/yolov8_msgs/share/yolov8_msgs/package.xml
[2.690s] -- Up-to-date: /home/winter24/gcamp_ros2_ws/install/yolov8_msgs/lib/libyolov8_msgs__rosidl_generator_c.so
[2.690s] -- Up-to-date: /home/winter24/gcamp_ros2_ws/install/yolov8_msgs/lib/libyolov8_msgs__rosidl_typesupport_introspection_c.so
[2.690s] -- Up-to-date: /home/winter24/gcamp_ros2_ws/install/yolov8_msgs/lib/libyolov8_msgs__rosidl_typesupport_c.so
[2.690s] -- Up-to-date: /home/winter24/gcamp_ros2_ws/install/yolov8_msgs/lib/libyolov8_msgs__rosidl_typesupport_introspection_cpp.so
[2.690s] -- Up-to-date: /home/winter24/gcamp_ros2_ws/install/yolov8_msgs/lib/libyolov8_msgs__rosidl_typesupport_cpp.so
[2.710s] Compiling '/home/winter24/gcamp_ros2_ws/install/yolov8_msgs/lib/python3.8/site-packages/yolov8_msgs/__init__.py'...
[2.713s] -- Up-to-date: /home/winter24/gcamp_ros2_ws/install/yolov8_msgs/share/yolov8_msgs/cmake/yolov8_msgs__rosidl_generator_cExport.cmake
[2.713s] -- Up-to-date: /home/winter24/gcamp_ros2_ws/install/yolov8_msgs/share/yolov8_msgs/cmake/yolov8_msgs__rosidl_generator_cExport-noconfig.cmake
[2.713s] -- Up-to-date: /home/winter24/gcamp_ros2_ws/install/yolov8_msgs/share/yolov8_msgs/cmake/yolov8_msgs__rosidl_typesupport_introspection_cExport.cmake
[2.713s] -- Up-to-date: /home/winter24/gcamp_ros2_ws/install/yolov8_msgs/share/yolov8_msgs/cmake/yolov8_msgs__rosidl_typesupport_introspection_cExport-noconfig.cmake
[2.713s] -- Up-to-date: /home/winter24/gcamp_ros2_ws/install/yolov8_msgs/share/yolov8_msgs/cmake/yolov8_msgs__rosidl_typesupport_cExport.cmake
[2.713s] -- Up-to-date: /home/winter24/gcamp_ros2_ws/install/yolov8_msgs/share/yolov8_msgs/cmake/yolov8_msgs__rosidl_typesupport_cExport-noconfig.cmake
[2.713s] -- Up-to-date: /home/winter24/gcamp_ros2_ws/install/yolov8_msgs/share/yolov8_msgs/cmake/yolov8_msgs__rosidl_generator_cppExport.cmake
[2.713s] -- Up-to-date: /home/winter24/gcamp_ros2_ws/install/yolov8_msgs/share/yolov8_msgs/cmake/yolov8_msgs__rosidl_typesupport_introspection_cppExport.cmake
[2.713s] -- Up-to-date: /home/winter24/gcamp_ros2_ws/install/yolov8_msgs/share/yolov8_msgs/cmake/yolov8_msgs__rosidl_typesupport_introspection_cppExport-noconfig.cmake
[2.713s] -- Up-to-date: /home/winter24/gcamp_ros2_ws/install/yolov8_msgs/share/yolov8_msgs/cmake/yolov8_msgs__rosidl_typesupport_cppExport.cmake
[2.713s] -- Up-to-date: /home/winter24/gcamp_ros2_ws/install/yolov8_msgs/share/yolov8_msgs/cmake/yolov8_msgs__rosidl_typesupport_cppExport-noconfig.cmake
[2.719s] Invoked command in '/home/winter24/gcamp_ros2_ws/build/yolov8_msgs' returned '0': CMAKE_PREFIX_PATH=${CMAKE_PREFIX_PATH}:/home/winter24/gcamp_ros2_ws/install/yolov8_ros:/home/winter24/gcamp_ros2_ws/install/tf2_web_republisher_py:/opt/ros/foxy /home/winter24/.local/bin/cmake --install /home/winter24/gcamp_ros2_ws/build/yolov8_msgs
