[0.604s] Invoking command in '/home/winter24/gcamp_ros2_ws/build/slam_gmapping': CMAKE_PREFIX_PATH=/home/winter24/gcamp_ros2_ws/install/openslam_gmapping:/home/winter24/gcamp_ros2_ws/install/yolov8_bringup:/home/winter24/gcamp_ros2_ws/install/yolov8_msgs:/home/winter24/gcamp_ros2_ws/install/tf2_web_republisher:/home/winter24/gcamp_ros2_ws/install/slam_gmapping:/home/winter24/gcamp_ros2_ws/install/robot_pose_publisher_ros2:/home/winter24/gcamp_ros2_ws/install/mpu6050driver:/home/winter24/gcamp_ros2_ws/install/gcamp_gazebo:/home/winter24/gcamp_ros2_ws/install/gazebo_mecanum_plugins:/home/winter24/gcamp_ros2_ws/install/aws_robomaker_small_warehouse_world:/home/winter24/gcamp_ros2_ws/install/yolov8_ros:/home/winter24/gcamp_ros2_ws/install/tf2_web_republisher_py:/opt/ros/foxy /home/winter24/.local/bin/cmake --build /home/winter24/gcamp_ros2_ws/build/slam_gmapping -- -j16 -l16
[0.720s] [100%] Built target slam_gmapping
[0.726s] Invoked command in '/home/winter24/gcamp_ros2_ws/build/slam_gmapping' returned '0': CMAKE_PREFIX_PATH=/home/winter24/gcamp_ros2_ws/install/openslam_gmapping:/home/winter24/gcamp_ros2_ws/install/yolov8_bringup:/home/winter24/gcamp_ros2_ws/install/yolov8_msgs:/home/winter24/gcamp_ros2_ws/install/tf2_web_republisher:/home/winter24/gcamp_ros2_ws/install/slam_gmapping:/home/winter24/gcamp_ros2_ws/install/robot_pose_publisher_ros2:/home/winter24/gcamp_ros2_ws/install/mpu6050driver:/home/winter24/gcamp_ros2_ws/install/gcamp_gazebo:/home/winter24/gcamp_ros2_ws/install/gazebo_mecanum_plugins:/home/winter24/gcamp_ros2_ws/install/aws_robomaker_small_warehouse_world:/home/winter24/gcamp_ros2_ws/install/yolov8_ros:/home/winter24/gcamp_ros2_ws/install/tf2_web_republisher_py:/opt/ros/foxy /home/winter24/.local/bin/cmake --build /home/winter24/gcamp_ros2_ws/build/slam_gmapping -- -j16 -l16
[0.845s] Invoking command in '/home/winter24/gcamp_ros2_ws/build/slam_gmapping': CMAKE_PREFIX_PATH=/home/winter24/gcamp_ros2_ws/install/openslam_gmapping:/home/winter24/gcamp_ros2_ws/install/yolov8_bringup:/home/winter24/gcamp_ros2_ws/install/yolov8_msgs:/home/winter24/gcamp_ros2_ws/install/tf2_web_republisher:/home/winter24/gcamp_ros2_ws/install/slam_gmapping:/home/winter24/gcamp_ros2_ws/install/robot_pose_publisher_ros2:/home/winter24/gcamp_ros2_ws/install/mpu6050driver:/home/winter24/gcamp_ros2_ws/install/gcamp_gazebo:/home/winter24/gcamp_ros2_ws/install/gazebo_mecanum_plugins:/home/winter24/gcamp_ros2_ws/install/aws_robomaker_small_warehouse_world:/home/winter24/gcamp_ros2_ws/install/yolov8_ros:/home/winter24/gcamp_ros2_ws/install/tf2_web_republisher_py:/opt/ros/foxy /home/winter24/.local/bin/cmake --install /home/winter24/gcamp_ros2_ws/build/slam_gmapping
[0.863s] -- Install configuration: ""
[0.864s] -- Up-to-date: /home/winter24/gcamp_ros2_ws/install/slam_gmapping/lib/slam_gmapping/slam_gmapping
[0.864s] -- Up-to-date: /home/winter24/gcamp_ros2_ws/install/slam_gmapping/share/slam_gmapping/launch
[0.864s] -- Up-to-date: /home/winter24/gcamp_ros2_ws/install/slam_gmapping/share/slam_gmapping/launch/slam_gmapping.launch.py
[0.864s] -- Up-to-date: /home/winter24/gcamp_ros2_ws/install/slam_gmapping/share/ament_index/resource_index/package_run_dependencies/slam_gmapping
[0.864s] -- Up-to-date: /home/winter24/gcamp_ros2_ws/install/slam_gmapping/share/ament_index/resource_index/parent_prefix_path/slam_gmapping
[0.864s] -- Up-to-date: /home/winter24/gcamp_ros2_ws/install/slam_gmapping/share/slam_gmapping/environment/ament_prefix_path.sh
[0.864s] -- Up-to-date: /home/winter24/gcamp_ros2_ws/install/slam_gmapping/share/slam_gmapping/environment/ament_prefix_path.dsv
[0.864s] -- Up-to-date: /home/winter24/gcamp_ros2_ws/install/slam_gmapping/share/slam_gmapping/environment/path.sh
[0.864s] -- Up-to-date: /home/winter24/gcamp_ros2_ws/install/slam_gmapping/share/slam_gmapping/environment/path.dsv
[0.864s] -- Up-to-date: /home/winter24/gcamp_ros2_ws/install/slam_gmapping/share/slam_gmapping/local_setup.bash
[0.864s] -- Up-to-date: /home/winter24/gcamp_ros2_ws/install/slam_gmapping/share/slam_gmapping/local_setup.sh
[0.864s] -- Up-to-date: /home/winter24/gcamp_ros2_ws/install/slam_gmapping/share/slam_gmapping/local_setup.zsh
[0.864s] -- Up-to-date: /home/winter24/gcamp_ros2_ws/install/slam_gmapping/share/slam_gmapping/local_setup.dsv
[0.864s] -- Installing: /home/winter24/gcamp_ros2_ws/install/slam_gmapping/share/slam_gmapping/package.dsv
[0.864s] -- Up-to-date: /home/winter24/gcamp_ros2_ws/install/slam_gmapping/share/ament_index/resource_index/packages/slam_gmapping
[0.864s] -- Up-to-date: /home/winter24/gcamp_ros2_ws/install/slam_gmapping/share/slam_gmapping/cmake/slam_gmappingConfig.cmake
[0.865s] -- Up-to-date: /home/winter24/gcamp_ros2_ws/install/slam_gmapping/share/slam_gmapping/cmake/slam_gmappingConfig-version.cmake
[0.865s] -- Up-to-date: /home/winter24/gcamp_ros2_ws/install/slam_gmapping/share/slam_gmapping/package.xml
[0.868s] Invoked command in '/home/winter24/gcamp_ros2_ws/build/slam_gmapping' returned '0': CMAKE_PREFIX_PATH=/home/winter24/gcamp_ros2_ws/install/openslam_gmapping:/home/winter24/gcamp_ros2_ws/install/yolov8_bringup:/home/winter24/gcamp_ros2_ws/install/yolov8_msgs:/home/winter24/gcamp_ros2_ws/install/tf2_web_republisher:/home/winter24/gcamp_ros2_ws/install/slam_gmapping:/home/winter24/gcamp_ros2_ws/install/robot_pose_publisher_ros2:/home/winter24/gcamp_ros2_ws/install/mpu6050driver:/home/winter24/gcamp_ros2_ws/install/gcamp_gazebo:/home/winter24/gcamp_ros2_ws/install/gazebo_mecanum_plugins:/home/winter24/gcamp_ros2_ws/install/aws_robomaker_small_warehouse_world:/home/winter24/gcamp_ros2_ws/install/yolov8_ros:/home/winter24/gcamp_ros2_ws/install/tf2_web_republisher_py:/opt/ros/foxy /home/winter24/.local/bin/cmake --install /home/winter24/gcamp_ros2_ws/build/slam_gmapping
