-- The C compiler identification is GNU 11.4.0
-- The CXX compiler identification is GNU 9.4.0
-- Detecting C compiler ABI info
-- Detecting C compiler ABI info - done
-- Check for working C compiler: /usr/bin/cc - skipped
-- Detecting C compile features
-- Detecting C compile features - done
-- Detecting CXX compiler ABI info
-- Detecting CXX compiler ABI info - done
-- Check for working CXX compiler: /usr/bin/c++ - skipped
-- Detecting CXX compile features
-- Detecting CXX compile features - done
-- Found ament_cmake: 0.9.12 (/opt/ros/foxy/share/ament_cmake/cmake)
-- Using PYTHON_EXECUTABLE: /usr/bin/python3
-- Override CMake install command with custom implementation using symlinks instead of copying resources
-- Found rclcpp: 2.4.3 (/opt/ros/foxy/share/rclcpp/cmake)
-- Using all available rosidl_typesupport_c: rosidl_typesupport_fastrtps_c;rosidl_typesupport_introspection_c
-- Found rosidl_adapter: 1.3.1 (/opt/ros/foxy/share/rosidl_adapter/cmake)
-- Using all available rosidl_typesupport_cpp: rosidl_typesupport_fastrtps_cpp;rosidl_typesupport_introspection_cpp
-- Found rmw_implementation_cmake: 1.0.4 (/opt/ros/foxy/share/rmw_implementation_cmake/cmake)
-- Using RMW implementation 'rmw_fastrtps_cpp' as default
-- Found sensor_msgs: 2.0.5 (/opt/ros/foxy/share/sensor_msgs/cmake)
-- Configuring done (1.2s)
-- Generating done (0.0s)
-- Build files have been written to: /home/winter24/gcamp_ros2_ws/build/mpu6050driver
[ 33%] [32mBuilding CXX object CMakeFiles/mpu6050driver.dir/src/mpu6050driver.cpp.o[0m
[ 66%] [32mBuilding CXX object CMakeFiles/mpu6050driver.dir/src/mpu6050sensor.cpp.o[0m
[100%] [32m[1mLinking CXX executable mpu6050driver[0m
[100%] Built target mpu6050driver
-- Install configuration: ""
-- Execute custom install script
-- Up-to-date symlink: /home/winter24/gcamp_ros2_ws/install/mpu6050driver/lib/mpu6050driver/mpu6050driver
-- Up-to-date symlink: /home/winter24/gcamp_ros2_ws/install/mpu6050driver/share/mpu6050driver//launch/mpu6050driver_launch.py
-- Up-to-date symlink: /home/winter24/gcamp_ros2_ws/install/mpu6050driver/share/mpu6050driver//params/mpu6050.yaml
-- Up-to-date symlink: /home/winter24/gcamp_ros2_ws/install/mpu6050driver/share/ament_index/resource_index/package_run_dependencies/mpu6050driver
-- Up-to-date symlink: /home/winter24/gcamp_ros2_ws/install/mpu6050driver/share/ament_index/resource_index/parent_prefix_path/mpu6050driver
-- Up-to-date symlink: /home/winter24/gcamp_ros2_ws/install/mpu6050driver/share/mpu6050driver/environment/ament_prefix_path.sh
-- Up-to-date symlink: /home/winter24/gcamp_ros2_ws/install/mpu6050driver/share/mpu6050driver/environment/ament_prefix_path.dsv
-- Up-to-date symlink: /home/winter24/gcamp_ros2_ws/install/mpu6050driver/share/mpu6050driver/environment/path.sh
-- Up-to-date symlink: /home/winter24/gcamp_ros2_ws/install/mpu6050driver/share/mpu6050driver/environment/path.dsv
-- Up-to-date symlink: /home/winter24/gcamp_ros2_ws/install/mpu6050driver/share/mpu6050driver/local_setup.bash
-- Up-to-date symlink: /home/winter24/gcamp_ros2_ws/install/mpu6050driver/share/mpu6050driver/local_setup.sh
-- Up-to-date symlink: /home/winter24/gcamp_ros2_ws/install/mpu6050driver/share/mpu6050driver/local_setup.zsh
-- Up-to-date symlink: /home/winter24/gcamp_ros2_ws/install/mpu6050driver/share/mpu6050driver/local_setup.dsv
-- Symlinking: /home/winter24/gcamp_ros2_ws/install/mpu6050driver/share/mpu6050driver/package.dsv
-- Up-to-date symlink: /home/winter24/gcamp_ros2_ws/install/mpu6050driver/share/ament_index/resource_index/packages/mpu6050driver
-- Up-to-date symlink: /home/winter24/gcamp_ros2_ws/install/mpu6050driver/share/mpu6050driver/cmake/mpu6050driverConfig.cmake
-- Up-to-date symlink: /home/winter24/gcamp_ros2_ws/install/mpu6050driver/share/mpu6050driver/cmake/mpu6050driverConfig-version.cmake
-- Up-to-date symlink: /home/winter24/gcamp_ros2_ws/install/mpu6050driver/share/mpu6050driver/package.xml
