-- Found ament_cmake: 0.9.12 (/opt/ros/foxy/share/ament_cmake/cmake)
-- Using PYTHON_EXECUTABLE: /usr/bin/python3
-- Override CMake install command with custom implementation using symlinks instead of copying resources
-- Configuring done (0.2s)
-- Generating done (0.0s)
-- Build files have been written to: /home/winter24/gcamp_ros2_ws/build/yolov8_bringup
-- Install configuration: ""
-- Execute custom install script
-- Up-to-date symlink: /home/winter24/gcamp_ros2_ws/install/yolov8_bringup/share/yolov8_bringup//launch/yolov8.launch.py
-- Up-to-date symlink: /home/winter24/gcamp_ros2_ws/install/yolov8_bringup/share/yolov8_bringup//launch/yolov8_3d.launch.py
-- Up-to-date symlink: /home/winter24/gcamp_ros2_ws/install/yolov8_bringup/share/ament_index/resource_index/package_run_dependencies/yolov8_bringup
-- Up-to-date symlink: /home/winter24/gcamp_ros2_ws/install/yolov8_bringup/share/ament_index/resource_index/parent_prefix_path/yolov8_bringup
-- Up-to-date symlink: /home/winter24/gcamp_ros2_ws/install/yolov8_bringup/share/yolov8_bringup/environment/ament_prefix_path.sh
-- Up-to-date symlink: /home/winter24/gcamp_ros2_ws/install/yolov8_bringup/share/yolov8_bringup/environment/ament_prefix_path.dsv
-- Up-to-date symlink: /home/winter24/gcamp_ros2_ws/install/yolov8_bringup/share/yolov8_bringup/environment/path.sh
-- Up-to-date symlink: /home/winter24/gcamp_ros2_ws/install/yolov8_bringup/share/yolov8_bringup/environment/path.dsv
-- Up-to-date symlink: /home/winter24/gcamp_ros2_ws/install/yolov8_bringup/share/yolov8_bringup/local_setup.bash
-- Up-to-date symlink: /home/winter24/gcamp_ros2_ws/install/yolov8_bringup/share/yolov8_bringup/local_setup.sh
-- Up-to-date symlink: /home/winter24/gcamp_ros2_ws/install/yolov8_bringup/share/yolov8_bringup/local_setup.zsh
-- Up-to-date symlink: /home/winter24/gcamp_ros2_ws/install/yolov8_bringup/share/yolov8_bringup/local_setup.dsv
-- Symlinking: /home/winter24/gcamp_ros2_ws/install/yolov8_bringup/share/yolov8_bringup/package.dsv
-- Up-to-date symlink: /home/winter24/gcamp_ros2_ws/install/yolov8_bringup/share/ament_index/resource_index/packages/yolov8_bringup
-- Up-to-date symlink: /home/winter24/gcamp_ros2_ws/install/yolov8_bringup/share/yolov8_bringup/cmake/yolov8_bringupConfig.cmake
-- Up-to-date symlink: /home/winter24/gcamp_ros2_ws/install/yolov8_bringup/share/yolov8_bringup/cmake/yolov8_bringupConfig-version.cmake
-- Up-to-date symlink: /home/winter24/gcamp_ros2_ws/install/yolov8_bringup/share/yolov8_bringup/package.xml
