[0.691s] Invoking command in '/home/winter24/gcamp_ros2_ws/build/yolov8_msgs': CMAKE_PREFIX_PATH=${CMAKE_PREFIX_PATH}:/home/winter24/gcamp_ros2_ws/install/yolov8_ros:/home/winter24/gcamp_ros2_ws/install/tf2_web_republisher_py:/opt/ros/foxy /home/winter24/.local/bin/cmake --build /home/winter24/gcamp_ros2_ws/build/yolov8_msgs -- -j16 -l16
[0.735s] [  0%] Built target yolov8_msgs__cpp
[0.737s] [ 12%] Built target yolov8_msgs__rosidl_generator_c
[0.751s] [ 34%] Built target yolov8_msgs__rosidl_typesupport_cpp
[0.751s] [ 36%] Built target yolov8_msgs__rosidl_typesupport_c
[0.752s] [ 48%] Built target yolov8_msgs__rosidl_typesupport_introspection_c
[0.753s] [ 60%] Built target yolov8_msgs__rosidl_typesupport_introspection_cpp
[0.754s] [ 71%] Built target yolov8_msgs__rosidl_typesupport_fastrtps_cpp
[0.777s] [ 83%] Built target yolov8_msgs__rosidl_typesupport_fastrtps_c
[0.783s] [ 83%] Built target yolov8_msgs
[0.799s] [ 84%] Built target yolov8_msgs__py
[0.814s] [ 95%] Built target yolov8_msgs__python
[0.822s] [ 97%] Built target yolov8_msgs__rosidl_typesupport_introspection_c__pyext
[0.823s] [ 98%] Built target yolov8_msgs__rosidl_typesupport_c__pyext
[0.823s] [100%] Built target yolov8_msgs__rosidl_typesupport_fastrtps_c__pyext
[1.123s] Invoked command in '/home/winter24/gcamp_ros2_ws/build/yolov8_msgs' returned '0': CMAKE_PREFIX_PATH=${CMAKE_PREFIX_PATH}:/home/winter24/gcamp_ros2_ws/install/yolov8_ros:/home/winter24/gcamp_ros2_ws/install/tf2_web_republisher_py:/opt/ros/foxy /home/winter24/.local/bin/cmake --build /home/winter24/gcamp_ros2_ws/build/yolov8_msgs -- -j16 -l16
[1.613s] Invoking command in '/home/winter24/gcamp_ros2_ws/build/yolov8_msgs': CMAKE_PREFIX_PATH=${CMAKE_PREFIX_PATH}:/home/winter24/gcamp_ros2_ws/install/yolov8_ros:/home/winter24/gcamp_ros2_ws/install/tf2_web_republisher_py:/opt/ros/foxy /home/winter24/.local/bin/cmake --install /home/winter24/gcamp_ros2_ws/build/yolov8_msgs
[1.773s] -- Install configuration: ""
[1.773s] -- Up-to-date: /home/winter24/gcamp_ros2_ws/install/yolov8_msgs/share/ament_index/resource_index/rosidl_interfaces/yolov8_msgs
[1.773s] -- Up-to-date: /home/winter24/gcamp_ros2_ws/install/yolov8_msgs/include/yolov8_msgs
[1.773s] -- Up-to-date: /home/winter24/gcamp_ros2_ws/install/yolov8_msgs/include/yolov8_msgs/msg
[1.773s] -- Up-to-date: /home/winter24/gcamp_ros2_ws/install/yolov8_msgs/include/yolov8_msgs/msg/detection.h
[1.773s] -- Up-to-date: /home/winter24/gcamp_ros2_ws/install/yolov8_msgs/include/yolov8_msgs/msg/bounding_box3_d.h
[1.773s] -- Up-to-date: /home/winter24/gcamp_ros2_ws/install/yolov8_msgs/include/yolov8_msgs/msg/vector2.h
[1.773s] -- Up-to-date: /home/winter24/gcamp_ros2_ws/install/yolov8_msgs/include/yolov8_msgs/msg/key_point3_d_array.h
[1.773s] -- Up-to-date: /home/winter24/gcamp_ros2_ws/install/yolov8_msgs/include/yolov8_msgs/msg/key_point2_d_array.h
[1.773s] -- Up-to-date: /home/winter24/gcamp_ros2_ws/install/yolov8_msgs/include/yolov8_msgs/msg/rosidl_generator_c__visibility_control.h
[1.773s] -- Up-to-date: /home/winter24/gcamp_ros2_ws/install/yolov8_msgs/include/yolov8_msgs/msg/key_point3_d.h
[1.773s] -- Up-to-date: /home/winter24/gcamp_ros2_ws/install/yolov8_msgs/include/yolov8_msgs/msg/detection_array.h
[1.773s] -- Up-to-date: /home/winter24/gcamp_ros2_ws/install/yolov8_msgs/include/yolov8_msgs/msg/detail
[1.773s] -- Up-to-date: /home/winter24/gcamp_ros2_ws/install/yolov8_msgs/include/yolov8_msgs/msg/detail/key_point3_d__functions.c
[1.773s] -- Up-to-date: /home/winter24/gcamp_ros2_ws/install/yolov8_msgs/include/yolov8_msgs/msg/detail/key_point2_d__struct.h
[1.773s] -- Up-to-date: /home/winter24/gcamp_ros2_ws/install/yolov8_msgs/include/yolov8_msgs/msg/detail/mask__functions.h
[1.773s] -- Up-to-date: /home/winter24/gcamp_ros2_ws/install/yolov8_msgs/include/yolov8_msgs/msg/detail/detection__functions.h
[1.773s] -- Up-to-date: /home/winter24/gcamp_ros2_ws/install/yolov8_msgs/include/yolov8_msgs/msg/detail/pose2_d__functions.h
[1.773s] -- Up-to-date: /home/winter24/gcamp_ros2_ws/install/yolov8_msgs/include/yolov8_msgs/msg/detail/detection_array__functions.c
[1.773s] -- Up-to-date: /home/winter24/gcamp_ros2_ws/install/yolov8_msgs/include/yolov8_msgs/msg/detail/bounding_box3_d__functions.h
[1.773s] -- Up-to-date: /home/winter24/gcamp_ros2_ws/install/yolov8_msgs/include/yolov8_msgs/msg/detail/vector2__struct.h
[1.774s] -- Up-to-date: /home/winter24/gcamp_ros2_ws/install/yolov8_msgs/include/yolov8_msgs/msg/detail/mask__type_support.h
[1.774s] -- Up-to-date: /home/winter24/gcamp_ros2_ws/install/yolov8_msgs/include/yolov8_msgs/msg/detail/mask__functions.c
[1.774s] -- Up-to-date: /home/winter24/gcamp_ros2_ws/install/yolov8_msgs/include/yolov8_msgs/msg/detail/point2_d__functions.c
[1.774s] -- Up-to-date: /home/winter24/gcamp_ros2_ws/install/yolov8_msgs/include/yolov8_msgs/msg/detail/mask__struct.h
[1.774s] -- Up-to-date: /home/winter24/gcamp_ros2_ws/install/yolov8_msgs/include/yolov8_msgs/msg/detail/point2_d__type_support.h
[1.774s] -- Up-to-date: /home/winter24/gcamp_ros2_ws/install/yolov8_msgs/include/yolov8_msgs/msg/detail/key_point3_d_array__type_support.h
[1.774s] -- Up-to-date: /home/winter24/gcamp_ros2_ws/install/yolov8_msgs/include/yolov8_msgs/msg/detail/detection__functions.c
[1.774s] -- Up-to-date: /home/winter24/gcamp_ros2_ws/install/yolov8_msgs/include/yolov8_msgs/msg/detail/vector2__functions.h
[1.774s] -- Up-to-date: /home/winter24/gcamp_ros2_ws/install/yolov8_msgs/include/yolov8_msgs/msg/detail/pose2_d__functions.c
[1.774s] -- Up-to-date: /home/winter24/gcamp_ros2_ws/install/yolov8_msgs/include/yolov8_msgs/msg/detail/key_point2_d_array__type_support.h
[1.774s] -- Up-to-date: /home/winter24/gcamp_ros2_ws/install/yolov8_msgs/include/yolov8_msgs/msg/detail/key_point3_d__type_support.h
[1.774s] -- Up-to-date: /home/winter24/gcamp_ros2_ws/install/yolov8_msgs/include/yolov8_msgs/msg/detail/detection_array__type_support.h
[1.774s] -- Up-to-date: /home/winter24/gcamp_ros2_ws/install/yolov8_msgs/include/yolov8_msgs/msg/detail/key_point3_d_array__struct.h
[1.774s] -- Up-to-date: /home/winter24/gcamp_ros2_ws/install/yolov8_msgs/include/yolov8_msgs/msg/detail/point2_d__functions.h
[1.774s] -- Up-to-date: /home/winter24/gcamp_ros2_ws/install/yolov8_msgs/include/yolov8_msgs/msg/detail/vector2__type_support.h
[1.774s] -- Up-to-date: /home/winter24/gcamp_ros2_ws/install/yolov8_msgs/include/yolov8_msgs/msg/detail/detection__struct.h
[1.774s] -- Up-to-date: /home/winter24/gcamp_ros2_ws/install/yolov8_msgs/include/yolov8_msgs/msg/detail/key_point2_d_array__functions.c
[1.774s] -- Up-to-date: /home/winter24/gcamp_ros2_ws/install/yolov8_msgs/include/yolov8_msgs/msg/detail/bounding_box3_d__struct.h
[1.774s] -- Up-to-date: /home/winter24/gcamp_ros2_ws/install/yolov8_msgs/include/yolov8_msgs/msg/detail/bounding_box3_d__type_support.h
[1.774s] -- Up-to-date: /home/winter24/gcamp_ros2_ws/install/yolov8_msgs/include/yolov8_msgs/msg/detail/bounding_box2_d__functions.h
[1.774s] -- Up-to-date: /home/winter24/gcamp_ros2_ws/install/yolov8_msgs/include/yolov8_msgs/msg/detail/vector2__functions.c
[1.774s] -- Up-to-date: /home/winter24/gcamp_ros2_ws/install/yolov8_msgs/include/yolov8_msgs/msg/detail/key_point2_d_array__functions.h
[1.774s] -- Up-to-date: /home/winter24/gcamp_ros2_ws/install/yolov8_msgs/include/yolov8_msgs/msg/detail/key_point3_d__struct.h
[1.774s] -- Up-to-date: /home/winter24/gcamp_ros2_ws/install/yolov8_msgs/include/yolov8_msgs/msg/detail/pose2_d__struct.h
[1.774s] -- Up-to-date: /home/winter24/gcamp_ros2_ws/install/yolov8_msgs/include/yolov8_msgs/msg/detail/key_point3_d_array__functions.c
[1.774s] -- Up-to-date: /home/winter24/gcamp_ros2_ws/install/yolov8_msgs/include/yolov8_msgs/msg/detail/pose2_d__type_support.h
[1.774s] -- Up-to-date: /home/winter24/gcamp_ros2_ws/install/yolov8_msgs/include/yolov8_msgs/msg/detail/key_point2_d__type_support.h
[1.774s] -- Up-to-date: /home/winter24/gcamp_ros2_ws/install/yolov8_msgs/include/yolov8_msgs/msg/detail/detection_array__struct.h
[1.774s] -- Up-to-date: /home/winter24/gcamp_ros2_ws/install/yolov8_msgs/include/yolov8_msgs/msg/detail/key_point2_d__functions.c
[1.774s] -- Up-to-date: /home/winter24/gcamp_ros2_ws/install/yolov8_msgs/include/yolov8_msgs/msg/detail/bounding_box2_d__struct.h
[1.774s] -- Up-to-date: /home/winter24/gcamp_ros2_ws/install/yolov8_msgs/include/yolov8_msgs/msg/detail/key_point3_d__functions.h
[1.774s] -- Up-to-date: /home/winter24/gcamp_ros2_ws/install/yolov8_msgs/include/yolov8_msgs/msg/detail/bounding_box2_d__type_support.h
[1.774s] -- Up-to-date: /home/winter24/gcamp_ros2_ws/install/yolov8_msgs/include/yolov8_msgs/msg/detail/key_point2_d_array__struct.h
[1.774s] -- Up-to-date: /home/winter24/gcamp_ros2_ws/install/yolov8_msgs/include/yolov8_msgs/msg/detail/key_point3_d_array__functions.h
[1.774s] -- Up-to-date: /home/winter24/gcamp_ros2_ws/install/yolov8_msgs/include/yolov8_msgs/msg/detail/bounding_box3_d__functions.c
[1.774s] -- Up-to-date: /home/winter24/gcamp_ros2_ws/install/yolov8_msgs/include/yolov8_msgs/msg/detail/detection_array__functions.h
[1.774s] -- Up-to-date: /home/winter24/gcamp_ros2_ws/install/yolov8_msgs/include/yolov8_msgs/msg/detail/bounding_box2_d__functions.c
[1.775s] -- Up-to-date: /home/winter24/gcamp_ros2_ws/install/yolov8_msgs/include/yolov8_msgs/msg/detail/key_point2_d__functions.h
[1.775s] -- Up-to-date: /home/winter24/gcamp_ros2_ws/install/yolov8_msgs/include/yolov8_msgs/msg/detail/point2_d__struct.h
[1.775s] -- Up-to-date: /home/winter24/gcamp_ros2_ws/install/yolov8_msgs/include/yolov8_msgs/msg/detail/detection__type_support.h
[1.775s] -- Up-to-date: /home/winter24/gcamp_ros2_ws/install/yolov8_msgs/include/yolov8_msgs/msg/bounding_box2_d.h
[1.775s] -- Up-to-date: /home/winter24/gcamp_ros2_ws/install/yolov8_msgs/include/yolov8_msgs/msg/point2_d.h
[1.775s] -- Up-to-date: /home/winter24/gcamp_ros2_ws/install/yolov8_msgs/include/yolov8_msgs/msg/pose2_d.h
[1.775s] -- Up-to-date: /home/winter24/gcamp_ros2_ws/install/yolov8_msgs/include/yolov8_msgs/msg/key_point2_d.h
[1.775s] -- Up-to-date: /home/winter24/gcamp_ros2_ws/install/yolov8_msgs/include/yolov8_msgs/msg/mask.h
[1.775s] -- Up-to-date: /home/winter24/gcamp_ros2_ws/install/yolov8_msgs/share/yolov8_msgs/environment/library_path.sh
[1.775s] -- Up-to-date: /home/winter24/gcamp_ros2_ws/install/yolov8_msgs/share/yolov8_msgs/environment/library_path.dsv
[1.775s] -- Up-to-date: /home/winter24/gcamp_ros2_ws/install/yolov8_msgs/lib/libyolov8_msgs__rosidl_generator_c.so
[1.775s] -- Up-to-date: /home/winter24/gcamp_ros2_ws/install/yolov8_msgs/include/yolov8_msgs
[1.775s] -- Up-to-date: /home/winter24/gcamp_ros2_ws/install/yolov8_msgs/include/yolov8_msgs/msg
[1.775s] -- Up-to-date: /home/winter24/gcamp_ros2_ws/install/yolov8_msgs/include/yolov8_msgs/msg/rosidl_typesupport_fastrtps_c__visibility_control.h
[1.775s] -- Up-to-date: /home/winter24/gcamp_ros2_ws/install/yolov8_msgs/include/yolov8_msgs/msg/detail
[1.775s] -- Up-to-date: /home/winter24/gcamp_ros2_ws/install/yolov8_msgs/include/yolov8_msgs/msg/detail/bounding_box2_d__rosidl_typesupport_fastrtps_c.h
[1.775s] -- Up-to-date: /home/winter24/gcamp_ros2_ws/install/yolov8_msgs/include/yolov8_msgs/msg/detail/detection__rosidl_typesupport_fastrtps_c.h
[1.775s] -- Up-to-date: /home/winter24/gcamp_ros2_ws/install/yolov8_msgs/include/yolov8_msgs/msg/detail/vector2__rosidl_typesupport_fastrtps_c.h
[1.775s] -- Up-to-date: /home/winter24/gcamp_ros2_ws/install/yolov8_msgs/include/yolov8_msgs/msg/detail/bounding_box3_d__rosidl_typesupport_fastrtps_c.h
[1.775s] -- Up-to-date: /home/winter24/gcamp_ros2_ws/install/yolov8_msgs/include/yolov8_msgs/msg/detail/key_point3_d__rosidl_typesupport_fastrtps_c.h
[1.775s] -- Up-to-date: /home/winter24/gcamp_ros2_ws/install/yolov8_msgs/include/yolov8_msgs/msg/detail/mask__rosidl_typesupport_fastrtps_c.h
[1.775s] -- Up-to-date: /home/winter24/gcamp_ros2_ws/install/yolov8_msgs/include/yolov8_msgs/msg/detail/key_point3_d_array__rosidl_typesupport_fastrtps_c.h
[1.775s] -- Up-to-date: /home/winter24/gcamp_ros2_ws/install/yolov8_msgs/include/yolov8_msgs/msg/detail/key_point2_d__rosidl_typesupport_fastrtps_c.h
[1.775s] -- Up-to-date: /home/winter24/gcamp_ros2_ws/install/yolov8_msgs/include/yolov8_msgs/msg/detail/point2_d__rosidl_typesupport_fastrtps_c.h
[1.775s] -- Up-to-date: /home/winter24/gcamp_ros2_ws/install/yolov8_msgs/include/yolov8_msgs/msg/detail/detection_array__rosidl_typesupport_fastrtps_c.h
[1.775s] -- Up-to-date: /home/winter24/gcamp_ros2_ws/install/yolov8_msgs/include/yolov8_msgs/msg/detail/key_point2_d_array__rosidl_typesupport_fastrtps_c.h
[1.775s] -- Up-to-date: /home/winter24/gcamp_ros2_ws/install/yolov8_msgs/include/yolov8_msgs/msg/detail/pose2_d__rosidl_typesupport_fastrtps_c.h
[1.775s] -- Up-to-date: /home/winter24/gcamp_ros2_ws/install/yolov8_msgs/lib/libyolov8_msgs__rosidl_typesupport_fastrtps_c.so
[1.775s] -- Up-to-date: /home/winter24/gcamp_ros2_ws/install/yolov8_msgs/include/yolov8_msgs
[1.775s] -- Up-to-date: /home/winter24/gcamp_ros2_ws/install/yolov8_msgs/include/yolov8_msgs/msg
[1.775s] -- Up-to-date: /home/winter24/gcamp_ros2_ws/install/yolov8_msgs/include/yolov8_msgs/msg/detail
[1.775s] -- Up-to-date: /home/winter24/gcamp_ros2_ws/install/yolov8_msgs/include/yolov8_msgs/msg/detail/key_point3_d__rosidl_typesupport_fastrtps_cpp.hpp
[1.775s] -- Up-to-date: /home/winter24/gcamp_ros2_ws/install/yolov8_msgs/include/yolov8_msgs/msg/detail/detection__rosidl_typesupport_fastrtps_cpp.hpp
[1.775s] -- Up-to-date: /home/winter24/gcamp_ros2_ws/install/yolov8_msgs/include/yolov8_msgs/msg/detail/detection_array__rosidl_typesupport_fastrtps_cpp.hpp
[1.775s] -- Up-to-date: /home/winter24/gcamp_ros2_ws/install/yolov8_msgs/include/yolov8_msgs/msg/detail/mask__rosidl_typesupport_fastrtps_cpp.hpp
[1.775s] -- Up-to-date: /home/winter24/gcamp_ros2_ws/install/yolov8_msgs/include/yolov8_msgs/msg/detail/key_point3_d_array__rosidl_typesupport_fastrtps_cpp.hpp
[1.775s] -- Up-to-date: /home/winter24/gcamp_ros2_ws/install/yolov8_msgs/include/yolov8_msgs/msg/detail/vector2__rosidl_typesupport_fastrtps_cpp.hpp
[1.776s] -- Up-to-date: /home/winter24/gcamp_ros2_ws/install/yolov8_msgs/include/yolov8_msgs/msg/detail/key_point2_d_array__rosidl_typesupport_fastrtps_cpp.hpp
[1.776s] -- Up-to-date: /home/winter24/gcamp_ros2_ws/install/yolov8_msgs/include/yolov8_msgs/msg/detail/bounding_box2_d__rosidl_typesupport_fastrtps_cpp.hpp
[1.776s] -- Up-to-date: /home/winter24/gcamp_ros2_ws/install/yolov8_msgs/include/yolov8_msgs/msg/detail/pose2_d__rosidl_typesupport_fastrtps_cpp.hpp
[1.776s] -- Up-to-date: /home/winter24/gcamp_ros2_ws/install/yolov8_msgs/include/yolov8_msgs/msg/detail/bounding_box3_d__rosidl_typesupport_fastrtps_cpp.hpp
[1.776s] -- Up-to-date: /home/winter24/gcamp_ros2_ws/install/yolov8_msgs/include/yolov8_msgs/msg/detail/dds_fastrtps
[1.776s] -- Up-to-date: /home/winter24/gcamp_ros2_ws/install/yolov8_msgs/include/yolov8_msgs/msg/detail/key_point2_d__rosidl_typesupport_fastrtps_cpp.hpp
[1.776s] -- Up-to-date: /home/winter24/gcamp_ros2_ws/install/yolov8_msgs/include/yolov8_msgs/msg/detail/point2_d__rosidl_typesupport_fastrtps_cpp.hpp
[1.776s] -- Up-to-date: /home/winter24/gcamp_ros2_ws/install/yolov8_msgs/include/yolov8_msgs/msg/rosidl_typesupport_fastrtps_cpp__visibility_control.h
[1.776s] -- Up-to-date: /home/winter24/gcamp_ros2_ws/install/yolov8_msgs/lib/libyolov8_msgs__rosidl_typesupport_fastrtps_cpp.so
[1.776s] -- Up-to-date: /home/winter24/gcamp_ros2_ws/install/yolov8_msgs/include/yolov8_msgs
[1.776s] -- Up-to-date: /home/winter24/gcamp_ros2_ws/install/yolov8_msgs/include/yolov8_msgs/msg
[1.776s] -- Up-to-date: /home/winter24/gcamp_ros2_ws/install/yolov8_msgs/include/yolov8_msgs/msg/rosidl_typesupport_introspection_c__visibility_control.h
[1.776s] -- Up-to-date: /home/winter24/gcamp_ros2_ws/install/yolov8_msgs/include/yolov8_msgs/msg/detail
[1.776s] -- Up-to-date: /home/winter24/gcamp_ros2_ws/install/yolov8_msgs/include/yolov8_msgs/msg/detail/key_point3_d__rosidl_typesupport_introspection_c.h
[1.776s] -- Up-to-date: /home/winter24/gcamp_ros2_ws/install/yolov8_msgs/include/yolov8_msgs/msg/detail/bounding_box3_d__type_support.c
[1.776s] -- Up-to-date: /home/winter24/gcamp_ros2_ws/install/yolov8_msgs/include/yolov8_msgs/msg/detail/vector2__type_support.c
[1.776s] -- Up-to-date: /home/winter24/gcamp_ros2_ws/install/yolov8_msgs/include/yolov8_msgs/msg/detail/bounding_box3_d__rosidl_typesupport_introspection_c.h
[1.776s] -- Up-to-date: /home/winter24/gcamp_ros2_ws/install/yolov8_msgs/include/yolov8_msgs/msg/detail/key_point3_d__type_support.c
[1.776s] -- Up-to-date: /home/winter24/gcamp_ros2_ws/install/yolov8_msgs/include/yolov8_msgs/msg/detail/key_point2_d__type_support.c
[1.776s] -- Up-to-date: /home/winter24/gcamp_ros2_ws/install/yolov8_msgs/include/yolov8_msgs/msg/detail/point2_d__type_support.c
[1.776s] -- Up-to-date: /home/winter24/gcamp_ros2_ws/install/yolov8_msgs/include/yolov8_msgs/msg/detail/pose2_d__rosidl_typesupport_introspection_c.h
[1.776s] -- Up-to-date: /home/winter24/gcamp_ros2_ws/install/yolov8_msgs/include/yolov8_msgs/msg/detail/detection_array__type_support.c
[1.776s] -- Up-to-date: /home/winter24/gcamp_ros2_ws/install/yolov8_msgs/include/yolov8_msgs/msg/detail/pose2_d__type_support.c
[1.776s] -- Up-to-date: /home/winter24/gcamp_ros2_ws/install/yolov8_msgs/include/yolov8_msgs/msg/detail/mask__type_support.c
[1.776s] -- Up-to-date: /home/winter24/gcamp_ros2_ws/install/yolov8_msgs/include/yolov8_msgs/msg/detail/key_point3_d_array__rosidl_typesupport_introspection_c.h
[1.776s] -- Up-to-date: /home/winter24/gcamp_ros2_ws/install/yolov8_msgs/include/yolov8_msgs/msg/detail/detection_array__rosidl_typesupport_introspection_c.h
[1.776s] -- Up-to-date: /home/winter24/gcamp_ros2_ws/install/yolov8_msgs/include/yolov8_msgs/msg/detail/mask__rosidl_typesupport_introspection_c.h
[1.776s] -- Up-to-date: /home/winter24/gcamp_ros2_ws/install/yolov8_msgs/include/yolov8_msgs/msg/detail/vector2__rosidl_typesupport_introspection_c.h
[1.776s] -- Up-to-date: /home/winter24/gcamp_ros2_ws/install/yolov8_msgs/include/yolov8_msgs/msg/detail/key_point3_d_array__type_support.c
[1.776s] -- Up-to-date: /home/winter24/gcamp_ros2_ws/install/yolov8_msgs/include/yolov8_msgs/msg/detail/detection__rosidl_typesupport_introspection_c.h
[1.776s] -- Up-to-date: /home/winter24/gcamp_ros2_ws/install/yolov8_msgs/include/yolov8_msgs/msg/detail/key_point2_d_array__type_support.c
[1.776s] -- Up-to-date: /home/winter24/gcamp_ros2_ws/install/yolov8_msgs/include/yolov8_msgs/msg/detail/point2_d__rosidl_typesupport_introspection_c.h
[1.776s] -- Up-to-date: /home/winter24/gcamp_ros2_ws/install/yolov8_msgs/include/yolov8_msgs/msg/detail/bounding_box2_d__type_support.c
[1.776s] -- Up-to-date: /home/winter24/gcamp_ros2_ws/install/yolov8_msgs/include/yolov8_msgs/msg/detail/detection__type_support.c
[1.776s] -- Up-to-date: /home/winter24/gcamp_ros2_ws/install/yolov8_msgs/include/yolov8_msgs/msg/detail/key_point2_d__rosidl_typesupport_introspection_c.h
[1.776s] -- Up-to-date: /home/winter24/gcamp_ros2_ws/install/yolov8_msgs/include/yolov8_msgs/msg/detail/bounding_box2_d__rosidl_typesupport_introspection_c.h
[1.776s] -- Up-to-date: /home/winter24/gcamp_ros2_ws/install/yolov8_msgs/include/yolov8_msgs/msg/detail/key_point2_d_array__rosidl_typesupport_introspection_c.h
[1.777s] -- Up-to-date: /home/winter24/gcamp_ros2_ws/install/yolov8_msgs/lib/libyolov8_msgs__rosidl_typesupport_introspection_c.so
[1.777s] -- Up-to-date: /home/winter24/gcamp_ros2_ws/install/yolov8_msgs/lib/libyolov8_msgs__rosidl_typesupport_c.so
[1.777s] -- Up-to-date: /home/winter24/gcamp_ros2_ws/install/yolov8_msgs/include/yolov8_msgs
[1.777s] -- Up-to-date: /home/winter24/gcamp_ros2_ws/install/yolov8_msgs/include/yolov8_msgs/msg
[1.777s] -- Up-to-date: /home/winter24/gcamp_ros2_ws/install/yolov8_msgs/include/yolov8_msgs/msg/key_point2_d_array.hpp
[1.777s] -- Up-to-date: /home/winter24/gcamp_ros2_ws/install/yolov8_msgs/include/yolov8_msgs/msg/bounding_box3_d.hpp
[1.777s] -- Up-to-date: /home/winter24/gcamp_ros2_ws/install/yolov8_msgs/include/yolov8_msgs/msg/vector2.hpp
[1.777s] -- Up-to-date: /home/winter24/gcamp_ros2_ws/install/yolov8_msgs/include/yolov8_msgs/msg/detection_array.hpp
[1.777s] -- Up-to-date: /home/winter24/gcamp_ros2_ws/install/yolov8_msgs/include/yolov8_msgs/msg/bounding_box2_d.hpp
[1.777s] -- Up-to-date: /home/winter24/gcamp_ros2_ws/install/yolov8_msgs/include/yolov8_msgs/msg/detection.hpp
[1.777s] -- Up-to-date: /home/winter24/gcamp_ros2_ws/install/yolov8_msgs/include/yolov8_msgs/msg/detail
[1.777s] -- Up-to-date: /home/winter24/gcamp_ros2_ws/install/yolov8_msgs/include/yolov8_msgs/msg/detail/point2_d__type_support.hpp
[1.777s] -- Up-to-date: /home/winter24/gcamp_ros2_ws/install/yolov8_msgs/include/yolov8_msgs/msg/detail/detection_array__traits.hpp
[1.777s] -- Up-to-date: /home/winter24/gcamp_ros2_ws/install/yolov8_msgs/include/yolov8_msgs/msg/detail/vector2__builder.hpp
[1.777s] -- Up-to-date: /home/winter24/gcamp_ros2_ws/install/yolov8_msgs/include/yolov8_msgs/msg/detail/key_point3_d_array__builder.hpp
[1.777s] -- Up-to-date: /home/winter24/gcamp_ros2_ws/install/yolov8_msgs/include/yolov8_msgs/msg/detail/pose2_d__builder.hpp
[1.777s] -- Up-to-date: /home/winter24/gcamp_ros2_ws/install/yolov8_msgs/include/yolov8_msgs/msg/detail/vector2__type_support.hpp
[1.777s] -- Up-to-date: /home/winter24/gcamp_ros2_ws/install/yolov8_msgs/include/yolov8_msgs/msg/detail/key_point3_d_array__struct.hpp
[1.777s] -- Up-to-date: /home/winter24/gcamp_ros2_ws/install/yolov8_msgs/include/yolov8_msgs/msg/detail/key_point3_d_array__type_support.hpp
[1.777s] -- Up-to-date: /home/winter24/gcamp_ros2_ws/install/yolov8_msgs/include/yolov8_msgs/msg/detail/bounding_box2_d__traits.hpp
[1.777s] -- Up-to-date: /home/winter24/gcamp_ros2_ws/install/yolov8_msgs/include/yolov8_msgs/msg/detail/key_point2_d_array__builder.hpp
[1.777s] -- Up-to-date: /home/winter24/gcamp_ros2_ws/install/yolov8_msgs/include/yolov8_msgs/msg/detail/bounding_box3_d__type_support.hpp
[1.777s] -- Up-to-date: /home/winter24/gcamp_ros2_ws/install/yolov8_msgs/include/yolov8_msgs/msg/detail/key_point2_d__struct.hpp
[1.777s] -- Up-to-date: /home/winter24/gcamp_ros2_ws/install/yolov8_msgs/include/yolov8_msgs/msg/detail/key_point3_d__builder.hpp
[1.777s] -- Up-to-date: /home/winter24/gcamp_ros2_ws/install/yolov8_msgs/include/yolov8_msgs/msg/detail/detection_array__struct.hpp
[1.777s] -- Up-to-date: /home/winter24/gcamp_ros2_ws/install/yolov8_msgs/include/yolov8_msgs/msg/detail/mask__builder.hpp
[1.777s] -- Up-to-date: /home/winter24/gcamp_ros2_ws/install/yolov8_msgs/include/yolov8_msgs/msg/detail/detection__type_support.hpp
[1.777s] -- Up-to-date: /home/winter24/gcamp_ros2_ws/install/yolov8_msgs/include/yolov8_msgs/msg/detail/mask__struct.hpp
[1.777s] -- Up-to-date: /home/winter24/gcamp_ros2_ws/install/yolov8_msgs/include/yolov8_msgs/msg/detail/bounding_box2_d__builder.hpp
[1.777s] -- Up-to-date: /home/winter24/gcamp_ros2_ws/install/yolov8_msgs/include/yolov8_msgs/msg/detail/key_point2_d_array__struct.hpp
[1.777s] -- Up-to-date: /home/winter24/gcamp_ros2_ws/install/yolov8_msgs/include/yolov8_msgs/msg/detail/detection__builder.hpp
[1.777s] -- Up-to-date: /home/winter24/gcamp_ros2_ws/install/yolov8_msgs/include/yolov8_msgs/msg/detail/key_point2_d_array__type_support.hpp
[1.777s] -- Up-to-date: /home/winter24/gcamp_ros2_ws/install/yolov8_msgs/include/yolov8_msgs/msg/detail/key_point2_d__type_support.hpp
[1.777s] -- Up-to-date: /home/winter24/gcamp_ros2_ws/install/yolov8_msgs/include/yolov8_msgs/msg/detail/point2_d__builder.hpp
[1.777s] -- Up-to-date: /home/winter24/gcamp_ros2_ws/install/yolov8_msgs/include/yolov8_msgs/msg/detail/bounding_box3_d__traits.hpp
[1.777s] -- Up-to-date: /home/winter24/gcamp_ros2_ws/install/yolov8_msgs/include/yolov8_msgs/msg/detail/bounding_box2_d__type_support.hpp
[1.777s] -- Up-to-date: /home/winter24/gcamp_ros2_ws/install/yolov8_msgs/include/yolov8_msgs/msg/detail/mask__type_support.hpp
[1.778s] -- Up-to-date: /home/winter24/gcamp_ros2_ws/install/yolov8_msgs/include/yolov8_msgs/msg/detail/detection_array__builder.hpp
[1.778s] -- Up-to-date: /home/winter24/gcamp_ros2_ws/install/yolov8_msgs/include/yolov8_msgs/msg/detail/key_point3_d_array__traits.hpp
[1.778s] -- Up-to-date: /home/winter24/gcamp_ros2_ws/install/yolov8_msgs/include/yolov8_msgs/msg/detail/key_point3_d__traits.hpp
[1.778s] -- Up-to-date: /home/winter24/gcamp_ros2_ws/install/yolov8_msgs/include/yolov8_msgs/msg/detail/point2_d__struct.hpp
[1.778s] -- Up-to-date: /home/winter24/gcamp_ros2_ws/install/yolov8_msgs/include/yolov8_msgs/msg/detail/detection__traits.hpp
[1.778s] -- Up-to-date: /home/winter24/gcamp_ros2_ws/install/yolov8_msgs/include/yolov8_msgs/msg/detail/detection_array__type_support.hpp
[1.778s] -- Up-to-date: /home/winter24/gcamp_ros2_ws/install/yolov8_msgs/include/yolov8_msgs/msg/detail/key_point2_d__builder.hpp
[1.778s] -- Up-to-date: /home/winter24/gcamp_ros2_ws/install/yolov8_msgs/include/yolov8_msgs/msg/detail/key_point2_d__traits.hpp
[1.778s] -- Up-to-date: /home/winter24/gcamp_ros2_ws/install/yolov8_msgs/include/yolov8_msgs/msg/detail/vector2__traits.hpp
[1.778s] -- Up-to-date: /home/winter24/gcamp_ros2_ws/install/yolov8_msgs/include/yolov8_msgs/msg/detail/pose2_d__struct.hpp
[1.778s] -- Up-to-date: /home/winter24/gcamp_ros2_ws/install/yolov8_msgs/include/yolov8_msgs/msg/detail/pose2_d__type_support.hpp
[1.778s] -- Up-to-date: /home/winter24/gcamp_ros2_ws/install/yolov8_msgs/include/yolov8_msgs/msg/detail/bounding_box2_d__struct.hpp
[1.778s] -- Up-to-date: /home/winter24/gcamp_ros2_ws/install/yolov8_msgs/include/yolov8_msgs/msg/detail/bounding_box3_d__struct.hpp
[1.778s] -- Up-to-date: /home/winter24/gcamp_ros2_ws/install/yolov8_msgs/include/yolov8_msgs/msg/detail/vector2__struct.hpp
[1.778s] -- Up-to-date: /home/winter24/gcamp_ros2_ws/install/yolov8_msgs/include/yolov8_msgs/msg/detail/point2_d__traits.hpp
[1.778s] -- Up-to-date: /home/winter24/gcamp_ros2_ws/install/yolov8_msgs/include/yolov8_msgs/msg/detail/key_point2_d_array__traits.hpp
[1.778s] -- Up-to-date: /home/winter24/gcamp_ros2_ws/install/yolov8_msgs/include/yolov8_msgs/msg/detail/bounding_box3_d__builder.hpp
[1.778s] -- Up-to-date: /home/winter24/gcamp_ros2_ws/install/yolov8_msgs/include/yolov8_msgs/msg/detail/pose2_d__traits.hpp
[1.778s] -- Up-to-date: /home/winter24/gcamp_ros2_ws/install/yolov8_msgs/include/yolov8_msgs/msg/detail/detection__struct.hpp
[1.778s] -- Up-to-date: /home/winter24/gcamp_ros2_ws/install/yolov8_msgs/include/yolov8_msgs/msg/detail/key_point3_d__struct.hpp
[1.778s] -- Up-to-date: /home/winter24/gcamp_ros2_ws/install/yolov8_msgs/include/yolov8_msgs/msg/detail/mask__traits.hpp
[1.778s] -- Up-to-date: /home/winter24/gcamp_ros2_ws/install/yolov8_msgs/include/yolov8_msgs/msg/detail/key_point3_d__type_support.hpp
[1.778s] -- Up-to-date: /home/winter24/gcamp_ros2_ws/install/yolov8_msgs/include/yolov8_msgs/msg/point2_d.hpp
[1.778s] -- Up-to-date: /home/winter24/gcamp_ros2_ws/install/yolov8_msgs/include/yolov8_msgs/msg/key_point3_d.hpp
[1.778s] -- Up-to-date: /home/winter24/gcamp_ros2_ws/install/yolov8_msgs/include/yolov8_msgs/msg/mask.hpp
[1.778s] -- Up-to-date: /home/winter24/gcamp_ros2_ws/install/yolov8_msgs/include/yolov8_msgs/msg/rosidl_generator_cpp__visibility_control.hpp
[1.778s] -- Up-to-date: /home/winter24/gcamp_ros2_ws/install/yolov8_msgs/include/yolov8_msgs/msg/pose2_d.hpp
[1.778s] -- Up-to-date: /home/winter24/gcamp_ros2_ws/install/yolov8_msgs/include/yolov8_msgs/msg/key_point2_d.hpp
[1.778s] -- Up-to-date: /home/winter24/gcamp_ros2_ws/install/yolov8_msgs/include/yolov8_msgs/msg/key_point3_d_array.hpp
[1.778s] -- Up-to-date: /home/winter24/gcamp_ros2_ws/install/yolov8_msgs/include/yolov8_msgs
[1.778s] -- Up-to-date: /home/winter24/gcamp_ros2_ws/install/yolov8_msgs/include/yolov8_msgs/msg
[1.778s] -- Up-to-date: /home/winter24/gcamp_ros2_ws/install/yolov8_msgs/include/yolov8_msgs/msg/detail
[1.778s] -- Up-to-date: /home/winter24/gcamp_ros2_ws/install/yolov8_msgs/include/yolov8_msgs/msg/detail/detection_array__type_support.cpp
[1.778s] -- Up-to-date: /home/winter24/gcamp_ros2_ws/install/yolov8_msgs/include/yolov8_msgs/msg/detail/bounding_box3_d__rosidl_typesupport_introspection_cpp.hpp
[1.778s] -- Up-to-date: /home/winter24/gcamp_ros2_ws/install/yolov8_msgs/include/yolov8_msgs/msg/detail/key_point3_d__type_support.cpp
[1.778s] -- Up-to-date: /home/winter24/gcamp_ros2_ws/install/yolov8_msgs/include/yolov8_msgs/msg/detail/detection__type_support.cpp
[1.778s] -- Up-to-date: /home/winter24/gcamp_ros2_ws/install/yolov8_msgs/include/yolov8_msgs/msg/detail/point2_d__rosidl_typesupport_introspection_cpp.hpp
[1.778s] -- Up-to-date: /home/winter24/gcamp_ros2_ws/install/yolov8_msgs/include/yolov8_msgs/msg/detail/key_point2_d_array__type_support.cpp
[1.779s] -- Up-to-date: /home/winter24/gcamp_ros2_ws/install/yolov8_msgs/include/yolov8_msgs/msg/detail/key_point3_d_array__type_support.cpp
[1.779s] -- Up-to-date: /home/winter24/gcamp_ros2_ws/install/yolov8_msgs/include/yolov8_msgs/msg/detail/key_point2_d__type_support.cpp
[1.779s] -- Up-to-date: /home/winter24/gcamp_ros2_ws/install/yolov8_msgs/include/yolov8_msgs/msg/detail/point2_d__type_support.cpp
[1.779s] -- Up-to-date: /home/winter24/gcamp_ros2_ws/install/yolov8_msgs/include/yolov8_msgs/msg/detail/bounding_box3_d__type_support.cpp
[1.779s] -- Up-to-date: /home/winter24/gcamp_ros2_ws/install/yolov8_msgs/include/yolov8_msgs/msg/detail/vector2__rosidl_typesupport_introspection_cpp.hpp
[1.779s] -- Up-to-date: /home/winter24/gcamp_ros2_ws/install/yolov8_msgs/include/yolov8_msgs/msg/detail/key_point3_d_array__rosidl_typesupport_introspection_cpp.hpp
[1.779s] -- Up-to-date: /home/winter24/gcamp_ros2_ws/install/yolov8_msgs/include/yolov8_msgs/msg/detail/key_point3_d__rosidl_typesupport_introspection_cpp.hpp
[1.779s] -- Up-to-date: /home/winter24/gcamp_ros2_ws/install/yolov8_msgs/include/yolov8_msgs/msg/detail/bounding_box2_d__type_support.cpp
[1.779s] -- Up-to-date: /home/winter24/gcamp_ros2_ws/install/yolov8_msgs/include/yolov8_msgs/msg/detail/detection_array__rosidl_typesupport_introspection_cpp.hpp
[1.779s] -- Up-to-date: /home/winter24/gcamp_ros2_ws/install/yolov8_msgs/include/yolov8_msgs/msg/detail/pose2_d__type_support.cpp
[1.779s] -- Up-to-date: /home/winter24/gcamp_ros2_ws/install/yolov8_msgs/include/yolov8_msgs/msg/detail/vector2__type_support.cpp
[1.779s] -- Up-to-date: /home/winter24/gcamp_ros2_ws/install/yolov8_msgs/include/yolov8_msgs/msg/detail/mask__type_support.cpp
[1.779s] -- Up-to-date: /home/winter24/gcamp_ros2_ws/install/yolov8_msgs/include/yolov8_msgs/msg/detail/bounding_box2_d__rosidl_typesupport_introspection_cpp.hpp
[1.779s] -- Up-to-date: /home/winter24/gcamp_ros2_ws/install/yolov8_msgs/include/yolov8_msgs/msg/detail/detection__rosidl_typesupport_introspection_cpp.hpp
[1.779s] -- Up-to-date: /home/winter24/gcamp_ros2_ws/install/yolov8_msgs/include/yolov8_msgs/msg/detail/mask__rosidl_typesupport_introspection_cpp.hpp
[1.779s] -- Up-to-date: /home/winter24/gcamp_ros2_ws/install/yolov8_msgs/include/yolov8_msgs/msg/detail/key_point2_d_array__rosidl_typesupport_introspection_cpp.hpp
[1.779s] -- Up-to-date: /home/winter24/gcamp_ros2_ws/install/yolov8_msgs/include/yolov8_msgs/msg/detail/pose2_d__rosidl_typesupport_introspection_cpp.hpp
[1.779s] -- Up-to-date: /home/winter24/gcamp_ros2_ws/install/yolov8_msgs/include/yolov8_msgs/msg/detail/key_point2_d__rosidl_typesupport_introspection_cpp.hpp
[1.779s] -- Up-to-date: /home/winter24/gcamp_ros2_ws/install/yolov8_msgs/lib/libyolov8_msgs__rosidl_typesupport_introspection_cpp.so
[1.779s] -- Up-to-date: /home/winter24/gcamp_ros2_ws/install/yolov8_msgs/lib/libyolov8_msgs__rosidl_typesupport_cpp.so
[1.779s] -- Up-to-date: /home/winter24/gcamp_ros2_ws/install/yolov8_msgs/share/yolov8_msgs/environment/pythonpath.sh
[1.779s] -- Up-to-date: /home/winter24/gcamp_ros2_ws/install/yolov8_msgs/share/yolov8_msgs/environment/pythonpath.dsv
[1.779s] -- Up-to-date: /home/winter24/gcamp_ros2_ws/install/yolov8_msgs/lib/python3.8/site-packages/yolov8_msgs/__init__.py
[1.794s] -- Up-to-date: /home/winter24/gcamp_ros2_ws/install/yolov8_msgs/lib/python3.8/site-packages/yolov8_msgs/msg
[1.794s] -- Up-to-date: /home/winter24/gcamp_ros2_ws/install/yolov8_msgs/lib/python3.8/site-packages/yolov8_msgs/msg/_key_point2_d_s.c
[1.794s] -- Up-to-date: /home/winter24/gcamp_ros2_ws/install/yolov8_msgs/lib/python3.8/site-packages/yolov8_msgs/msg/_point2_d.py
[1.794s] -- Up-to-date: /home/winter24/gcamp_ros2_ws/install/yolov8_msgs/lib/python3.8/site-packages/yolov8_msgs/msg/_point2_d_s.c
[1.794s] -- Up-to-date: /home/winter24/gcamp_ros2_ws/install/yolov8_msgs/lib/python3.8/site-packages/yolov8_msgs/msg/_detection_array_s.c
[1.794s] -- Up-to-date: /home/winter24/gcamp_ros2_ws/install/yolov8_msgs/lib/python3.8/site-packages/yolov8_msgs/msg/_key_point2_d_array.py
[1.794s] -- Up-to-date: /home/winter24/gcamp_ros2_ws/install/yolov8_msgs/lib/python3.8/site-packages/yolov8_msgs/msg/_vector2_s.c
[1.794s] -- Up-to-date: /home/winter24/gcamp_ros2_ws/install/yolov8_msgs/lib/python3.8/site-packages/yolov8_msgs/msg/_bounding_box2_d.py
[1.794s] -- Up-to-date: /home/winter24/gcamp_ros2_ws/install/yolov8_msgs/lib/python3.8/site-packages/yolov8_msgs/msg/_vector2.py
[1.795s] -- Up-to-date: /home/winter24/gcamp_ros2_ws/install/yolov8_msgs/lib/python3.8/site-packages/yolov8_msgs/msg/_pose2_d_s.c
[1.795s] -- Up-to-date: /home/winter24/gcamp_ros2_ws/install/yolov8_msgs/lib/python3.8/site-packages/yolov8_msgs/msg/_key_point3_d_s.c
[1.795s] -- Up-to-date: /home/winter24/gcamp_ros2_ws/install/yolov8_msgs/lib/python3.8/site-packages/yolov8_msgs/msg/_key_point2_d.py
[1.795s] -- Up-to-date: /home/winter24/gcamp_ros2_ws/install/yolov8_msgs/lib/python3.8/site-packages/yolov8_msgs/msg/_pose2_d.py
[1.795s] -- Up-to-date: /home/winter24/gcamp_ros2_ws/install/yolov8_msgs/lib/python3.8/site-packages/yolov8_msgs/msg/_key_point3_d_array.py
[1.795s] -- Up-to-date: /home/winter24/gcamp_ros2_ws/install/yolov8_msgs/lib/python3.8/site-packages/yolov8_msgs/msg/_detection_array.py
[1.795s] -- Up-to-date: /home/winter24/gcamp_ros2_ws/install/yolov8_msgs/lib/python3.8/site-packages/yolov8_msgs/msg/_mask_s.c
[1.795s] -- Up-to-date: /home/winter24/gcamp_ros2_ws/install/yolov8_msgs/lib/python3.8/site-packages/yolov8_msgs/msg/_mask.py
[1.795s] -- Up-to-date: /home/winter24/gcamp_ros2_ws/install/yolov8_msgs/lib/python3.8/site-packages/yolov8_msgs/msg/_bounding_box3_d_s.c
[1.795s] -- Up-to-date: /home/winter24/gcamp_ros2_ws/install/yolov8_msgs/lib/python3.8/site-packages/yolov8_msgs/msg/_detection_s.c
[1.795s] -- Up-to-date: /home/winter24/gcamp_ros2_ws/install/yolov8_msgs/lib/python3.8/site-packages/yolov8_msgs/msg/_key_point3_d_array_s.c
[1.795s] -- Up-to-date: /home/winter24/gcamp_ros2_ws/install/yolov8_msgs/lib/python3.8/site-packages/yolov8_msgs/msg/_bounding_box2_d_s.c
[1.795s] -- Up-to-date: /home/winter24/gcamp_ros2_ws/install/yolov8_msgs/lib/python3.8/site-packages/yolov8_msgs/msg/_key_point3_d.py
[1.795s] -- Up-to-date: /home/winter24/gcamp_ros2_ws/install/yolov8_msgs/lib/python3.8/site-packages/yolov8_msgs/msg/_key_point2_d_array_s.c
[1.795s] -- Up-to-date: /home/winter24/gcamp_ros2_ws/install/yolov8_msgs/lib/python3.8/site-packages/yolov8_msgs/msg/_detection.py
[1.795s] -- Up-to-date: /home/winter24/gcamp_ros2_ws/install/yolov8_msgs/lib/python3.8/site-packages/yolov8_msgs/msg/__init__.py
[1.795s] -- Up-to-date: /home/winter24/gcamp_ros2_ws/install/yolov8_msgs/lib/python3.8/site-packages/yolov8_msgs/msg/_bounding_box3_d.py
[1.795s] -- Up-to-date: /home/winter24/gcamp_ros2_ws/install/yolov8_msgs/lib/python3.8/site-packages/yolov8_msgs/yolov8_msgs_s__rosidl_typesupport_fastrtps_c.cpython-38-x86_64-linux-gnu.so
[1.795s] -- Up-to-date: /home/winter24/gcamp_ros2_ws/install/yolov8_msgs/lib/python3.8/site-packages/yolov8_msgs/yolov8_msgs_s__rosidl_typesupport_introspection_c.cpython-38-x86_64-linux-gnu.so
[1.795s] -- Up-to-date: /home/winter24/gcamp_ros2_ws/install/yolov8_msgs/lib/python3.8/site-packages/yolov8_msgs/yolov8_msgs_s__rosidl_typesupport_c.cpython-38-x86_64-linux-gnu.so
[1.795s] -- Up-to-date: /home/winter24/gcamp_ros2_ws/install/yolov8_msgs/lib/libyolov8_msgs__python.so
[1.795s] -- Up-to-date: /home/winter24/gcamp_ros2_ws/install/yolov8_msgs/share/yolov8_msgs/msg/Point2D.idl
[1.795s] -- Up-to-date: /home/winter24/gcamp_ros2_ws/install/yolov8_msgs/share/yolov8_msgs/msg/Vector2.idl
[1.795s] -- Up-to-date: /home/winter24/gcamp_ros2_ws/install/yolov8_msgs/share/yolov8_msgs/msg/Pose2D.idl
[1.795s] -- Up-to-date: /home/winter24/gcamp_ros2_ws/install/yolov8_msgs/share/yolov8_msgs/msg/BoundingBox2D.idl
[1.795s] -- Up-to-date: /home/winter24/gcamp_ros2_ws/install/yolov8_msgs/share/yolov8_msgs/msg/BoundingBox3D.idl
[1.795s] -- Up-to-date: /home/winter24/gcamp_ros2_ws/install/yolov8_msgs/share/yolov8_msgs/msg/Mask.idl
[1.795s] -- Up-to-date: /home/winter24/gcamp_ros2_ws/install/yolov8_msgs/share/yolov8_msgs/msg/KeyPoint2D.idl
[1.796s] -- Up-to-date: /home/winter24/gcamp_ros2_ws/install/yolov8_msgs/share/yolov8_msgs/msg/KeyPoint2DArray.idl
[1.796s] -- Up-to-date: /home/winter24/gcamp_ros2_ws/install/yolov8_msgs/share/yolov8_msgs/msg/KeyPoint3D.idl
[1.796s] -- Up-to-date: /home/winter24/gcamp_ros2_ws/install/yolov8_msgs/share/yolov8_msgs/msg/KeyPoint3DArray.idl
[1.796s] -- Up-to-date: /home/winter24/gcamp_ros2_ws/install/yolov8_msgs/share/yolov8_msgs/msg/Detection.idl
[1.796s] -- Up-to-date: /home/winter24/gcamp_ros2_ws/install/yolov8_msgs/share/yolov8_msgs/msg/DetectionArray.idl
[1.796s] -- Up-to-date: /home/winter24/gcamp_ros2_ws/install/yolov8_msgs/share/yolov8_msgs/msg/Point2D.msg
[1.796s] -- Up-to-date: /home/winter24/gcamp_ros2_ws/install/yolov8_msgs/share/yolov8_msgs/msg/Vector2.msg
[1.796s] -- Up-to-date: /home/winter24/gcamp_ros2_ws/install/yolov8_msgs/share/yolov8_msgs/msg/Pose2D.msg
[1.796s] -- Up-to-date: /home/winter24/gcamp_ros2_ws/install/yolov8_msgs/share/yolov8_msgs/msg/BoundingBox2D.msg
[1.796s] -- Up-to-date: /home/winter24/gcamp_ros2_ws/install/yolov8_msgs/share/yolov8_msgs/msg/BoundingBox3D.msg
[1.796s] -- Up-to-date: /home/winter24/gcamp_ros2_ws/install/yolov8_msgs/share/yolov8_msgs/msg/Mask.msg
[1.796s] -- Up-to-date: /home/winter24/gcamp_ros2_ws/install/yolov8_msgs/share/yolov8_msgs/msg/KeyPoint2D.msg
[1.796s] -- Up-to-date: /home/winter24/gcamp_ros2_ws/install/yolov8_msgs/share/yolov8_msgs/msg/KeyPoint2DArray.msg
[1.796s] -- Up-to-date: /home/winter24/gcamp_ros2_ws/install/yolov8_msgs/share/yolov8_msgs/msg/KeyPoint3D.msg
[1.796s] -- Up-to-date: /home/winter24/gcamp_ros2_ws/install/yolov8_msgs/share/yolov8_msgs/msg/KeyPoint3DArray.msg
[1.796s] -- Up-to-date: /home/winter24/gcamp_ros2_ws/install/yolov8_msgs/share/yolov8_msgs/msg/Detection.msg
[1.796s] -- Up-to-date: /home/winter24/gcamp_ros2_ws/install/yolov8_msgs/share/yolov8_msgs/msg/DetectionArray.msg
[1.796s] -- Up-to-date: /home/winter24/gcamp_ros2_ws/install/yolov8_msgs/share/ament_index/resource_index/package_run_dependencies/yolov8_msgs
[1.796s] -- Up-to-date: /home/winter24/gcamp_ros2_ws/install/yolov8_msgs/share/ament_index/resource_index/parent_prefix_path/yolov8_msgs
[1.796s] -- Up-to-date: /home/winter24/gcamp_ros2_ws/install/yolov8_msgs/share/yolov8_msgs/environment/ament_prefix_path.sh
[1.796s] -- Up-to-date: /home/winter24/gcamp_ros2_ws/install/yolov8_msgs/share/yolov8_msgs/environment/ament_prefix_path.dsv
[1.796s] -- Up-to-date: /home/winter24/gcamp_ros2_ws/install/yolov8_msgs/share/yolov8_msgs/environment/path.sh
[1.796s] -- Up-to-date: /home/winter24/gcamp_ros2_ws/install/yolov8_msgs/share/yolov8_msgs/environment/path.dsv
[1.796s] -- Up-to-date: /home/winter24/gcamp_ros2_ws/install/yolov8_msgs/share/yolov8_msgs/local_setup.bash
[1.796s] -- Up-to-date: /home/winter24/gcamp_ros2_ws/install/yolov8_msgs/share/yolov8_msgs/local_setup.sh
[1.796s] -- Up-to-date: /home/winter24/gcamp_ros2_ws/install/yolov8_msgs/share/yolov8_msgs/local_setup.zsh
[1.796s] -- Up-to-date: /home/winter24/gcamp_ros2_ws/install/yolov8_msgs/share/yolov8_msgs/local_setup.dsv
[1.796s] -- Installing: /home/winter24/gcamp_ros2_ws/install/yolov8_msgs/share/yolov8_msgs/package.dsv
[1.796s] -- Up-to-date: /home/winter24/gcamp_ros2_ws/install/yolov8_msgs/share/ament_index/resource_index/packages/yolov8_msgs
[1.796s] -- Up-to-date: /home/winter24/gcamp_ros2_ws/install/yolov8_msgs/share/yolov8_msgs/cmake/yolov8_msgs__rosidl_generator_cExport.cmake
[1.796s] -- Up-to-date: /home/winter24/gcamp_ros2_ws/install/yolov8_msgs/share/yolov8_msgs/cmake/yolov8_msgs__rosidl_generator_cExport-noconfig.cmake
[1.796s] -- Up-to-date: /home/winter24/gcamp_ros2_ws/install/yolov8_msgs/share/yolov8_msgs/cmake/yolov8_msgs__rosidl_typesupport_introspection_cExport.cmake
[1.797s] -- Up-to-date: /home/winter24/gcamp_ros2_ws/install/yolov8_msgs/share/yolov8_msgs/cmake/yolov8_msgs__rosidl_typesupport_introspection_cExport-noconfig.cmake
[1.797s] -- Up-to-date: /home/winter24/gcamp_ros2_ws/install/yolov8_msgs/share/yolov8_msgs/cmake/yolov8_msgs__rosidl_typesupport_cExport.cmake
[1.797s] -- Up-to-date: /home/winter24/gcamp_ros2_ws/install/yolov8_msgs/share/yolov8_msgs/cmake/yolov8_msgs__rosidl_typesupport_cExport-noconfig.cmake
[1.797s] -- Up-to-date: /home/winter24/gcamp_ros2_ws/install/yolov8_msgs/share/yolov8_msgs/cmake/yolov8_msgs__rosidl_generator_cppExport.cmake
[1.797s] -- Up-to-date: /home/winter24/gcamp_ros2_ws/install/yolov8_msgs/share/yolov8_msgs/cmake/yolov8_msgs__rosidl_typesupport_introspection_cppExport.cmake
[1.797s] -- Up-to-date: /home/winter24/gcamp_ros2_ws/install/yolov8_msgs/share/yolov8_msgs/cmake/yolov8_msgs__rosidl_typesupport_introspection_cppExport-noconfig.cmake
[1.797s] -- Up-to-date: /home/winter24/gcamp_ros2_ws/install/yolov8_msgs/share/yolov8_msgs/cmake/yolov8_msgs__rosidl_typesupport_cppExport.cmake
[1.797s] -- Up-to-date: /home/winter24/gcamp_ros2_ws/install/yolov8_msgs/share/yolov8_msgs/cmake/yolov8_msgs__rosidl_typesupport_cppExport-noconfig.cmake
[1.797s] -- Up-to-date: /home/winter24/gcamp_ros2_ws/install/yolov8_msgs/share/yolov8_msgs/cmake/rosidl_cmake-extras.cmake
[1.797s] -- Up-to-date: /home/winter24/gcamp_ros2_ws/install/yolov8_msgs/share/yolov8_msgs/cmake/ament_cmake_export_dependencies-extras.cmake
[1.797s] -- Up-to-date: /home/winter24/gcamp_ros2_ws/install/yolov8_msgs/share/yolov8_msgs/cmake/ament_cmake_export_libraries-extras.cmake
[1.797s] -- Up-to-date: /home/winter24/gcamp_ros2_ws/install/yolov8_msgs/share/yolov8_msgs/cmake/ament_cmake_export_targets-extras.cmake
[1.797s] -- Up-to-date: /home/winter24/gcamp_ros2_ws/install/yolov8_msgs/share/yolov8_msgs/cmake/ament_cmake_export_include_directories-extras.cmake
[1.797s] -- Up-to-date: /home/winter24/gcamp_ros2_ws/install/yolov8_msgs/share/yolov8_msgs/cmake/rosidl_cmake_export_typesupport_libraries-extras.cmake
[1.797s] -- Up-to-date: /home/winter24/gcamp_ros2_ws/install/yolov8_msgs/share/yolov8_msgs/cmake/rosidl_cmake_export_typesupport_targets-extras.cmake
[1.797s] -- Up-to-date: /home/winter24/gcamp_ros2_ws/install/yolov8_msgs/share/yolov8_msgs/cmake/yolov8_msgsConfig.cmake
[1.797s] -- Up-to-date: /home/winter24/gcamp_ros2_ws/install/yolov8_msgs/share/yolov8_msgs/cmake/yolov8_msgsConfig-version.cmake
[1.797s] -- Up-to-date: /home/winter24/gcamp_ros2_ws/install/yolov8_msgs/share/yolov8_msgs/package.xml
[2.193s] Invoked command in '/home/winter24/gcamp_ros2_ws/build/yolov8_msgs' returned '0': CMAKE_PREFIX_PATH=${CMAKE_PREFIX_PATH}:/home/winter24/gcamp_ros2_ws/install/yolov8_ros:/home/winter24/gcamp_ros2_ws/install/tf2_web_republisher_py:/opt/ros/foxy /home/winter24/.local/bin/cmake --install /home/winter24/gcamp_ros2_ws/build/yolov8_msgs
