[0.240s] Invoking command in '/home/winter24/gcamp_ros2_ws/build/yolov8_bringup': AMENT_PREFIX_PATH=/home/winter24/gcamp_ros2_ws/install/yolov8_ros:/home/winter24/gcamp_ros2_ws/install/yolov8_bringup:/home/winter24/gcamp_ros2_ws/install/yolov8_msgs:/home/winter24/gcamp_ros2_ws/install/tf2_web_republisher_py:/home/winter24/gcamp_ros2_ws/install/tf2_web_republisher:/home/winter24/gcamp_ros2_ws/install/slam_gmapping:/home/winter24/gcamp_ros2_ws/install/robot_pose_publisher_ros2:/home/winter24/gcamp_ros2_ws/install/openslam_gmapping:/home/winter24/gcamp_ros2_ws/install/mpu6050driver:/home/winter24/gcamp_ros2_ws/install/gcamp_gazebo:/home/winter24/gcamp_ros2_ws/install/gazebo_mecanum_plugins:/home/winter24/gcamp_ros2_ws/install/aws_robomaker_small_warehouse_world:/opt/ros/foxy CMAKE_PREFIX_PATH=${CMAKE_PREFIX_PATH}:/home/winter24/gcamp_ros2_ws/install/yolov8_ros:/home/winter24/gcamp_ros2_ws/install/tf2_web_republisher_py:/opt/ros/foxy PYTHONPATH=/home/winter24/gcamp_ros2_ws/build/yolov8_ros:${PYTHONPATH} /home/winter24/.local/bin/cmake /home/winter24/gcamp_ros2_ws/yolov8_ros/yolov8_bringup -DAMENT_CMAKE_SYMLINK_INSTALL=1 -DCMAKE_INSTALL_PREFIX=/home/winter24/gcamp_ros2_ws/install/yolov8_bringup
[0.287s] -- Found ament_cmake: 0.9.12 (/opt/ros/foxy/share/ament_cmake/cmake)
[0.290s] [33mCMake Warning (dev) at /opt/ros/foxy/share/ament_cmake_core/cmake/core/python.cmake:22 (find_package):
[0.290s]   Policy CMP0148 is not set: The FindPythonInterp and FindPythonLibs modules
[0.291s]   are removed.  Run "cmake --help-policy CMP0148" for policy details.  Use
[0.291s]   the cmake_policy command to set the policy and suppress this warning.
[0.291s] 
[0.292s] Call Stack (most recent call first):
[0.292s]   /opt/ros/foxy/share/ament_cmake_core/cmake/core/all.cmake:53 (include)
[0.292s]   /opt/ros/foxy/share/ament_cmake_core/cmake/ament_cmake_core-extras.cmake:17 (include)
[0.292s]   /opt/ros/foxy/share/ament_cmake_core/cmake/ament_cmake_coreConfig.cmake:41 (include)
[0.293s]   /opt/ros/foxy/share/ament_cmake/cmake/ament_cmake_export_dependencies-extras.cmake:15 (find_package)
[0.293s]   /opt/ros/foxy/share/ament_cmake/cmake/ament_cmakeConfig.cmake:41 (include)
[0.294s]   CMakeLists.txt:9 (find_package)
[0.295s] This warning is for project developers.  Use -Wno-dev to suppress it.
[0.295s] [0m
[0.325s] -- Using PYTHON_EXECUTABLE: /usr/bin/python3
[0.553s] -- Override CMake install command with custom implementation using symlinks instead of copying resources
[0.654s] -- Configuring done (0.4s)
[0.658s] -- Generating done (0.0s)
[0.659s] -- Build files have been written to: /home/winter24/gcamp_ros2_ws/build/yolov8_bringup
[0.781s] Invoked command in '/home/winter24/gcamp_ros2_ws/build/yolov8_bringup' returned '0': AMENT_PREFIX_PATH=/home/winter24/gcamp_ros2_ws/install/yolov8_ros:/home/winter24/gcamp_ros2_ws/install/yolov8_bringup:/home/winter24/gcamp_ros2_ws/install/yolov8_msgs:/home/winter24/gcamp_ros2_ws/install/tf2_web_republisher_py:/home/winter24/gcamp_ros2_ws/install/tf2_web_republisher:/home/winter24/gcamp_ros2_ws/install/slam_gmapping:/home/winter24/gcamp_ros2_ws/install/robot_pose_publisher_ros2:/home/winter24/gcamp_ros2_ws/install/openslam_gmapping:/home/winter24/gcamp_ros2_ws/install/mpu6050driver:/home/winter24/gcamp_ros2_ws/install/gcamp_gazebo:/home/winter24/gcamp_ros2_ws/install/gazebo_mecanum_plugins:/home/winter24/gcamp_ros2_ws/install/aws_robomaker_small_warehouse_world:/opt/ros/foxy CMAKE_PREFIX_PATH=${CMAKE_PREFIX_PATH}:/home/winter24/gcamp_ros2_ws/install/yolov8_ros:/home/winter24/gcamp_ros2_ws/install/tf2_web_republisher_py:/opt/ros/foxy PYTHONPATH=/home/winter24/gcamp_ros2_ws/build/yolov8_ros:${PYTHONPATH} /home/winter24/.local/bin/cmake /home/winter24/gcamp_ros2_ws/yolov8_ros/yolov8_bringup -DAMENT_CMAKE_SYMLINK_INSTALL=1 -DCMAKE_INSTALL_PREFIX=/home/winter24/gcamp_ros2_ws/install/yolov8_bringup
[0.782s] Invoking command in '/home/winter24/gcamp_ros2_ws/build/yolov8_bringup': AMENT_PREFIX_PATH=/home/winter24/gcamp_ros2_ws/install/yolov8_ros:/home/winter24/gcamp_ros2_ws/install/yolov8_bringup:/home/winter24/gcamp_ros2_ws/install/yolov8_msgs:/home/winter24/gcamp_ros2_ws/install/tf2_web_republisher_py:/home/winter24/gcamp_ros2_ws/install/tf2_web_republisher:/home/winter24/gcamp_ros2_ws/install/slam_gmapping:/home/winter24/gcamp_ros2_ws/install/robot_pose_publisher_ros2:/home/winter24/gcamp_ros2_ws/install/openslam_gmapping:/home/winter24/gcamp_ros2_ws/install/mpu6050driver:/home/winter24/gcamp_ros2_ws/install/gcamp_gazebo:/home/winter24/gcamp_ros2_ws/install/gazebo_mecanum_plugins:/home/winter24/gcamp_ros2_ws/install/aws_robomaker_small_warehouse_world:/opt/ros/foxy CMAKE_PREFIX_PATH=${CMAKE_PREFIX_PATH}:/home/winter24/gcamp_ros2_ws/install/yolov8_ros:/home/winter24/gcamp_ros2_ws/install/tf2_web_republisher_py:/opt/ros/foxy PYTHONPATH=/home/winter24/gcamp_ros2_ws/build/yolov8_ros:${PYTHONPATH} /home/winter24/.local/bin/cmake --build /home/winter24/gcamp_ros2_ws/build/yolov8_bringup -- -j16 -l16
[1.040s] Invoked command in '/home/winter24/gcamp_ros2_ws/build/yolov8_bringup' returned '0': AMENT_PREFIX_PATH=/home/winter24/gcamp_ros2_ws/install/yolov8_ros:/home/winter24/gcamp_ros2_ws/install/yolov8_bringup:/home/winter24/gcamp_ros2_ws/install/yolov8_msgs:/home/winter24/gcamp_ros2_ws/install/tf2_web_republisher_py:/home/winter24/gcamp_ros2_ws/install/tf2_web_republisher:/home/winter24/gcamp_ros2_ws/install/slam_gmapping:/home/winter24/gcamp_ros2_ws/install/robot_pose_publisher_ros2:/home/winter24/gcamp_ros2_ws/install/openslam_gmapping:/home/winter24/gcamp_ros2_ws/install/mpu6050driver:/home/winter24/gcamp_ros2_ws/install/gcamp_gazebo:/home/winter24/gcamp_ros2_ws/install/gazebo_mecanum_plugins:/home/winter24/gcamp_ros2_ws/install/aws_robomaker_small_warehouse_world:/opt/ros/foxy CMAKE_PREFIX_PATH=${CMAKE_PREFIX_PATH}:/home/winter24/gcamp_ros2_ws/install/yolov8_ros:/home/winter24/gcamp_ros2_ws/install/tf2_web_republisher_py:/opt/ros/foxy PYTHONPATH=/home/winter24/gcamp_ros2_ws/build/yolov8_ros:${PYTHONPATH} /home/winter24/.local/bin/cmake --build /home/winter24/gcamp_ros2_ws/build/yolov8_bringup -- -j16 -l16
[1.168s] Invoking command in '/home/winter24/gcamp_ros2_ws/build/yolov8_bringup': AMENT_PREFIX_PATH=/home/winter24/gcamp_ros2_ws/install/yolov8_ros:/home/winter24/gcamp_ros2_ws/install/yolov8_bringup:/home/winter24/gcamp_ros2_ws/install/yolov8_msgs:/home/winter24/gcamp_ros2_ws/install/tf2_web_republisher_py:/home/winter24/gcamp_ros2_ws/install/tf2_web_republisher:/home/winter24/gcamp_ros2_ws/install/slam_gmapping:/home/winter24/gcamp_ros2_ws/install/robot_pose_publisher_ros2:/home/winter24/gcamp_ros2_ws/install/openslam_gmapping:/home/winter24/gcamp_ros2_ws/install/mpu6050driver:/home/winter24/gcamp_ros2_ws/install/gcamp_gazebo:/home/winter24/gcamp_ros2_ws/install/gazebo_mecanum_plugins:/home/winter24/gcamp_ros2_ws/install/aws_robomaker_small_warehouse_world:/opt/ros/foxy CMAKE_PREFIX_PATH=${CMAKE_PREFIX_PATH}:/home/winter24/gcamp_ros2_ws/install/yolov8_ros:/home/winter24/gcamp_ros2_ws/install/tf2_web_republisher_py:/opt/ros/foxy PYTHONPATH=/home/winter24/gcamp_ros2_ws/build/yolov8_ros:${PYTHONPATH} /home/winter24/.local/bin/cmake --install /home/winter24/gcamp_ros2_ws/build/yolov8_bringup
[1.373s] -- Install configuration: ""
[1.374s] -- Execute custom install script
[1.374s] -- Symlinking: /home/winter24/gcamp_ros2_ws/install/yolov8_bringup/share/yolov8_bringup//launch/yolov8.launch.py
[1.374s] -- Symlinking: /home/winter24/gcamp_ros2_ws/install/yolov8_bringup/share/yolov8_bringup//launch/yolov8_3d.launch.py
[1.374s] -- Symlinking: /home/winter24/gcamp_ros2_ws/install/yolov8_bringup/share/ament_index/resource_index/package_run_dependencies/yolov8_bringup
[1.374s] -- Symlinking: /home/winter24/gcamp_ros2_ws/install/yolov8_bringup/share/ament_index/resource_index/parent_prefix_path/yolov8_bringup
[1.374s] -- Symlinking: /home/winter24/gcamp_ros2_ws/install/yolov8_bringup/share/yolov8_bringup/environment/ament_prefix_path.sh
[1.374s] -- Symlinking: /home/winter24/gcamp_ros2_ws/install/yolov8_bringup/share/yolov8_bringup/environment/ament_prefix_path.dsv
[1.374s] -- Symlinking: /home/winter24/gcamp_ros2_ws/install/yolov8_bringup/share/yolov8_bringup/environment/path.sh
[1.375s] -- Symlinking: /home/winter24/gcamp_ros2_ws/install/yolov8_bringup/share/yolov8_bringup/environment/path.dsv
[1.375s] -- Symlinking: /home/winter24/gcamp_ros2_ws/install/yolov8_bringup/share/yolov8_bringup/local_setup.bash
[1.375s] -- Symlinking: /home/winter24/gcamp_ros2_ws/install/yolov8_bringup/share/yolov8_bringup/local_setup.sh
[1.375s] -- Symlinking: /home/winter24/gcamp_ros2_ws/install/yolov8_bringup/share/yolov8_bringup/local_setup.zsh
[1.375s] -- Symlinking: /home/winter24/gcamp_ros2_ws/install/yolov8_bringup/share/yolov8_bringup/local_setup.dsv
[1.375s] -- Symlinking: /home/winter24/gcamp_ros2_ws/install/yolov8_bringup/share/yolov8_bringup/package.dsv
[1.375s] -- Symlinking: /home/winter24/gcamp_ros2_ws/install/yolov8_bringup/share/ament_index/resource_index/packages/yolov8_bringup
[1.375s] -- Symlinking: /home/winter24/gcamp_ros2_ws/install/yolov8_bringup/share/yolov8_bringup/cmake/yolov8_bringupConfig.cmake
[1.376s] -- Symlinking: /home/winter24/gcamp_ros2_ws/install/yolov8_bringup/share/yolov8_bringup/cmake/yolov8_bringupConfig-version.cmake
[1.376s] -- Symlinking: /home/winter24/gcamp_ros2_ws/install/yolov8_bringup/share/yolov8_bringup/package.xml
[1.619s] Invoked command in '/home/winter24/gcamp_ros2_ws/build/yolov8_bringup' returned '0': AMENT_PREFIX_PATH=/home/winter24/gcamp_ros2_ws/install/yolov8_ros:/home/winter24/gcamp_ros2_ws/install/yolov8_bringup:/home/winter24/gcamp_ros2_ws/install/yolov8_msgs:/home/winter24/gcamp_ros2_ws/install/tf2_web_republisher_py:/home/winter24/gcamp_ros2_ws/install/tf2_web_republisher:/home/winter24/gcamp_ros2_ws/install/slam_gmapping:/home/winter24/gcamp_ros2_ws/install/robot_pose_publisher_ros2:/home/winter24/gcamp_ros2_ws/install/openslam_gmapping:/home/winter24/gcamp_ros2_ws/install/mpu6050driver:/home/winter24/gcamp_ros2_ws/install/gcamp_gazebo:/home/winter24/gcamp_ros2_ws/install/gazebo_mecanum_plugins:/home/winter24/gcamp_ros2_ws/install/aws_robomaker_small_warehouse_world:/opt/ros/foxy CMAKE_PREFIX_PATH=${CMAKE_PREFIX_PATH}:/home/winter24/gcamp_ros2_ws/install/yolov8_ros:/home/winter24/gcamp_ros2_ws/install/tf2_web_republisher_py:/opt/ros/foxy PYTHONPATH=/home/winter24/gcamp_ros2_ws/build/yolov8_ros:${PYTHONPATH} /home/winter24/.local/bin/cmake --install /home/winter24/gcamp_ros2_ws/build/yolov8_bringup
