-- Found ament_cmake: 0.9.11 (/opt/ros/foxy/share/ament_cmake/cmake)
-- Found PythonInterp: /usr/bin/python3 (found suitable version "3.8.10", minimum required is "3") 
-- Using PYTHON_EXECUTABLE: /usr/bin/python3
-- Override CMake install command with custom implementation using symlinks instead of copying resources
-- Found rosidl_default_generators: 1.0.1 (/opt/ros/foxy/share/rosidl_default_generators/cmake)
-- Using all available rosidl_typesupport_c: rosidl_typesupport_fastrtps_c;rosidl_typesupport_introspection_c
-- Found rosidl_adapter: 1.3.0 (/opt/ros/foxy/share/rosidl_adapter/cmake)
-- Using all available rosidl_typesupport_cpp: rosidl_typesupport_fastrtps_cpp;rosidl_typesupport_introspection_cpp
-- Found builtin_interfaces: 1.0.0 (/opt/ros/foxy/share/builtin_interfaces/cmake)
-- Found geometry_msgs: 2.0.5 (/opt/ros/foxy/share/geometry_msgs/cmake)
-- Found PythonInterp: /usr/bin/python3 (found version "3.8.10") 
-- Found ament_cmake_ros: 0.9.2 (/opt/ros/foxy/share/ament_cmake_ros/cmake)
-- Using all available rosidl_typesupport_c: rosidl_typesupport_fastrtps_c;rosidl_typesupport_introspection_c
-- Using all available rosidl_typesupport_cpp: rosidl_typesupport_fastrtps_cpp;rosidl_typesupport_introspection_cpp
-- Found PythonInterp: /usr/bin/python3 (found suitable version "3.8.10", minimum required is "3.5") 
-- Found python_cmake_module: 0.8.1 (/opt/ros/foxy/share/python_cmake_module/cmake)
-- Using PYTHON_EXECUTABLE: /usr/bin/python3
-- Using PYTHON_INCLUDE_DIRS: /usr/include/python3.8
-- Using PYTHON_LIBRARIES: /usr/lib/x86_64-linux-gnu/libpython3.8.so
-- Found ament_lint_auto: 0.9.8 (/opt/ros/foxy/share/ament_lint_auto/cmake)
-- Added test 'copyright' to check source files copyright and LICENSE
-- Added test 'lint_cmake' to check CMake code style
-- Added test 'xmllint' to check XML markup files
-- Configuring done
-- Generating done
-- Build files have been written to: /home/winter24/gcamp_ros2_ws/build/tf2_web_republisher
[  2%] Built target tf2_web_republisher__cpp
[ 12%] Built target tf2_web_republisher__rosidl_generator_c
[ 23%] Built target tf2_web_republisher__rosidl_typesupport_introspection_cpp
[ 34%] Built target tf2_web_republisher__rosidl_typesupport_introspection_c
[ 44%] Built target tf2_web_republisher__rosidl_typesupport_cpp
[ 46%] [32m[1mLinking CXX shared library libtf2_web_republisher__rosidl_typesupport_fastrtps_cpp.so[0m
[ 57%] Built target tf2_web_republisher__rosidl_typesupport_c
[ 65%] Built target tf2_web_republisher__rosidl_typesupport_fastrtps_cpp
[ 68%] [32m[1mLinking CXX shared library libtf2_web_republisher__rosidl_typesupport_fastrtps_c.so[0m
[ 76%] Built target tf2_web_republisher__rosidl_typesupport_fastrtps_c
[ 76%] Built target tf2_web_republisher
[ 78%] Built target tf2_web_republisher__py
[ 80%] [32m[1mLinking C shared library rosidl_generator_py/tf2_web_republisher/libtf2_web_republisher__python.so[0m
[ 87%] Built target tf2_web_republisher__python
[ 91%] [32m[1mLinking C shared library rosidl_generator_py/tf2_web_republisher/tf2_web_republisher_s__rosidl_typesupport_introspection_c.cpython-38-x86_64-linux-gnu.so[0m
[ 91%] [32m[1mLinking C shared library rosidl_generator_py/tf2_web_republisher/tf2_web_republisher_s__rosidl_typesupport_c.cpython-38-x86_64-linux-gnu.so[0m
[ 93%] [32m[1mLinking CXX shared library rosidl_generator_py/tf2_web_republisher/tf2_web_republisher_s__rosidl_typesupport_fastrtps_c.cpython-38-x86_64-linux-gnu.so[0m
[ 97%] Built target tf2_web_republisher__rosidl_typesupport_introspection_c__pyext
[ 97%] Built target tf2_web_republisher__rosidl_typesupport_c__pyext
[100%] Built target tf2_web_republisher__rosidl_typesupport_fastrtps_c__pyext
-- Install configuration: ""
-- Execute custom install script
-- Symlinking: /home/winter24/gcamp_ros2_ws/install/tf2_web_republisher/share/ament_index/resource_index/rosidl_interfaces/tf2_web_republisher
-- Symlinking: /home/winter24/gcamp_ros2_ws/install/tf2_web_republisher/include/tf2_web_republisher/action/detail/tf_subscription__functions.h
-- Symlinking: /home/winter24/gcamp_ros2_ws/install/tf2_web_republisher/include/tf2_web_republisher/action/detail/tf_subscription__struct.h
-- Symlinking: /home/winter24/gcamp_ros2_ws/install/tf2_web_republisher/include/tf2_web_republisher/action/detail/tf_subscription__type_support.h
-- Symlinking: /home/winter24/gcamp_ros2_ws/install/tf2_web_republisher/include/tf2_web_republisher/action/tf_subscription.h
-- Symlinking: /home/winter24/gcamp_ros2_ws/install/tf2_web_republisher/include/tf2_web_republisher/msg/detail/tf_array__functions.h
-- Symlinking: /home/winter24/gcamp_ros2_ws/install/tf2_web_republisher/include/tf2_web_republisher/msg/detail/tf_array__struct.h
-- Symlinking: /home/winter24/gcamp_ros2_ws/install/tf2_web_republisher/include/tf2_web_republisher/msg/detail/tf_array__type_support.h
-- Symlinking: /home/winter24/gcamp_ros2_ws/install/tf2_web_republisher/include/tf2_web_republisher/msg/rosidl_generator_c__visibility_control.h
-- Symlinking: /home/winter24/gcamp_ros2_ws/install/tf2_web_republisher/include/tf2_web_republisher/msg/tf_array.h
-- Symlinking: /home/winter24/gcamp_ros2_ws/install/tf2_web_republisher/include/tf2_web_republisher/srv/detail/republish_t_fs__functions.h
-- Symlinking: /home/winter24/gcamp_ros2_ws/install/tf2_web_republisher/include/tf2_web_republisher/srv/detail/republish_t_fs__struct.h
-- Symlinking: /home/winter24/gcamp_ros2_ws/install/tf2_web_republisher/include/tf2_web_republisher/srv/detail/republish_t_fs__type_support.h
-- Symlinking: /home/winter24/gcamp_ros2_ws/install/tf2_web_republisher/include/tf2_web_republisher/srv/republish_t_fs.h
-- Symlinking: /home/winter24/gcamp_ros2_ws/install/tf2_web_republisher/share/tf2_web_republisher/environment/library_path.sh
-- Symlinking: /home/winter24/gcamp_ros2_ws/install/tf2_web_republisher/share/tf2_web_republisher/environment/library_path.dsv
-- Symlinking: /home/winter24/gcamp_ros2_ws/install/tf2_web_republisher/include/tf2_web_republisher/action/detail/tf_subscription__rosidl_typesupport_fastrtps_c.h
-- Symlinking: /home/winter24/gcamp_ros2_ws/install/tf2_web_republisher/include/tf2_web_republisher/msg/detail/tf_array__rosidl_typesupport_fastrtps_c.h
-- Symlinking: /home/winter24/gcamp_ros2_ws/install/tf2_web_republisher/include/tf2_web_republisher/msg/rosidl_typesupport_fastrtps_c__visibility_control.h
-- Symlinking: /home/winter24/gcamp_ros2_ws/install/tf2_web_republisher/include/tf2_web_republisher/srv/detail/republish_t_fs__rosidl_typesupport_fastrtps_c.h
-- Symlinking: /home/winter24/gcamp_ros2_ws/install/tf2_web_republisher/lib/libtf2_web_republisher__rosidl_typesupport_fastrtps_c.so
-- Symlinking: /home/winter24/gcamp_ros2_ws/install/tf2_web_republisher/include/tf2_web_republisher/action/detail/tf_subscription__rosidl_typesupport_fastrtps_cpp.hpp
-- Symlinking: /home/winter24/gcamp_ros2_ws/install/tf2_web_republisher/include/tf2_web_republisher/msg/detail/tf_array__rosidl_typesupport_fastrtps_cpp.hpp
-- Symlinking: /home/winter24/gcamp_ros2_ws/install/tf2_web_republisher/include/tf2_web_republisher/msg/rosidl_typesupport_fastrtps_cpp__visibility_control.h
-- Symlinking: /home/winter24/gcamp_ros2_ws/install/tf2_web_republisher/include/tf2_web_republisher/srv/detail/republish_t_fs__rosidl_typesupport_fastrtps_cpp.hpp
-- Symlinking: /home/winter24/gcamp_ros2_ws/install/tf2_web_republisher/lib/libtf2_web_republisher__rosidl_typesupport_fastrtps_cpp.so
-- Symlinking: /home/winter24/gcamp_ros2_ws/install/tf2_web_republisher/include/tf2_web_republisher/action/detail/tf_subscription__rosidl_typesupport_introspection_c.h
-- Symlinking: /home/winter24/gcamp_ros2_ws/install/tf2_web_republisher/include/tf2_web_republisher/msg/detail/tf_array__rosidl_typesupport_introspection_c.h
-- Symlinking: /home/winter24/gcamp_ros2_ws/install/tf2_web_republisher/include/tf2_web_republisher/msg/rosidl_typesupport_introspection_c__visibility_control.h
-- Symlinking: /home/winter24/gcamp_ros2_ws/install/tf2_web_republisher/include/tf2_web_republisher/srv/detail/republish_t_fs__rosidl_typesupport_introspection_c.h
-- Symlinking: /home/winter24/gcamp_ros2_ws/install/tf2_web_republisher/include/tf2_web_republisher/action/detail/tf_subscription__builder.hpp
-- Symlinking: /home/winter24/gcamp_ros2_ws/install/tf2_web_republisher/include/tf2_web_republisher/action/detail/tf_subscription__struct.hpp
-- Symlinking: /home/winter24/gcamp_ros2_ws/install/tf2_web_republisher/include/tf2_web_republisher/action/detail/tf_subscription__traits.hpp
-- Symlinking: /home/winter24/gcamp_ros2_ws/install/tf2_web_republisher/include/tf2_web_republisher/action/tf_subscription.hpp
-- Symlinking: /home/winter24/gcamp_ros2_ws/install/tf2_web_republisher/include/tf2_web_republisher/msg/detail/tf_array__builder.hpp
-- Symlinking: /home/winter24/gcamp_ros2_ws/install/tf2_web_republisher/include/tf2_web_republisher/msg/detail/tf_array__struct.hpp
-- Symlinking: /home/winter24/gcamp_ros2_ws/install/tf2_web_republisher/include/tf2_web_republisher/msg/detail/tf_array__traits.hpp
-- Symlinking: /home/winter24/gcamp_ros2_ws/install/tf2_web_republisher/include/tf2_web_republisher/msg/tf_array.hpp
-- Symlinking: /home/winter24/gcamp_ros2_ws/install/tf2_web_republisher/include/tf2_web_republisher/srv/detail/republish_t_fs__builder.hpp
-- Symlinking: /home/winter24/gcamp_ros2_ws/install/tf2_web_republisher/include/tf2_web_republisher/srv/detail/republish_t_fs__struct.hpp
-- Symlinking: /home/winter24/gcamp_ros2_ws/install/tf2_web_republisher/include/tf2_web_republisher/srv/detail/republish_t_fs__traits.hpp
-- Symlinking: /home/winter24/gcamp_ros2_ws/install/tf2_web_republisher/include/tf2_web_republisher/srv/republish_t_fs.hpp
-- Symlinking: /home/winter24/gcamp_ros2_ws/install/tf2_web_republisher/include/tf2_web_republisher/action/detail/tf_subscription__rosidl_typesupport_introspection_cpp.hpp
-- Symlinking: /home/winter24/gcamp_ros2_ws/install/tf2_web_republisher/include/tf2_web_republisher/msg/detail/tf_array__rosidl_typesupport_introspection_cpp.hpp
-- Symlinking: /home/winter24/gcamp_ros2_ws/install/tf2_web_republisher/include/tf2_web_republisher/srv/detail/republish_t_fs__rosidl_typesupport_introspection_cpp.hpp
-- Symlinking: /home/winter24/gcamp_ros2_ws/install/tf2_web_republisher/share/tf2_web_republisher/environment/pythonpath.sh
-- Symlinking: /home/winter24/gcamp_ros2_ws/install/tf2_web_republisher/share/tf2_web_republisher/environment/pythonpath.dsv
-- Symlinking: /home/winter24/gcamp_ros2_ws/install/tf2_web_republisher/lib/python3.8/site-packages/tf2_web_republisher/__init__.py
-- Symlinking: /home/winter24/gcamp_ros2_ws/install/tf2_web_republisher/lib/python3.8/site-packages/tf2_web_republisher/msg/__init__.py
-- Symlinking: /home/winter24/gcamp_ros2_ws/install/tf2_web_republisher/lib/python3.8/site-packages/tf2_web_republisher/msg/_tf_array.py
-- Symlinking: /home/winter24/gcamp_ros2_ws/install/tf2_web_republisher/lib/python3.8/site-packages/tf2_web_republisher/srv/__init__.py
-- Symlinking: /home/winter24/gcamp_ros2_ws/install/tf2_web_republisher/lib/python3.8/site-packages/tf2_web_republisher/srv/_republish_t_fs.py
-- Symlinking: /home/winter24/gcamp_ros2_ws/install/tf2_web_republisher/lib/python3.8/site-packages/tf2_web_republisher/action/__init__.py
-- Symlinking: /home/winter24/gcamp_ros2_ws/install/tf2_web_republisher/lib/python3.8/site-packages/tf2_web_republisher/action/_tf_subscription.py
-- Symlinking: /home/winter24/gcamp_ros2_ws/install/tf2_web_republisher/lib/python3.8/site-packages/tf2_web_republisher/tf2_web_republisher_s__rosidl_typesupport_fastrtps_c.cpython-38-x86_64-linux-gnu.so
-- Symlinking: /home/winter24/gcamp_ros2_ws/install/tf2_web_republisher/lib/python3.8/site-packages/tf2_web_republisher/tf2_web_republisher_s__rosidl_typesupport_introspection_c.cpython-38-x86_64-linux-gnu.so
-- Symlinking: /home/winter24/gcamp_ros2_ws/install/tf2_web_republisher/lib/python3.8/site-packages/tf2_web_republisher/tf2_web_republisher_s__rosidl_typesupport_c.cpython-38-x86_64-linux-gnu.so
-- Symlinking: /home/winter24/gcamp_ros2_ws/install/tf2_web_republisher/lib/libtf2_web_republisher__python.so
-- Symlinking: /home/winter24/gcamp_ros2_ws/install/tf2_web_republisher/share/tf2_web_republisher/msg/TFArray.idl
-- Symlinking: /home/winter24/gcamp_ros2_ws/install/tf2_web_republisher/share/tf2_web_republisher/srv/RepublishTFs.idl
-- Symlinking: /home/winter24/gcamp_ros2_ws/install/tf2_web_republisher/share/tf2_web_republisher/action/TFSubscription.idl
-- Symlinking: /home/winter24/gcamp_ros2_ws/install/tf2_web_republisher/share/tf2_web_republisher/msg/TFArray.msg
-- Symlinking: /home/winter24/gcamp_ros2_ws/install/tf2_web_republisher/share/tf2_web_republisher/srv/RepublishTFs.srv
-- Symlinking: /home/winter24/gcamp_ros2_ws/install/tf2_web_republisher/share/tf2_web_republisher/srv/RepublishTFs_Request.msg
-- Symlinking: /home/winter24/gcamp_ros2_ws/install/tf2_web_republisher/share/tf2_web_republisher/srv/RepublishTFs_Response.msg
-- Symlinking: /home/winter24/gcamp_ros2_ws/install/tf2_web_republisher/share/tf2_web_republisher/action/TFSubscription.action
-- Symlinking: /home/winter24/gcamp_ros2_ws/install/tf2_web_republisher/share/ament_index/resource_index/package_run_dependencies/tf2_web_republisher
-- Symlinking: /home/winter24/gcamp_ros2_ws/install/tf2_web_republisher/share/ament_index/resource_index/parent_prefix_path/tf2_web_republisher
-- Symlinking: /home/winter24/gcamp_ros2_ws/install/tf2_web_republisher/share/tf2_web_republisher/environment/ament_prefix_path.sh
-- Symlinking: /home/winter24/gcamp_ros2_ws/install/tf2_web_republisher/share/tf2_web_republisher/environment/ament_prefix_path.dsv
-- Symlinking: /home/winter24/gcamp_ros2_ws/install/tf2_web_republisher/share/tf2_web_republisher/environment/path.sh
-- Symlinking: /home/winter24/gcamp_ros2_ws/install/tf2_web_republisher/share/tf2_web_republisher/environment/path.dsv
-- Symlinking: /home/winter24/gcamp_ros2_ws/install/tf2_web_republisher/share/tf2_web_republisher/local_setup.bash
-- Symlinking: /home/winter24/gcamp_ros2_ws/install/tf2_web_republisher/share/tf2_web_republisher/local_setup.sh
-- Symlinking: /home/winter24/gcamp_ros2_ws/install/tf2_web_republisher/share/tf2_web_republisher/local_setup.zsh
-- Symlinking: /home/winter24/gcamp_ros2_ws/install/tf2_web_republisher/share/tf2_web_republisher/local_setup.dsv
-- Symlinking: /home/winter24/gcamp_ros2_ws/install/tf2_web_republisher/share/tf2_web_republisher/package.dsv
-- Symlinking: /home/winter24/gcamp_ros2_ws/install/tf2_web_republisher/share/ament_index/resource_index/packages/tf2_web_republisher
-- Symlinking: /home/winter24/gcamp_ros2_ws/install/tf2_web_republisher/share/tf2_web_republisher/cmake/rosidl_cmake-extras.cmake
-- Symlinking: /home/winter24/gcamp_ros2_ws/install/tf2_web_republisher/share/tf2_web_republisher/cmake/ament_cmake_export_dependencies-extras.cmake
-- Symlinking: /home/winter24/gcamp_ros2_ws/install/tf2_web_republisher/share/tf2_web_republisher/cmake/ament_cmake_export_libraries-extras.cmake
-- Symlinking: /home/winter24/gcamp_ros2_ws/install/tf2_web_republisher/share/tf2_web_republisher/cmake/ament_cmake_export_targets-extras.cmake
-- Symlinking: /home/winter24/gcamp_ros2_ws/install/tf2_web_republisher/share/tf2_web_republisher/cmake/ament_cmake_export_include_directories-extras.cmake
-- Symlinking: /home/winter24/gcamp_ros2_ws/install/tf2_web_republisher/share/tf2_web_republisher/cmake/rosidl_cmake_export_typesupport_libraries-extras.cmake
-- Symlinking: /home/winter24/gcamp_ros2_ws/install/tf2_web_republisher/share/tf2_web_republisher/cmake/rosidl_cmake_export_typesupport_targets-extras.cmake
-- Symlinking: /home/winter24/gcamp_ros2_ws/install/tf2_web_republisher/share/tf2_web_republisher/cmake/tf2_web_republisherConfig.cmake
-- Symlinking: /home/winter24/gcamp_ros2_ws/install/tf2_web_republisher/share/tf2_web_republisher/cmake/tf2_web_republisherConfig-version.cmake
-- Symlinking: /home/winter24/gcamp_ros2_ws/install/tf2_web_republisher/share/tf2_web_republisher/package.xml
-- Up-to-date: /home/winter24/gcamp_ros2_ws/install/tf2_web_republisher/lib/libtf2_web_republisher__rosidl_generator_c.so
-- Up-to-date: /home/winter24/gcamp_ros2_ws/install/tf2_web_republisher/lib/libtf2_web_republisher__rosidl_typesupport_introspection_c.so
-- Up-to-date: /home/winter24/gcamp_ros2_ws/install/tf2_web_republisher/lib/libtf2_web_republisher__rosidl_typesupport_c.so
-- Up-to-date: /home/winter24/gcamp_ros2_ws/install/tf2_web_republisher/lib/libtf2_web_republisher__rosidl_typesupport_introspection_cpp.so
-- Up-to-date: /home/winter24/gcamp_ros2_ws/install/tf2_web_republisher/lib/libtf2_web_republisher__rosidl_typesupport_cpp.so
Compiling '/home/winter24/gcamp_ros2_ws/install/tf2_web_republisher/lib/python3.8/site-packages/tf2_web_republisher/__init__.py'...
-- Up-to-date: /home/winter24/gcamp_ros2_ws/install/tf2_web_republisher/share/tf2_web_republisher/cmake/tf2_web_republisher__rosidl_generator_cExport.cmake
-- Installing: /home/winter24/gcamp_ros2_ws/install/tf2_web_republisher/share/tf2_web_republisher/cmake/tf2_web_republisher__rosidl_generator_cExport-noconfig.cmake
-- Up-to-date: /home/winter24/gcamp_ros2_ws/install/tf2_web_republisher/share/tf2_web_republisher/cmake/tf2_web_republisher__rosidl_typesupport_introspection_cExport.cmake
-- Installing: /home/winter24/gcamp_ros2_ws/install/tf2_web_republisher/share/tf2_web_republisher/cmake/tf2_web_republisher__rosidl_typesupport_introspection_cExport-noconfig.cmake
-- Up-to-date: /home/winter24/gcamp_ros2_ws/install/tf2_web_republisher/share/tf2_web_republisher/cmake/tf2_web_republisher__rosidl_typesupport_cExport.cmake
-- Installing: /home/winter24/gcamp_ros2_ws/install/tf2_web_republisher/share/tf2_web_republisher/cmake/tf2_web_republisher__rosidl_typesupport_cExport-noconfig.cmake
-- Up-to-date: /home/winter24/gcamp_ros2_ws/install/tf2_web_republisher/share/tf2_web_republisher/cmake/tf2_web_republisher__rosidl_generator_cppExport.cmake
-- Up-to-date: /home/winter24/gcamp_ros2_ws/install/tf2_web_republisher/share/tf2_web_republisher/cmake/tf2_web_republisher__rosidl_typesupport_introspection_cppExport.cmake
-- Installing: /home/winter24/gcamp_ros2_ws/install/tf2_web_republisher/share/tf2_web_republisher/cmake/tf2_web_republisher__rosidl_typesupport_introspection_cppExport-noconfig.cmake
-- Up-to-date: /home/winter24/gcamp_ros2_ws/install/tf2_web_republisher/share/tf2_web_republisher/cmake/tf2_web_republisher__rosidl_typesupport_cppExport.cmake
-- Installing: /home/winter24/gcamp_ros2_ws/install/tf2_web_republisher/share/tf2_web_republisher/cmake/tf2_web_republisher__rosidl_typesupport_cppExport-noconfig.cmake
