[0.143s] DEBUG:colcon:Command line arguments: ['/usr/bin/colcon', 'build']
[0.143s] DEBUG:colcon:Parsed command line arguments: Namespace(allow_overriding=[], ament_cmake_args=None, base_paths=['.'], build_base='build', catkin_cmake_args=None, catkin_skip_building_tests=False, cmake_args=None, cmake_clean_cache=False, cmake_clean_first=False, cmake_force_configure=False, cmake_target=None, cmake_target_skip_unavailable=False, continue_on_error=False, event_handlers=None, executor='parallel', ignore_user_meta=False, install_base='install', log_base=None, log_level=None, main=<bound method BuildVerb.main of <colcon_core.verb.build.BuildVerb object at 0x7f8bd4e57550>>, merge_install=False, metas=['./colcon.meta'], packages_above=None, packages_above_and_dependencies=None, packages_above_depth=None, packages_end=None, packages_ignore=None, packages_ignore_regex=None, packages_select=None, packages_select_build_failed=False, packages_select_by_dep=None, packages_select_regex=None, packages_select_test_failures=False, packages_skip=None, packages_skip_build_finished=False, packages_skip_by_dep=None, packages_skip_regex=None, packages_skip_test_passed=False, packages_skip_up_to=None, packages_start=None, packages_up_to=None, packages_up_to_regex=None, parallel_workers=16, paths=None, symlink_install=False, test_result_base=None, verb_extension=<colcon_core.verb.build.BuildVerb object at 0x7f8bd4e57550>, verb_name='build', verb_parser=<colcon_defaults.argument_parser.defaults.DefaultArgumentsDecorator object at 0x7f8bd4e57a90>)
[0.156s] Level 1:colcon.colcon_core.package_discovery:discover_packages(colcon_meta) check parameters
[0.156s] Level 1:colcon.colcon_core.package_discovery:discover_packages(recursive) check parameters
[0.156s] Level 1:colcon.colcon_core.package_discovery:discover_packages(ignore) check parameters
[0.156s] Level 1:colcon.colcon_core.package_discovery:discover_packages(path) check parameters
[0.157s] Level 1:colcon.colcon_core.package_discovery:discover_packages(colcon_meta) discover
[0.157s] Level 1:colcon.colcon_core.package_discovery:discover_packages(recursive) discover
[0.157s] INFO:colcon.colcon_core.package_discovery:Crawling recursively for packages in '/home/winter24/gcamp_ros2_ws'
[0.157s] Level 1:colcon.colcon_core.package_identification:_identify(.) by extensions ['ignore', 'ignore_ament_install']
[0.157s] Level 1:colcon.colcon_core.package_identification:_identify(.) by extension 'ignore'
[0.157s] Level 1:colcon.colcon_core.package_identification:_identify(.) by extension 'ignore_ament_install'
[0.157s] Level 1:colcon.colcon_core.package_identification:_identify(.) by extensions ['colcon_pkg']
[0.157s] Level 1:colcon.colcon_core.package_identification:_identify(.) by extension 'colcon_pkg'
[0.157s] Level 1:colcon.colcon_core.package_identification:_identify(.) by extensions ['colcon_meta']
[0.157s] Level 1:colcon.colcon_core.package_identification:_identify(.) by extension 'colcon_meta'
[0.157s] Level 1:colcon.colcon_core.package_identification:_identify(.) by extensions ['ros']
[0.157s] Level 1:colcon.colcon_core.package_identification:_identify(.) by extension 'ros'
[0.167s] Level 1:colcon.colcon_core.package_identification:_identify(.) by extensions ['cmake', 'python']
[0.167s] Level 1:colcon.colcon_core.package_identification:_identify(.) by extension 'cmake'
[0.167s] Level 1:colcon.colcon_core.package_identification:_identify(.) by extension 'python'
[0.167s] Level 1:colcon.colcon_core.package_identification:_identify(.) by extensions ['python_setup_py']
[0.167s] Level 1:colcon.colcon_core.package_identification:_identify(.) by extension 'python_setup_py'
[0.167s] Level 1:colcon.colcon_core.package_identification:_identify(build) by extensions ['ignore', 'ignore_ament_install']
[0.167s] Level 1:colcon.colcon_core.package_identification:_identify(build) by extension 'ignore'
[0.167s] Level 1:colcon.colcon_core.package_identification:_identify(build) ignored
[0.167s] Level 1:colcon.colcon_core.package_identification:_identify(install) by extensions ['ignore', 'ignore_ament_install']
[0.167s] Level 1:colcon.colcon_core.package_identification:_identify(install) by extension 'ignore'
[0.167s] Level 1:colcon.colcon_core.package_identification:_identify(install) ignored
[0.167s] Level 1:colcon.colcon_core.package_identification:_identify(log) by extensions ['ignore', 'ignore_ament_install']
[0.167s] Level 1:colcon.colcon_core.package_identification:_identify(log) by extension 'ignore'
[0.167s] Level 1:colcon.colcon_core.package_identification:_identify(log) ignored
[0.167s] Level 1:colcon.colcon_core.package_identification:_identify(ros2_mpu6050_driver) by extensions ['ignore', 'ignore_ament_install']
[0.167s] Level 1:colcon.colcon_core.package_identification:_identify(ros2_mpu6050_driver) by extension 'ignore'
[0.167s] Level 1:colcon.colcon_core.package_identification:_identify(ros2_mpu6050_driver) by extension 'ignore_ament_install'
[0.168s] Level 1:colcon.colcon_core.package_identification:_identify(ros2_mpu6050_driver) by extensions ['colcon_pkg']
[0.168s] Level 1:colcon.colcon_core.package_identification:_identify(ros2_mpu6050_driver) by extension 'colcon_pkg'
[0.168s] Level 1:colcon.colcon_core.package_identification:_identify(ros2_mpu6050_driver) by extensions ['colcon_meta']
[0.168s] Level 1:colcon.colcon_core.package_identification:_identify(ros2_mpu6050_driver) by extension 'colcon_meta'
[0.168s] Level 1:colcon.colcon_core.package_identification:_identify(ros2_mpu6050_driver) by extensions ['ros']
[0.168s] Level 1:colcon.colcon_core.package_identification:_identify(ros2_mpu6050_driver) by extension 'ros'
[0.169s] DEBUG:colcon.colcon_core.package_identification:Package 'ros2_mpu6050_driver' with type 'ros.ament_cmake' and name 'mpu6050driver'
[0.169s] Level 1:colcon.colcon_core.package_identification:_identify(src) by extensions ['ignore', 'ignore_ament_install']
[0.169s] Level 1:colcon.colcon_core.package_identification:_identify(src) by extension 'ignore'
[0.169s] Level 1:colcon.colcon_core.package_identification:_identify(src) by extension 'ignore_ament_install'
[0.169s] Level 1:colcon.colcon_core.package_identification:_identify(src) by extensions ['colcon_pkg']
[0.169s] Level 1:colcon.colcon_core.package_identification:_identify(src) by extension 'colcon_pkg'
[0.169s] Level 1:colcon.colcon_core.package_identification:_identify(src) by extensions ['colcon_meta']
[0.169s] Level 1:colcon.colcon_core.package_identification:_identify(src) by extension 'colcon_meta'
[0.169s] Level 1:colcon.colcon_core.package_identification:_identify(src) by extensions ['ros']
[0.169s] Level 1:colcon.colcon_core.package_identification:_identify(src) by extension 'ros'
[0.169s] DEBUG:colcon.colcon_core.package_identification:Package 'src' with type 'ros.ament_cmake' and name 'gcamp_gazebo'
[0.169s] Level 1:colcon.colcon_core.package_discovery:discover_packages(recursive) using defaults
[0.169s] Level 1:colcon.colcon_core.package_discovery:discover_packages(ignore) discover
[0.169s] Level 1:colcon.colcon_core.package_discovery:discover_packages(ignore) using defaults
[0.169s] Level 1:colcon.colcon_core.package_discovery:discover_packages(path) discover
[0.169s] Level 1:colcon.colcon_core.package_discovery:discover_packages(path) using defaults
[0.180s] Level 1:colcon.colcon_core.package_discovery:discover_packages(prefix_path) check parameters
[0.180s] Level 1:colcon.colcon_core.package_discovery:discover_packages(prefix_path) discover
[0.181s] DEBUG:colcon.colcon_installed_package_information.package_discovery:Found 1 installed packages in /home/winter24/gcamp_ros2_ws/install
[0.182s] DEBUG:colcon.colcon_installed_package_information.package_discovery:Found 352 installed packages in /opt/ros/foxy
[0.183s] Level 1:colcon.colcon_core.package_discovery:discover_packages(prefix_path) using defaults
[0.220s] Level 5:colcon.colcon_core.verb:set package 'gcamp_gazebo' build argument 'cmake_args' from command line to 'None'
[0.220s] Level 5:colcon.colcon_core.verb:set package 'gcamp_gazebo' build argument 'cmake_target' from command line to 'None'
[0.220s] Level 5:colcon.colcon_core.verb:set package 'gcamp_gazebo' build argument 'cmake_target_skip_unavailable' from command line to 'False'
[0.220s] Level 5:colcon.colcon_core.verb:set package 'gcamp_gazebo' build argument 'cmake_clean_cache' from command line to 'False'
[0.220s] Level 5:colcon.colcon_core.verb:set package 'gcamp_gazebo' build argument 'cmake_clean_first' from command line to 'False'
[0.220s] Level 5:colcon.colcon_core.verb:set package 'gcamp_gazebo' build argument 'cmake_force_configure' from command line to 'False'
[0.220s] Level 5:colcon.colcon_core.verb:set package 'gcamp_gazebo' build argument 'ament_cmake_args' from command line to 'None'
[0.220s] Level 5:colcon.colcon_core.verb:set package 'gcamp_gazebo' build argument 'catkin_cmake_args' from command line to 'None'
[0.220s] Level 5:colcon.colcon_core.verb:set package 'gcamp_gazebo' build argument 'catkin_skip_building_tests' from command line to 'False'
[0.220s] DEBUG:colcon.colcon_core.verb:Building package 'gcamp_gazebo' with the following arguments: {'ament_cmake_args': None, 'build_base': '/home/winter24/gcamp_ros2_ws/build/gcamp_gazebo', 'catkin_cmake_args': None, 'catkin_skip_building_tests': False, 'cmake_args': None, 'cmake_clean_cache': False, 'cmake_clean_first': False, 'cmake_force_configure': False, 'cmake_target': None, 'cmake_target_skip_unavailable': False, 'install_base': '/home/winter24/gcamp_ros2_ws/install/gcamp_gazebo', 'merge_install': False, 'path': '/home/winter24/gcamp_ros2_ws/src', 'symlink_install': False, 'test_result_base': None}
[0.221s] Level 5:colcon.colcon_core.verb:set package 'mpu6050driver' build argument 'cmake_args' from command line to 'None'
[0.221s] Level 5:colcon.colcon_core.verb:set package 'mpu6050driver' build argument 'cmake_target' from command line to 'None'
[0.221s] Level 5:colcon.colcon_core.verb:set package 'mpu6050driver' build argument 'cmake_target_skip_unavailable' from command line to 'False'
[0.221s] Level 5:colcon.colcon_core.verb:set package 'mpu6050driver' build argument 'cmake_clean_cache' from command line to 'False'
[0.221s] Level 5:colcon.colcon_core.verb:set package 'mpu6050driver' build argument 'cmake_clean_first' from command line to 'False'
[0.221s] Level 5:colcon.colcon_core.verb:set package 'mpu6050driver' build argument 'cmake_force_configure' from command line to 'False'
[0.221s] Level 5:colcon.colcon_core.verb:set package 'mpu6050driver' build argument 'ament_cmake_args' from command line to 'None'
[0.221s] Level 5:colcon.colcon_core.verb:set package 'mpu6050driver' build argument 'catkin_cmake_args' from command line to 'None'
[0.221s] Level 5:colcon.colcon_core.verb:set package 'mpu6050driver' build argument 'catkin_skip_building_tests' from command line to 'False'
[0.221s] DEBUG:colcon.colcon_core.verb:Building package 'mpu6050driver' with the following arguments: {'ament_cmake_args': None, 'build_base': '/home/winter24/gcamp_ros2_ws/build/mpu6050driver', 'catkin_cmake_args': None, 'catkin_skip_building_tests': False, 'cmake_args': None, 'cmake_clean_cache': False, 'cmake_clean_first': False, 'cmake_force_configure': False, 'cmake_target': None, 'cmake_target_skip_unavailable': False, 'install_base': '/home/winter24/gcamp_ros2_ws/install/mpu6050driver', 'merge_install': False, 'path': '/home/winter24/gcamp_ros2_ws/ros2_mpu6050_driver', 'symlink_install': False, 'test_result_base': None}
[0.221s] INFO:colcon.colcon_core.executor:Executing jobs using 'parallel' executor
[0.223s] DEBUG:colcon.colcon_parallel_executor.executor.parallel:run_until_complete
[0.223s] INFO:colcon.colcon_ros.task.ament_cmake.build:Building ROS package in '/home/winter24/gcamp_ros2_ws/src' with build type 'ament_cmake'
[0.223s] INFO:colcon.colcon_cmake.task.cmake.build:Building CMake package in '/home/winter24/gcamp_ros2_ws/src'
[0.225s] INFO:colcon.colcon_core.plugin_system:Skipping extension 'colcon_core.shell.bat': Not used on non-Windows systems
[0.225s] INFO:colcon.colcon_core.shell:Skip shell extension 'powershell' for command environment: Not usable outside of PowerShell
[0.225s] DEBUG:colcon.colcon_core.shell:Skip shell extension 'dsv' for command environment
[0.228s] INFO:colcon.colcon_ros.task.ament_cmake.build:Building ROS package in '/home/winter24/gcamp_ros2_ws/ros2_mpu6050_driver' with build type 'ament_cmake'
[0.229s] INFO:colcon.colcon_cmake.task.cmake.build:Building CMake package in '/home/winter24/gcamp_ros2_ws/ros2_mpu6050_driver'
[0.229s] INFO:colcon.colcon_core.shell:Skip shell extension 'powershell' for command environment: Not usable outside of PowerShell
[0.229s] DEBUG:colcon.colcon_core.shell:Skip shell extension 'dsv' for command environment
[0.237s] DEBUG:colcon.colcon_core.event_handler.log_command:Invoking command in '/home/winter24/gcamp_ros2_ws/build/gcamp_gazebo': CMAKE_PREFIX_PATH=${CMAKE_PREFIX_PATH}:/opt/ros/foxy /usr/bin/cmake --build /home/winter24/gcamp_ros2_ws/build/gcamp_gazebo -- -j16 -l16
[0.240s] DEBUG:colcon.colcon_core.event_handler.log_command:Invoking command in '/home/winter24/gcamp_ros2_ws/build/mpu6050driver': CMAKE_PREFIX_PATH=${CMAKE_PREFIX_PATH}:/opt/ros/foxy /usr/bin/cmake /home/winter24/gcamp_ros2_ws/ros2_mpu6050_driver -DCMAKE_INSTALL_PREFIX=/home/winter24/gcamp_ros2_ws/install/mpu6050driver
[0.258s] DEBUG:colcon.colcon_core.event_handler.log_command:Invoked command in '/home/winter24/gcamp_ros2_ws/build/gcamp_gazebo' returned '0': CMAKE_PREFIX_PATH=${CMAKE_PREFIX_PATH}:/opt/ros/foxy /usr/bin/cmake --build /home/winter24/gcamp_ros2_ws/build/gcamp_gazebo -- -j16 -l16
[0.275s] DEBUG:colcon.colcon_core.event_handler.log_command:Invoking command in '/home/winter24/gcamp_ros2_ws/build/gcamp_gazebo': CMAKE_PREFIX_PATH=${CMAKE_PREFIX_PATH}:/opt/ros/foxy /usr/bin/cmake --install /home/winter24/gcamp_ros2_ws/build/gcamp_gazebo
[0.280s] Level 1:colcon.colcon_core.environment:create_environment_scripts_only(gcamp_gazebo)
[0.284s] Level 1:colcon.colcon_core.environment:checking '/home/winter24/gcamp_ros2_ws/install/gcamp_gazebo' for CMake module files
[0.285s] Level 1:colcon.colcon_core.environment:checking '/home/winter24/gcamp_ros2_ws/install/gcamp_gazebo' for CMake config files
[0.285s] Level 1:colcon.colcon_core.shell:create_environment_hook('gcamp_gazebo', 'cmake_prefix_path')
[0.286s] INFO:colcon.colcon_core.shell:Creating environment hook '/home/winter24/gcamp_ros2_ws/install/gcamp_gazebo/share/gcamp_gazebo/hook/cmake_prefix_path.ps1'
[0.286s] INFO:colcon.colcon_core.shell:Creating environment descriptor '/home/winter24/gcamp_ros2_ws/install/gcamp_gazebo/share/gcamp_gazebo/hook/cmake_prefix_path.dsv'
[0.287s] INFO:colcon.colcon_core.shell:Creating environment hook '/home/winter24/gcamp_ros2_ws/install/gcamp_gazebo/share/gcamp_gazebo/hook/cmake_prefix_path.sh'
[0.287s] Level 1:colcon.colcon_core.environment:checking '/home/winter24/gcamp_ros2_ws/install/gcamp_gazebo/bin'
[0.287s] Level 1:colcon.colcon_core.environment:checking '/home/winter24/gcamp_ros2_ws/install/gcamp_gazebo/lib/pkgconfig/gcamp_gazebo.pc'
[0.287s] Level 1:colcon.colcon_core.environment:checking '/home/winter24/gcamp_ros2_ws/install/gcamp_gazebo/lib/python3.8/site-packages'
[0.288s] Level 1:colcon.colcon_core.environment:checking '/home/winter24/gcamp_ros2_ws/install/gcamp_gazebo/bin'
[0.289s] INFO:colcon.colcon_core.shell:Creating package script '/home/winter24/gcamp_ros2_ws/install/gcamp_gazebo/share/gcamp_gazebo/package.ps1'
[0.289s] INFO:colcon.colcon_core.shell:Creating package descriptor '/home/winter24/gcamp_ros2_ws/install/gcamp_gazebo/share/gcamp_gazebo/package.dsv'
[0.289s] INFO:colcon.colcon_core.shell:Creating package script '/home/winter24/gcamp_ros2_ws/install/gcamp_gazebo/share/gcamp_gazebo/package.sh'
[0.290s] INFO:colcon.colcon_core.shell:Creating package script '/home/winter24/gcamp_ros2_ws/install/gcamp_gazebo/share/gcamp_gazebo/package.bash'
[0.290s] INFO:colcon.colcon_core.shell:Creating package script '/home/winter24/gcamp_ros2_ws/install/gcamp_gazebo/share/gcamp_gazebo/package.zsh'
[0.291s] Level 1:colcon.colcon_core.environment:create_file_with_runtime_dependencies(/home/winter24/gcamp_ros2_ws/install/gcamp_gazebo/share/colcon-core/packages/gcamp_gazebo)
[0.293s] DEBUG:colcon.colcon_core.event_handler.log_command:Invoked command in '/home/winter24/gcamp_ros2_ws/build/gcamp_gazebo' returned '0': CMAKE_PREFIX_PATH=${CMAKE_PREFIX_PATH}:/opt/ros/foxy /usr/bin/cmake --install /home/winter24/gcamp_ros2_ws/build/gcamp_gazebo
[0.303s] Level 1:colcon.colcon_core.environment:create_environment_scripts_only(gcamp_gazebo)
[0.304s] Level 1:colcon.colcon_core.environment:checking '/home/winter24/gcamp_ros2_ws/install/gcamp_gazebo' for CMake module files
[0.304s] Level 1:colcon.colcon_core.environment:checking '/home/winter24/gcamp_ros2_ws/install/gcamp_gazebo' for CMake config files
[0.304s] Level 1:colcon.colcon_core.shell:create_environment_hook('gcamp_gazebo', 'cmake_prefix_path')
[0.305s] INFO:colcon.colcon_core.shell:Creating environment hook '/home/winter24/gcamp_ros2_ws/install/gcamp_gazebo/share/gcamp_gazebo/hook/cmake_prefix_path.ps1'
[0.305s] INFO:colcon.colcon_core.shell:Creating environment descriptor '/home/winter24/gcamp_ros2_ws/install/gcamp_gazebo/share/gcamp_gazebo/hook/cmake_prefix_path.dsv'
[0.305s] INFO:colcon.colcon_core.shell:Creating environment hook '/home/winter24/gcamp_ros2_ws/install/gcamp_gazebo/share/gcamp_gazebo/hook/cmake_prefix_path.sh'
[0.305s] Level 1:colcon.colcon_core.environment:checking '/home/winter24/gcamp_ros2_ws/install/gcamp_gazebo/bin'
[0.305s] Level 1:colcon.colcon_core.environment:checking '/home/winter24/gcamp_ros2_ws/install/gcamp_gazebo/lib/pkgconfig/gcamp_gazebo.pc'
[0.306s] Level 1:colcon.colcon_core.environment:checking '/home/winter24/gcamp_ros2_ws/install/gcamp_gazebo/lib/python3.8/site-packages'
[0.306s] Level 1:colcon.colcon_core.environment:checking '/home/winter24/gcamp_ros2_ws/install/gcamp_gazebo/bin'
[0.306s] INFO:colcon.colcon_core.shell:Creating package script '/home/winter24/gcamp_ros2_ws/install/gcamp_gazebo/share/gcamp_gazebo/package.ps1'
[0.307s] INFO:colcon.colcon_core.shell:Creating package descriptor '/home/winter24/gcamp_ros2_ws/install/gcamp_gazebo/share/gcamp_gazebo/package.dsv'
[0.307s] INFO:colcon.colcon_core.shell:Creating package script '/home/winter24/gcamp_ros2_ws/install/gcamp_gazebo/share/gcamp_gazebo/package.sh'
[0.307s] INFO:colcon.colcon_core.shell:Creating package script '/home/winter24/gcamp_ros2_ws/install/gcamp_gazebo/share/gcamp_gazebo/package.bash'
[0.307s] INFO:colcon.colcon_core.shell:Creating package script '/home/winter24/gcamp_ros2_ws/install/gcamp_gazebo/share/gcamp_gazebo/package.zsh'
[0.307s] Level 1:colcon.colcon_core.environment:create_file_with_runtime_dependencies(/home/winter24/gcamp_ros2_ws/install/gcamp_gazebo/share/colcon-core/packages/gcamp_gazebo)
[1.305s] DEBUG:colcon.colcon_core.event_handler.log_command:Invoked command in '/home/winter24/gcamp_ros2_ws/build/mpu6050driver' returned '0': CMAKE_PREFIX_PATH=${CMAKE_PREFIX_PATH}:/opt/ros/foxy /usr/bin/cmake /home/winter24/gcamp_ros2_ws/ros2_mpu6050_driver -DCMAKE_INSTALL_PREFIX=/home/winter24/gcamp_ros2_ws/install/mpu6050driver
[1.305s] DEBUG:colcon.colcon_core.event_handler.log_command:Invoking command in '/home/winter24/gcamp_ros2_ws/build/mpu6050driver': CMAKE_PREFIX_PATH=${CMAKE_PREFIX_PATH}:/opt/ros/foxy /usr/bin/cmake --build /home/winter24/gcamp_ros2_ws/build/mpu6050driver -- -j16 -l16
[3.078s] DEBUG:colcon.colcon_core.event_handler.log_command:Invoked command in '/home/winter24/gcamp_ros2_ws/build/mpu6050driver' returned '0': CMAKE_PREFIX_PATH=${CMAKE_PREFIX_PATH}:/opt/ros/foxy /usr/bin/cmake --build /home/winter24/gcamp_ros2_ws/build/mpu6050driver -- -j16 -l16
[3.092s] DEBUG:colcon.colcon_core.event_handler.log_command:Invoking command in '/home/winter24/gcamp_ros2_ws/build/mpu6050driver': CMAKE_PREFIX_PATH=${CMAKE_PREFIX_PATH}:/opt/ros/foxy /usr/bin/cmake --install /home/winter24/gcamp_ros2_ws/build/mpu6050driver
[3.097s] Level 1:colcon.colcon_core.environment:create_environment_scripts_only(mpu6050driver)
[3.099s] Level 1:colcon.colcon_core.environment:checking '/home/winter24/gcamp_ros2_ws/install/mpu6050driver' for CMake module files
[3.099s] DEBUG:colcon.colcon_core.event_handler.log_command:Invoked command in '/home/winter24/gcamp_ros2_ws/build/mpu6050driver' returned '0': CMAKE_PREFIX_PATH=${CMAKE_PREFIX_PATH}:/opt/ros/foxy /usr/bin/cmake --install /home/winter24/gcamp_ros2_ws/build/mpu6050driver
[3.099s] Level 1:colcon.colcon_core.environment:checking '/home/winter24/gcamp_ros2_ws/install/mpu6050driver' for CMake config files
[3.099s] Level 1:colcon.colcon_core.shell:create_environment_hook('mpu6050driver', 'cmake_prefix_path')
[3.100s] INFO:colcon.colcon_core.shell:Creating environment hook '/home/winter24/gcamp_ros2_ws/install/mpu6050driver/share/mpu6050driver/hook/cmake_prefix_path.ps1'
[3.100s] INFO:colcon.colcon_core.shell:Creating environment descriptor '/home/winter24/gcamp_ros2_ws/install/mpu6050driver/share/mpu6050driver/hook/cmake_prefix_path.dsv'
[3.100s] INFO:colcon.colcon_core.shell:Creating environment hook '/home/winter24/gcamp_ros2_ws/install/mpu6050driver/share/mpu6050driver/hook/cmake_prefix_path.sh'
[3.100s] Level 1:colcon.colcon_core.environment:checking '/home/winter24/gcamp_ros2_ws/install/mpu6050driver/lib'
[3.101s] Level 1:colcon.colcon_core.environment:checking '/home/winter24/gcamp_ros2_ws/install/mpu6050driver/bin'
[3.101s] Level 1:colcon.colcon_core.environment:checking '/home/winter24/gcamp_ros2_ws/install/mpu6050driver/lib/pkgconfig/mpu6050driver.pc'
[3.101s] Level 1:colcon.colcon_core.environment:checking '/home/winter24/gcamp_ros2_ws/install/mpu6050driver/lib/python3.8/site-packages'
[3.101s] Level 1:colcon.colcon_core.environment:checking '/home/winter24/gcamp_ros2_ws/install/mpu6050driver/bin'
[3.101s] INFO:colcon.colcon_core.shell:Creating package script '/home/winter24/gcamp_ros2_ws/install/mpu6050driver/share/mpu6050driver/package.ps1'
[3.102s] INFO:colcon.colcon_core.shell:Creating package descriptor '/home/winter24/gcamp_ros2_ws/install/mpu6050driver/share/mpu6050driver/package.dsv'
[3.102s] INFO:colcon.colcon_core.shell:Creating package script '/home/winter24/gcamp_ros2_ws/install/mpu6050driver/share/mpu6050driver/package.sh'
[3.102s] INFO:colcon.colcon_core.shell:Creating package script '/home/winter24/gcamp_ros2_ws/install/mpu6050driver/share/mpu6050driver/package.bash'
[3.102s] INFO:colcon.colcon_core.shell:Creating package script '/home/winter24/gcamp_ros2_ws/install/mpu6050driver/share/mpu6050driver/package.zsh'
[3.102s] Level 1:colcon.colcon_core.environment:create_file_with_runtime_dependencies(/home/winter24/gcamp_ros2_ws/install/mpu6050driver/share/colcon-core/packages/mpu6050driver)
[3.116s] Level 1:colcon.colcon_core.environment:create_environment_scripts_only(mpu6050driver)
[3.117s] Level 1:colcon.colcon_core.environment:checking '/home/winter24/gcamp_ros2_ws/install/mpu6050driver' for CMake module files
[3.117s] Level 1:colcon.colcon_core.environment:checking '/home/winter24/gcamp_ros2_ws/install/mpu6050driver' for CMake config files
[3.117s] Level 1:colcon.colcon_core.shell:create_environment_hook('mpu6050driver', 'cmake_prefix_path')
[3.118s] INFO:colcon.colcon_core.shell:Creating environment hook '/home/winter24/gcamp_ros2_ws/install/mpu6050driver/share/mpu6050driver/hook/cmake_prefix_path.ps1'
[3.118s] INFO:colcon.colcon_core.shell:Creating environment descriptor '/home/winter24/gcamp_ros2_ws/install/mpu6050driver/share/mpu6050driver/hook/cmake_prefix_path.dsv'
[3.118s] INFO:colcon.colcon_core.shell:Creating environment hook '/home/winter24/gcamp_ros2_ws/install/mpu6050driver/share/mpu6050driver/hook/cmake_prefix_path.sh'
[3.118s] Level 1:colcon.colcon_core.environment:checking '/home/winter24/gcamp_ros2_ws/install/mpu6050driver/lib'
[3.118s] Level 1:colcon.colcon_core.environment:checking '/home/winter24/gcamp_ros2_ws/install/mpu6050driver/bin'
[3.118s] Level 1:colcon.colcon_core.environment:checking '/home/winter24/gcamp_ros2_ws/install/mpu6050driver/lib/pkgconfig/mpu6050driver.pc'
[3.119s] Level 1:colcon.colcon_core.environment:checking '/home/winter24/gcamp_ros2_ws/install/mpu6050driver/lib/python3.8/site-packages'
[3.119s] Level 1:colcon.colcon_core.environment:checking '/home/winter24/gcamp_ros2_ws/install/mpu6050driver/bin'
[3.119s] INFO:colcon.colcon_core.shell:Creating package script '/home/winter24/gcamp_ros2_ws/install/mpu6050driver/share/mpu6050driver/package.ps1'
[3.120s] INFO:colcon.colcon_core.shell:Creating package descriptor '/home/winter24/gcamp_ros2_ws/install/mpu6050driver/share/mpu6050driver/package.dsv'
[3.120s] INFO:colcon.colcon_core.shell:Creating package script '/home/winter24/gcamp_ros2_ws/install/mpu6050driver/share/mpu6050driver/package.sh'
[3.120s] INFO:colcon.colcon_core.shell:Creating package script '/home/winter24/gcamp_ros2_ws/install/mpu6050driver/share/mpu6050driver/package.bash'
[3.120s] INFO:colcon.colcon_core.shell:Creating package script '/home/winter24/gcamp_ros2_ws/install/mpu6050driver/share/mpu6050driver/package.zsh'
[3.120s] Level 1:colcon.colcon_core.environment:create_file_with_runtime_dependencies(/home/winter24/gcamp_ros2_ws/install/mpu6050driver/share/colcon-core/packages/mpu6050driver)
[3.121s] DEBUG:colcon.colcon_parallel_executor.executor.parallel:closing loop
[3.121s] DEBUG:colcon.colcon_parallel_executor.executor.parallel:loop closed
[3.121s] DEBUG:colcon.colcon_parallel_executor.executor.parallel:run_until_complete finished with '0'
[3.121s] DEBUG:colcon.colcon_core.event_reactor:joining thread
[3.124s] INFO:colcon.colcon_core.plugin_system:Skipping extension 'colcon_notification.desktop_notification.terminal_notifier': Not used on non-Darwin systems
[3.124s] INFO:colcon.colcon_core.plugin_system:Skipping extension 'colcon_notification.desktop_notification.win32': Not used on non-Windows systems
[3.124s] INFO:colcon.colcon_notification.desktop_notification:Sending desktop notification using 'notify2'
[3.135s] DEBUG:colcon.colcon_core.event_reactor:joined thread
[3.136s] INFO:colcon.colcon_core.shell:Creating prefix script '/home/winter24/gcamp_ros2_ws/install/local_setup.ps1'
[3.136s] INFO:colcon.colcon_core.shell:Creating prefix util module '/home/winter24/gcamp_ros2_ws/install/_local_setup_util_ps1.py'
[3.137s] INFO:colcon.colcon_core.shell:Creating prefix chain script '/home/winter24/gcamp_ros2_ws/install/setup.ps1'
[3.138s] INFO:colcon.colcon_core.shell:Creating prefix script '/home/winter24/gcamp_ros2_ws/install/local_setup.sh'
[3.138s] INFO:colcon.colcon_core.shell:Creating prefix util module '/home/winter24/gcamp_ros2_ws/install/_local_setup_util_sh.py'
[3.138s] INFO:colcon.colcon_core.shell:Creating prefix chain script '/home/winter24/gcamp_ros2_ws/install/setup.sh'
[3.139s] INFO:colcon.colcon_core.shell:Creating prefix script '/home/winter24/gcamp_ros2_ws/install/local_setup.bash'
[3.139s] INFO:colcon.colcon_core.shell:Creating prefix chain script '/home/winter24/gcamp_ros2_ws/install/setup.bash'
[3.140s] INFO:colcon.colcon_core.shell:Creating prefix script '/home/winter24/gcamp_ros2_ws/install/local_setup.zsh'
[3.140s] INFO:colcon.colcon_core.shell:Creating prefix chain script '/home/winter24/gcamp_ros2_ws/install/setup.zsh'
