[0.011s] Invoking command in '/home/winter24/gcamp_ros2_ws/build/mpu6050driver': CMAKE_PREFIX_PATH=${CMAKE_PREFIX_PATH}:/opt/ros/foxy /usr/bin/cmake /home/winter24/gcamp_ros2_ws/ros2_mpu6050_driver -DCMAKE_INSTALL_PREFIX=/home/winter24/gcamp_ros2_ws/install/mpu6050driver
[0.097s] -- The C compiler identification is GNU 9.4.0
[0.177s] -- The CXX compiler identification is GNU 9.4.0
[0.182s] -- Check for working C compiler: /usr/bin/cc
[0.221s] -- Check for working C compiler: /usr/bin/cc -- works
[0.222s] -- Detecting C compiler ABI info
[0.260s] -- Detecting C compiler ABI info - done
[0.270s] -- Detecting C compile features
[0.271s] -- Detecting C compile features - done
[0.273s] -- Check for working CXX compiler: /usr/bin/c++
[0.317s] -- Check for working CXX compiler: /usr/bin/c++ -- works
[0.318s] -- Detecting CXX compiler ABI info
[0.361s] -- Detecting CXX compiler ABI info - done
[0.368s] -- Detecting CXX compile features
[0.368s] -- Detecting CXX compile features - done
[0.371s] -- Found ament_cmake: 0.9.11 (/opt/ros/foxy/share/ament_cmake/cmake)
[0.386s] -- Found PythonInterp: /usr/bin/python3 (found suitable version "3.8.10", minimum required is "3") 
[0.386s] -- Using PYTHON_EXECUTABLE: /usr/bin/python3
[0.486s] -- Found rclcpp: 2.4.2 (/opt/ros/foxy/share/rclcpp/cmake)
[0.517s] -- Using all available rosidl_typesupport_c: rosidl_typesupport_fastrtps_c;rosidl_typesupport_introspection_c
[0.521s] -- Found rosidl_adapter: 1.3.0 (/opt/ros/foxy/share/rosidl_adapter/cmake)
[0.576s] -- Found OpenSSL: /usr/lib/x86_64-linux-gnu/libcrypto.so (found version "1.1.1f")  
[0.593s] -- Found FastRTPS: /opt/ros/foxy/include  
[0.642s] -- Using all available rosidl_typesupport_cpp: rosidl_typesupport_fastrtps_cpp;rosidl_typesupport_introspection_cpp
[0.702s] -- Found rmw_implementation_cmake: 1.0.4 (/opt/ros/foxy/share/rmw_implementation_cmake/cmake)
[0.703s] -- Using RMW implementation 'rmw_fastrtps_cpp' as default
[0.704s] -- Looking for pthread.h
[0.746s] -- Looking for pthread.h - found
[0.746s] -- Performing Test CMAKE_HAVE_LIBC_PTHREAD
[0.792s] -- Performing Test CMAKE_HAVE_LIBC_PTHREAD - Failed
[0.793s] -- Looking for pthread_create in pthreads
[0.827s] -- Looking for pthread_create in pthreads - not found
[0.827s] -- Looking for pthread_create in pthread
[0.866s] -- Looking for pthread_create in pthread - found
[0.867s] -- Found Threads: TRUE  
[0.962s] -- Found sensor_msgs: 2.0.5 (/opt/ros/foxy/share/sensor_msgs/cmake)
[1.064s] -- Configuring done
[1.068s] -- Generating done
[1.068s] -- Build files have been written to: /home/winter24/gcamp_ros2_ws/build/mpu6050driver
[1.075s] Invoked command in '/home/winter24/gcamp_ros2_ws/build/mpu6050driver' returned '0': CMAKE_PREFIX_PATH=${CMAKE_PREFIX_PATH}:/opt/ros/foxy /usr/bin/cmake /home/winter24/gcamp_ros2_ws/ros2_mpu6050_driver -DCMAKE_INSTALL_PREFIX=/home/winter24/gcamp_ros2_ws/install/mpu6050driver
[1.075s] Invoking command in '/home/winter24/gcamp_ros2_ws/build/mpu6050driver': CMAKE_PREFIX_PATH=${CMAKE_PREFIX_PATH}:/opt/ros/foxy /usr/bin/cmake --build /home/winter24/gcamp_ros2_ws/build/mpu6050driver -- -j16 -l16
[1.095s] [35m[1mScanning dependencies of target mpu6050driver[0m
[1.143s] [ 66%] [32mBuilding CXX object CMakeFiles/mpu6050driver.dir/src/mpu6050driver.cpp.o[0m
[1.143s] [ 66%] [32mBuilding CXX object CMakeFiles/mpu6050driver.dir/src/mpu6050sensor.cpp.o[0m
[2.735s] [100%] [32m[1mLinking CXX executable mpu6050driver[0m
[2.840s] [100%] Built target mpu6050driver
[2.848s] Invoked command in '/home/winter24/gcamp_ros2_ws/build/mpu6050driver' returned '0': CMAKE_PREFIX_PATH=${CMAKE_PREFIX_PATH}:/opt/ros/foxy /usr/bin/cmake --build /home/winter24/gcamp_ros2_ws/build/mpu6050driver -- -j16 -l16
[2.862s] Invoking command in '/home/winter24/gcamp_ros2_ws/build/mpu6050driver': CMAKE_PREFIX_PATH=${CMAKE_PREFIX_PATH}:/opt/ros/foxy /usr/bin/cmake --install /home/winter24/gcamp_ros2_ws/build/mpu6050driver
[2.866s] -- Install configuration: ""
[2.866s] -- Installing: /home/winter24/gcamp_ros2_ws/install/mpu6050driver/lib/mpu6050driver/mpu6050driver
[2.866s] -- Set runtime path of "/home/winter24/gcamp_ros2_ws/install/mpu6050driver/lib/mpu6050driver/mpu6050driver" to ""
[2.866s] -- Installing: /home/winter24/gcamp_ros2_ws/install/mpu6050driver/share/mpu6050driver//launch
[2.866s] -- Installing: /home/winter24/gcamp_ros2_ws/install/mpu6050driver/share/mpu6050driver//launch/mpu6050driver_launch.py
[2.866s] -- Installing: /home/winter24/gcamp_ros2_ws/install/mpu6050driver/share/mpu6050driver//params
[2.866s] -- Installing: /home/winter24/gcamp_ros2_ws/install/mpu6050driver/share/mpu6050driver//params/mpu6050.yaml
[2.866s] -- Installing: /home/winter24/gcamp_ros2_ws/install/mpu6050driver/share/ament_index/resource_index/package_run_dependencies/mpu6050driver
[2.867s] -- Installing: /home/winter24/gcamp_ros2_ws/install/mpu6050driver/share/ament_index/resource_index/parent_prefix_path/mpu6050driver
[2.867s] -- Installing: /home/winter24/gcamp_ros2_ws/install/mpu6050driver/share/mpu6050driver/environment/ament_prefix_path.sh
[2.867s] -- Installing: /home/winter24/gcamp_ros2_ws/install/mpu6050driver/share/mpu6050driver/environment/ament_prefix_path.dsv
[2.867s] -- Installing: /home/winter24/gcamp_ros2_ws/install/mpu6050driver/share/mpu6050driver/environment/path.sh
[2.867s] -- Installing: /home/winter24/gcamp_ros2_ws/install/mpu6050driver/share/mpu6050driver/environment/path.dsv
[2.867s] -- Installing: /home/winter24/gcamp_ros2_ws/install/mpu6050driver/share/mpu6050driver/local_setup.bash
[2.867s] -- Installing: /home/winter24/gcamp_ros2_ws/install/mpu6050driver/share/mpu6050driver/local_setup.sh
[2.867s] -- Installing: /home/winter24/gcamp_ros2_ws/install/mpu6050driver/share/mpu6050driver/local_setup.zsh
[2.867s] -- Installing: /home/winter24/gcamp_ros2_ws/install/mpu6050driver/share/mpu6050driver/local_setup.dsv
[2.867s] -- Installing: /home/winter24/gcamp_ros2_ws/install/mpu6050driver/share/mpu6050driver/package.dsv
[2.867s] -- Installing: /home/winter24/gcamp_ros2_ws/install/mpu6050driver/share/ament_index/resource_index/packages/mpu6050driver
[2.867s] -- Installing: /home/winter24/gcamp_ros2_ws/install/mpu6050driver/share/mpu6050driver/cmake/mpu6050driverConfig.cmake
[2.867s] -- Installing: /home/winter24/gcamp_ros2_ws/install/mpu6050driver/share/mpu6050driver/cmake/mpu6050driverConfig-version.cmake
[2.867s] -- Installing: /home/winter24/gcamp_ros2_ws/install/mpu6050driver/share/mpu6050driver/package.xml
[2.869s] Invoked command in '/home/winter24/gcamp_ros2_ws/build/mpu6050driver' returned '0': CMAKE_PREFIX_PATH=${CMAKE_PREFIX_PATH}:/opt/ros/foxy /usr/bin/cmake --install /home/winter24/gcamp_ros2_ws/build/mpu6050driver
