[100%] Built target mpu6050driver
-- Install configuration: ""
-- Up-to-date: /home/winter24/gcamp_ros2_ws/install/mpu6050driver/lib/mpu6050driver/mpu6050driver
-- Up-to-date: /home/winter24/gcamp_ros2_ws/install/mpu6050driver/share/mpu6050driver//launch
-- Up-to-date: /home/winter24/gcamp_ros2_ws/install/mpu6050driver/share/mpu6050driver//launch/mpu6050driver_launch.py
-- Up-to-date: /home/winter24/gcamp_ros2_ws/install/mpu6050driver/share/mpu6050driver//params
-- Up-to-date: /home/winter24/gcamp_ros2_ws/install/mpu6050driver/share/mpu6050driver//params/mpu6050.yaml
-- Up-to-date: /home/winter24/gcamp_ros2_ws/install/mpu6050driver/share/ament_index/resource_index/package_run_dependencies/mpu6050driver
-- Up-to-date: /home/winter24/gcamp_ros2_ws/install/mpu6050driver/share/ament_index/resource_index/parent_prefix_path/mpu6050driver
-- Up-to-date: /home/winter24/gcamp_ros2_ws/install/mpu6050driver/share/mpu6050driver/environment/ament_prefix_path.sh
-- Up-to-date: /home/winter24/gcamp_ros2_ws/install/mpu6050driver/share/mpu6050driver/environment/ament_prefix_path.dsv
-- Up-to-date: /home/winter24/gcamp_ros2_ws/install/mpu6050driver/share/mpu6050driver/environment/path.sh
-- Up-to-date: /home/winter24/gcamp_ros2_ws/install/mpu6050driver/share/mpu6050driver/environment/path.dsv
-- Up-to-date: /home/winter24/gcamp_ros2_ws/install/mpu6050driver/share/mpu6050driver/local_setup.bash
-- Up-to-date: /home/winter24/gcamp_ros2_ws/install/mpu6050driver/share/mpu6050driver/local_setup.sh
-- Up-to-date: /home/winter24/gcamp_ros2_ws/install/mpu6050driver/share/mpu6050driver/local_setup.zsh
-- Up-to-date: /home/winter24/gcamp_ros2_ws/install/mpu6050driver/share/mpu6050driver/local_setup.dsv
-- Installing: /home/winter24/gcamp_ros2_ws/install/mpu6050driver/share/mpu6050driver/package.dsv
-- Up-to-date: /home/winter24/gcamp_ros2_ws/install/mpu6050driver/share/ament_index/resource_index/packages/mpu6050driver
-- Up-to-date: /home/winter24/gcamp_ros2_ws/install/mpu6050driver/share/mpu6050driver/cmake/mpu6050driverConfig.cmake
-- Up-to-date: /home/winter24/gcamp_ros2_ws/install/mpu6050driver/share/mpu6050driver/cmake/mpu6050driverConfig-version.cmake
-- Up-to-date: /home/winter24/gcamp_ros2_ws/install/mpu6050driver/share/mpu6050driver/package.xml
