[0.009s] Invoking command in '/home/winter24/gcamp_ros2_ws/build/mpu6050driver': CMAKE_PREFIX_PATH=${CMAKE_PREFIX_PATH}:/opt/ros/foxy /usr/bin/cmake /home/winter24/gcamp_ros2_ws/ros2_mpu6050_driver -DAMENT_CMAKE_SYMLINK_INSTALL=1 -DCMAKE_INSTALL_PREFIX=/home/winter24/gcamp_ros2_ws/install/mpu6050driver
[0.027s] -- Found ament_cmake: 0.9.11 (/opt/ros/foxy/share/ament_cmake/cmake)
[0.041s] -- Using PYTHON_EXECUTABLE: /usr/bin/python3
[0.129s] -- Override CMake install command with custom implementation using symlinks instead of copying resources
[0.137s] -- Found rclcpp: 2.4.2 (/opt/ros/foxy/share/rclcpp/cmake)
[0.163s] -- Using all available rosidl_typesupport_c: rosidl_typesupport_fastrtps_c;rosidl_typesupport_introspection_c
[0.165s] -- Found rosidl_adapter: 1.3.0 (/opt/ros/foxy/share/rosidl_adapter/cmake)
[0.246s] -- Using all available rosidl_typesupport_cpp: rosidl_typesupport_fastrtps_cpp;rosidl_typesupport_introspection_cpp
[0.280s] -- Found rmw_implementation_cmake: 1.0.4 (/opt/ros/foxy/share/rmw_implementation_cmake/cmake)
[0.281s] -- Using RMW implementation 'rmw_fastrtps_cpp' as default
[0.373s] -- Found sensor_msgs: 2.0.5 (/opt/ros/foxy/share/sensor_msgs/cmake)
[0.479s] -- Configuring done
[0.485s] -- Generating done
[0.485s] -- Build files have been written to: /home/winter24/gcamp_ros2_ws/build/mpu6050driver
[0.491s] Invoked command in '/home/winter24/gcamp_ros2_ws/build/mpu6050driver' returned '0': CMAKE_PREFIX_PATH=${CMAKE_PREFIX_PATH}:/opt/ros/foxy /usr/bin/cmake /home/winter24/gcamp_ros2_ws/ros2_mpu6050_driver -DAMENT_CMAKE_SYMLINK_INSTALL=1 -DCMAKE_INSTALL_PREFIX=/home/winter24/gcamp_ros2_ws/install/mpu6050driver
[0.492s] Invoking command in '/home/winter24/gcamp_ros2_ws/build/mpu6050driver': CMAKE_PREFIX_PATH=${CMAKE_PREFIX_PATH}:/opt/ros/foxy /usr/bin/cmake --build /home/winter24/gcamp_ros2_ws/build/mpu6050driver -- -j16 -l16
[0.531s] [ 33%] [32m[1mLinking CXX executable mpu6050driver[0m
[0.642s] [100%] Built target mpu6050driver
[0.649s] Invoked command in '/home/winter24/gcamp_ros2_ws/build/mpu6050driver' returned '0': CMAKE_PREFIX_PATH=${CMAKE_PREFIX_PATH}:/opt/ros/foxy /usr/bin/cmake --build /home/winter24/gcamp_ros2_ws/build/mpu6050driver -- -j16 -l16
[0.662s] Invoking command in '/home/winter24/gcamp_ros2_ws/build/mpu6050driver': CMAKE_PREFIX_PATH=${CMAKE_PREFIX_PATH}:/opt/ros/foxy /usr/bin/cmake --install /home/winter24/gcamp_ros2_ws/build/mpu6050driver
[0.668s] -- Install configuration: ""
[0.668s] -- Execute custom install script
[0.668s] -- Symlinking: /home/winter24/gcamp_ros2_ws/install/mpu6050driver/lib/mpu6050driver/mpu6050driver
[0.673s] -- Symlinking: /home/winter24/gcamp_ros2_ws/install/mpu6050driver/share/mpu6050driver//launch/mpu6050driver_launch.py
[0.678s] -- Symlinking: /home/winter24/gcamp_ros2_ws/install/mpu6050driver/share/mpu6050driver//params/mpu6050.yaml
[0.682s] -- Symlinking: /home/winter24/gcamp_ros2_ws/install/mpu6050driver/share/ament_index/resource_index/package_run_dependencies/mpu6050driver
[0.687s] -- Symlinking: /home/winter24/gcamp_ros2_ws/install/mpu6050driver/share/ament_index/resource_index/parent_prefix_path/mpu6050driver
[0.691s] -- Symlinking: /home/winter24/gcamp_ros2_ws/install/mpu6050driver/share/mpu6050driver/environment/ament_prefix_path.sh
[0.695s] -- Symlinking: /home/winter24/gcamp_ros2_ws/install/mpu6050driver/share/mpu6050driver/environment/ament_prefix_path.dsv
[0.700s] -- Symlinking: /home/winter24/gcamp_ros2_ws/install/mpu6050driver/share/mpu6050driver/environment/path.sh
[0.704s] -- Symlinking: /home/winter24/gcamp_ros2_ws/install/mpu6050driver/share/mpu6050driver/environment/path.dsv
[0.709s] -- Symlinking: /home/winter24/gcamp_ros2_ws/install/mpu6050driver/share/mpu6050driver/local_setup.bash
[0.714s] -- Symlinking: /home/winter24/gcamp_ros2_ws/install/mpu6050driver/share/mpu6050driver/local_setup.sh
[0.718s] -- Symlinking: /home/winter24/gcamp_ros2_ws/install/mpu6050driver/share/mpu6050driver/local_setup.zsh
[0.722s] -- Symlinking: /home/winter24/gcamp_ros2_ws/install/mpu6050driver/share/mpu6050driver/local_setup.dsv
[0.727s] -- Symlinking: /home/winter24/gcamp_ros2_ws/install/mpu6050driver/share/mpu6050driver/package.dsv
[0.731s] -- Symlinking: /home/winter24/gcamp_ros2_ws/install/mpu6050driver/share/ament_index/resource_index/packages/mpu6050driver
[0.735s] -- Symlinking: /home/winter24/gcamp_ros2_ws/install/mpu6050driver/share/mpu6050driver/cmake/mpu6050driverConfig.cmake
[0.739s] -- Symlinking: /home/winter24/gcamp_ros2_ws/install/mpu6050driver/share/mpu6050driver/cmake/mpu6050driverConfig-version.cmake
[0.744s] -- Symlinking: /home/winter24/gcamp_ros2_ws/install/mpu6050driver/share/mpu6050driver/package.xml
[0.750s] Invoked command in '/home/winter24/gcamp_ros2_ws/build/mpu6050driver' returned '0': CMAKE_PREFIX_PATH=${CMAKE_PREFIX_PATH}:/opt/ros/foxy /usr/bin/cmake --install /home/winter24/gcamp_ros2_ws/build/mpu6050driver
