[0.368s] Invoking command in '/home/winter24/gcamp_ros2_ws/tf2_web_republisher_py/tf2_web_republisher_py': PYTHONPATH=/home/winter24/gcamp_ros2_ws/build/tf2_web_republisher_py/prefix_override:/home/winter24/gcamp_ros2_ws/install/tf2_web_republisher_py/lib/python3.8/site-packages:${PYTHONPATH} /usr/bin/python3 setup.py egg_info --egg-base ../../build/tf2_web_republisher_py build --build-base /home/winter24/gcamp_ros2_ws/build/tf2_web_republisher_py/build install --record /home/winter24/gcamp_ros2_ws/build/tf2_web_republisher_py/install.log --install-scripts $base/lib/tf2_web_republisher_py --single-version-externally-managed
[0.469s] running egg_info
[0.469s] creating ../../build/tf2_web_republisher_py/tf2_web_republisher_py.egg-info
[0.469s] writing ../../build/tf2_web_republisher_py/tf2_web_republisher_py.egg-info/PKG-INFO
[0.469s] writing dependency_links to ../../build/tf2_web_republisher_py/tf2_web_republisher_py.egg-info/dependency_links.txt
[0.469s] writing entry points to ../../build/tf2_web_republisher_py/tf2_web_republisher_py.egg-info/entry_points.txt
[0.470s] writing requirements to ../../build/tf2_web_republisher_py/tf2_web_republisher_py.egg-info/requires.txt
[0.470s] writing top-level names to ../../build/tf2_web_republisher_py/tf2_web_republisher_py.egg-info/top_level.txt
[0.470s] writing manifest file '../../build/tf2_web_republisher_py/tf2_web_republisher_py.egg-info/SOURCES.txt'
[0.487s] reading manifest file '../../build/tf2_web_republisher_py/tf2_web_republisher_py.egg-info/SOURCES.txt'
[0.488s] writing manifest file '../../build/tf2_web_republisher_py/tf2_web_republisher_py.egg-info/SOURCES.txt'
[0.488s] running build
[0.488s] running build_py
[0.488s] creating /home/winter24/gcamp_ros2_ws/build/tf2_web_republisher_py/build
[0.488s] creating /home/winter24/gcamp_ros2_ws/build/tf2_web_republisher_py/build/lib
[0.488s] creating /home/winter24/gcamp_ros2_ws/build/tf2_web_republisher_py/build/lib/tf2_web_republisher_py
[0.488s] copying tf2_web_republisher_py/tf_pair.py -> /home/winter24/gcamp_ros2_ws/build/tf2_web_republisher_py/build/lib/tf2_web_republisher_py
[0.488s] copying tf2_web_republisher_py/tf2_web_republisher_py.py -> /home/winter24/gcamp_ros2_ws/build/tf2_web_republisher_py/build/lib/tf2_web_republisher_py
[0.488s] copying tf2_web_republisher_py/__init__.py -> /home/winter24/gcamp_ros2_ws/build/tf2_web_republisher_py/build/lib/tf2_web_republisher_py
[0.488s] running install
[0.488s] running install_lib
[0.489s] creating /home/winter24/gcamp_ros2_ws/install/tf2_web_republisher_py/lib/python3.8/site-packages/tf2_web_republisher_py
[0.489s] copying /home/winter24/gcamp_ros2_ws/build/tf2_web_republisher_py/build/lib/tf2_web_republisher_py/tf_pair.py -> /home/winter24/gcamp_ros2_ws/install/tf2_web_republisher_py/lib/python3.8/site-packages/tf2_web_republisher_py
[0.489s] copying /home/winter24/gcamp_ros2_ws/build/tf2_web_republisher_py/build/lib/tf2_web_republisher_py/tf2_web_republisher_py.py -> /home/winter24/gcamp_ros2_ws/install/tf2_web_republisher_py/lib/python3.8/site-packages/tf2_web_republisher_py
[0.489s] copying /home/winter24/gcamp_ros2_ws/build/tf2_web_republisher_py/build/lib/tf2_web_republisher_py/__init__.py -> /home/winter24/gcamp_ros2_ws/install/tf2_web_republisher_py/lib/python3.8/site-packages/tf2_web_republisher_py
[0.489s] byte-compiling /home/winter24/gcamp_ros2_ws/install/tf2_web_republisher_py/lib/python3.8/site-packages/tf2_web_republisher_py/tf_pair.py to tf_pair.cpython-38.pyc
[0.490s] byte-compiling /home/winter24/gcamp_ros2_ws/install/tf2_web_republisher_py/lib/python3.8/site-packages/tf2_web_republisher_py/tf2_web_republisher_py.py to tf2_web_republisher_py.cpython-38.pyc
[0.491s] byte-compiling /home/winter24/gcamp_ros2_ws/install/tf2_web_republisher_py/lib/python3.8/site-packages/tf2_web_republisher_py/__init__.py to __init__.cpython-38.pyc
[0.491s] running install_data
[0.491s] creating /home/winter24/gcamp_ros2_ws/install/tf2_web_republisher_py/share/ament_index
[0.491s] creating /home/winter24/gcamp_ros2_ws/install/tf2_web_republisher_py/share/ament_index/resource_index
[0.491s] creating /home/winter24/gcamp_ros2_ws/install/tf2_web_republisher_py/share/ament_index/resource_index/packages
[0.491s] copying resource/tf2_web_republisher_py -> /home/winter24/gcamp_ros2_ws/install/tf2_web_republisher_py/share/ament_index/resource_index/packages
[0.491s] copying package.xml -> /home/winter24/gcamp_ros2_ws/install/tf2_web_republisher_py/share/tf2_web_republisher_py
[0.492s] running install_egg_info
[0.492s] Copying ../../build/tf2_web_republisher_py/tf2_web_republisher_py.egg-info to /home/winter24/gcamp_ros2_ws/install/tf2_web_republisher_py/lib/python3.8/site-packages/tf2_web_republisher_py-0.0.0-py3.8.egg-info
[0.492s] running install_scripts
[0.502s] Installing tf2_web_republisher script to /home/winter24/gcamp_ros2_ws/install/tf2_web_republisher_py/lib/tf2_web_republisher_py
[0.502s] writing list of installed files to '/home/winter24/gcamp_ros2_ws/build/tf2_web_republisher_py/install.log'
[0.515s] Invoked command in '/home/winter24/gcamp_ros2_ws/tf2_web_republisher_py/tf2_web_republisher_py' returned '0': PYTHONPATH=/home/winter24/gcamp_ros2_ws/build/tf2_web_republisher_py/prefix_override:/home/winter24/gcamp_ros2_ws/install/tf2_web_republisher_py/lib/python3.8/site-packages:${PYTHONPATH} /usr/bin/python3 setup.py egg_info --egg-base ../../build/tf2_web_republisher_py build --build-base /home/winter24/gcamp_ros2_ws/build/tf2_web_republisher_py/build install --record /home/winter24/gcamp_ros2_ws/build/tf2_web_republisher_py/install.log --install-scripts $base/lib/tf2_web_republisher_py --single-version-externally-managed
