[1.919s] Invoking command in '/home/winter24/gcamp_ros2_ws/ball_tracker': PYTHONPATH=/home/winter24/gcamp_ros2_ws/build/ball_tracker/prefix_override:/home/winter24/gcamp_ros2_ws/install/ball_tracker/lib/python3.8/site-packages:${PYTHONPATH} /usr/bin/python3 setup.py egg_info --egg-base ../build/ball_tracker build --build-base /home/winter24/gcamp_ros2_ws/build/ball_tracker/build install --record /home/winter24/gcamp_ros2_ws/build/ball_tracker/install.log --install-scripts $base/lib/ball_tracker --single-version-externally-managed
[2.330s] running egg_info
[2.330s] creating ../build/ball_tracker/ball_tracker.egg-info
[2.331s] writing ../build/ball_tracker/ball_tracker.egg-info/PKG-INFO
[2.331s] writing dependency_links to ../build/ball_tracker/ball_tracker.egg-info/dependency_links.txt
[2.331s] writing entry points to ../build/ball_tracker/ball_tracker.egg-info/entry_points.txt
[2.331s] writing requirements to ../build/ball_tracker/ball_tracker.egg-info/requires.txt
[2.331s] writing top-level names to ../build/ball_tracker/ball_tracker.egg-info/top_level.txt
[2.331s] writing manifest file '../build/ball_tracker/ball_tracker.egg-info/SOURCES.txt'
[2.331s] reading manifest file '../build/ball_tracker/ball_tracker.egg-info/SOURCES.txt'
[2.331s] writing manifest file '../build/ball_tracker/ball_tracker.egg-info/SOURCES.txt'
[2.331s] running build
[2.331s] running build_py
[2.331s] creating /home/winter24/gcamp_ros2_ws/build/ball_tracker/build
[2.331s] creating /home/winter24/gcamp_ros2_ws/build/ball_tracker/build/lib
[2.331s] creating /home/winter24/gcamp_ros2_ws/build/ball_tracker/build/lib/ball_tracker
[2.331s] copying ball_tracker/detect_ball_3d.py -> /home/winter24/gcamp_ros2_ws/build/ball_tracker/build/lib/ball_tracker
[2.331s] copying ball_tracker/follow_ball.py -> /home/winter24/gcamp_ros2_ws/build/ball_tracker/build/lib/ball_tracker
[2.331s] copying ball_tracker/process_image.py -> /home/winter24/gcamp_ros2_ws/build/ball_tracker/build/lib/ball_tracker
[2.331s] copying ball_tracker/detect_ball.py -> /home/winter24/gcamp_ros2_ws/build/ball_tracker/build/lib/ball_tracker
[2.331s] copying ball_tracker/__init__.py -> /home/winter24/gcamp_ros2_ws/build/ball_tracker/build/lib/ball_tracker
[2.331s] running install
[2.331s] running install_lib
[2.332s] creating /home/winter24/gcamp_ros2_ws/install/ball_tracker/lib/python3.8/site-packages/ball_tracker
[2.332s] copying /home/winter24/gcamp_ros2_ws/build/ball_tracker/build/lib/ball_tracker/detect_ball_3d.py -> /home/winter24/gcamp_ros2_ws/install/ball_tracker/lib/python3.8/site-packages/ball_tracker
[2.332s] copying /home/winter24/gcamp_ros2_ws/build/ball_tracker/build/lib/ball_tracker/follow_ball.py -> /home/winter24/gcamp_ros2_ws/install/ball_tracker/lib/python3.8/site-packages/ball_tracker
[2.332s] copying /home/winter24/gcamp_ros2_ws/build/ball_tracker/build/lib/ball_tracker/process_image.py -> /home/winter24/gcamp_ros2_ws/install/ball_tracker/lib/python3.8/site-packages/ball_tracker
[2.332s] copying /home/winter24/gcamp_ros2_ws/build/ball_tracker/build/lib/ball_tracker/detect_ball.py -> /home/winter24/gcamp_ros2_ws/install/ball_tracker/lib/python3.8/site-packages/ball_tracker
[2.332s] copying /home/winter24/gcamp_ros2_ws/build/ball_tracker/build/lib/ball_tracker/__init__.py -> /home/winter24/gcamp_ros2_ws/install/ball_tracker/lib/python3.8/site-packages/ball_tracker
[2.332s] byte-compiling /home/winter24/gcamp_ros2_ws/install/ball_tracker/lib/python3.8/site-packages/ball_tracker/detect_ball_3d.py to detect_ball_3d.cpython-38.pyc
[2.332s] byte-compiling /home/winter24/gcamp_ros2_ws/install/ball_tracker/lib/python3.8/site-packages/ball_tracker/follow_ball.py to follow_ball.cpython-38.pyc
[2.332s] byte-compiling /home/winter24/gcamp_ros2_ws/install/ball_tracker/lib/python3.8/site-packages/ball_tracker/process_image.py to process_image.cpython-38.pyc
[2.332s] byte-compiling /home/winter24/gcamp_ros2_ws/install/ball_tracker/lib/python3.8/site-packages/ball_tracker/detect_ball.py to detect_ball.cpython-38.pyc
[2.332s] byte-compiling /home/winter24/gcamp_ros2_ws/install/ball_tracker/lib/python3.8/site-packages/ball_tracker/__init__.py to __init__.cpython-38.pyc
[2.332s] running install_data
[2.332s] creating /home/winter24/gcamp_ros2_ws/install/ball_tracker/share/ament_index
[2.332s] creating /home/winter24/gcamp_ros2_ws/install/ball_tracker/share/ament_index/resource_index
[2.332s] creating /home/winter24/gcamp_ros2_ws/install/ball_tracker/share/ament_index/resource_index/packages
[2.332s] copying resource/ball_tracker -> /home/winter24/gcamp_ros2_ws/install/ball_tracker/share/ament_index/resource_index/packages
[2.332s] copying package.xml -> /home/winter24/gcamp_ros2_ws/install/ball_tracker/share/ball_tracker
[2.332s] creating /home/winter24/gcamp_ros2_ws/install/ball_tracker/share/ball_tracker/launch
[2.332s] copying launch/example_launch_include.launch.py -> /home/winter24/gcamp_ros2_ws/install/ball_tracker/share/ball_tracker/launch
[2.332s] copying launch/ball_tracker.launch.py -> /home/winter24/gcamp_ros2_ws/install/ball_tracker/share/ball_tracker/launch
[2.332s] creating /home/winter24/gcamp_ros2_ws/install/ball_tracker/share/ball_tracker/config
[2.332s] copying config/ball_tracker_params_example.yaml -> /home/winter24/gcamp_ros2_ws/install/ball_tracker/share/ball_tracker/config
[2.332s] running install_egg_info
[2.332s] Copying ../build/ball_tracker/ball_tracker.egg-info to /home/winter24/gcamp_ros2_ws/install/ball_tracker/lib/python3.8/site-packages/ball_tracker-0.0.0-py3.8.egg-info
[2.332s] running install_scripts
[2.333s] Installing detect_ball script to /home/winter24/gcamp_ros2_ws/install/ball_tracker/lib/ball_tracker
[2.333s] Installing detect_ball_3d script to /home/winter24/gcamp_ros2_ws/install/ball_tracker/lib/ball_tracker
[2.333s] Installing follow_ball script to /home/winter24/gcamp_ros2_ws/install/ball_tracker/lib/ball_tracker
[2.333s] writing list of installed files to '/home/winter24/gcamp_ros2_ws/build/ball_tracker/install.log'
[2.624s] Invoked command in '/home/winter24/gcamp_ros2_ws/ball_tracker' returned '0': PYTHONPATH=/home/winter24/gcamp_ros2_ws/build/ball_tracker/prefix_override:/home/winter24/gcamp_ros2_ws/install/ball_tracker/lib/python3.8/site-packages:${PYTHONPATH} /usr/bin/python3 setup.py egg_info --egg-base ../build/ball_tracker build --build-base /home/winter24/gcamp_ros2_ws/build/ball_tracker/build install --record /home/winter24/gcamp_ros2_ws/build/ball_tracker/install.log --install-scripts $base/lib/ball_tracker --single-version-externally-managed
